<?xml version="1.0" encoding="UTF-8"?>
<testsuite name="mw.chat.reactor.operators.IfEmptyOperatorTest" tests="1" skipped="0" failures="0" errors="0" timestamp="2021-05-09T06:42:27" hostname="APS00087715-MB" time="0.174">
  <properties/>
  <testcase name="Should emit default value when stream is empty" classname="mw.chat.reactor.operators.IfEmptyOperatorTest" time="0.174"/>
  <system-out><![CDATA[08:42:27.679 [Test worker] DEBUG reactor.util.Loggers - Using Slf4j logging framework
Test worker => => DefaultSimpleSubscriber Received : -100
Test worker => => DefaultSimpleSubscriber Completed
]]></system-out>
  <system-err><![CDATA[]]></system-err>
</testsuite>
