<?xml version="1.0" encoding="UTF-8"?>
<testsuite name="mw.chat.reactor.backpressure.BackpressureDropStrategySmallBufferTest" tests="1" skipped="0" failures="0" errors="0" timestamp="2021-05-26T20:41:59" hostname="APS00087715-MB" time="60.551">
  <properties/>
  <testcase name="Should emit complete signal when queue is overloaded" classname="mw.chat.reactor.backpressure.BackpressureDropStrategySmallBufferTest" time="60.551"/>
  <system-out><![CDATA[22:41:59.317 [Test worker] DEBUG reactor.util.Loggers - Using Slf4j logging framework
22:41:59.350 [Test worker] INFO mw.chat.reactor.backpressure.BackpressureDropStrategySmallBufferTest - Pushed=>1
22:41:59.353 [Test worker] INFO mw.chat.reactor.backpressure.BackpressureDropStrategySmallBufferTest - Pushed=>2
22:41:59.355 [Test worker] INFO mw.chat.reactor.backpressure.BackpressureDropStrategySmallBufferTest - Pushed=>3
22:41:59.357 [Test worker] INFO mw.chat.reactor.backpressure.BackpressureDropStrategySmallBufferTest - Pushed=>4
22:41:59.360 [Test worker] INFO mw.chat.reactor.backpressure.BackpressureDropStrategySmallBufferTest - Pushed=>5
boundedElastic-1 => => DefaultSimpleSubscriber Received : 1
22:41:59.362 [Test worker] INFO mw.chat.reactor.backpressure.BackpressureDropStrategySmallBufferTest - Pushed=>6
22:41:59.365 [Test worker] INFO mw.chat.reactor.backpressure.BackpressureDropStrategySmallBufferTest - Pushed=>7
22:41:59.367 [Test worker] INFO mw.chat.reactor.backpressure.BackpressureDropStrategySmallBufferTest - Pushed=>8
22:41:59.369 [Test worker] INFO mw.chat.reactor.backpressure.BackpressureDropStrategySmallBufferTest - Pushed=>9
22:41:59.371 [Test worker] INFO mw.chat.reactor.backpressure.BackpressureDropStrategySmallBufferTest - Pushed=>10
boundedElastic-1 => => DefaultSimpleSubscriber Received : 2
22:41:59.374 [Test worker] INFO mw.chat.reactor.backpressure.BackpressureDropStrategySmallBufferTest - Pushed=>11
22:41:59.376 [Test worker] INFO mw.chat.reactor.backpressure.BackpressureDropStrategySmallBufferTest - Pushed=>12
22:41:59.378 [Test worker] INFO mw.chat.reactor.backpressure.BackpressureDropStrategySmallBufferTest - Pushed=>13
22:41:59.381 [Test worker] INFO mw.chat.reactor.backpressure.BackpressureDropStrategySmallBufferTest - Pushed=>14
22:41:59.385 [Test worker] INFO mw.chat.reactor.backpressure.BackpressureDropStrategySmallBufferTest - Pushed=>15
boundedElastic-1 => => DefaultSimpleSubscriber Received : 3
22:41:59.387 [Test worker] INFO mw.chat.reactor.backpressure.BackpressureDropStrategySmallBufferTest - Pushed=>16
22:41:59.389 [Test worker] INFO mw.chat.reactor.backpressure.BackpressureDropStrategySmallBufferTest - Dropped=>17
22:41:59.389 [Test worker] INFO mw.chat.reactor.backpressure.BackpressureDropStrategySmallBufferTest - Pushed=>17
22:41:59.391 [Test worker] INFO mw.chat.reactor.backpressure.BackpressureDropStrategySmallBufferTest - Dropped=>18
22:41:59.391 [Test worker] INFO mw.chat.reactor.backpressure.BackpressureDropStrategySmallBufferTest - Pushed=>18
22:41:59.394 [Test worker] INFO mw.chat.reactor.backpressure.BackpressureDropStrategySmallBufferTest - Dropped=>19
22:41:59.394 [Test worker] INFO mw.chat.reactor.backpressure.BackpressureDropStrategySmallBufferTest - Pushed=>19
22:41:59.396 [Test worker] INFO mw.chat.reactor.backpressure.BackpressureDropStrategySmallBufferTest - Dropped=>20
boundedElastic-1 => => DefaultSimpleSubscriber Received : 4
22:41:59.396 [Test worker] INFO mw.chat.reactor.backpressure.BackpressureDropStrategySmallBufferTest - Pushed=>20
22:41:59.398 [Test worker] INFO mw.chat.reactor.backpressure.BackpressureDropStrategySmallBufferTest - Dropped=>21
22:41:59.398 [Test worker] INFO mw.chat.reactor.backpressure.BackpressureDropStrategySmallBufferTest - Pushed=>21
22:41:59.401 [Test worker] INFO mw.chat.reactor.backpressure.BackpressureDropStrategySmallBufferTest - Dropped=>22
22:41:59.401 [Test worker] INFO mw.chat.reactor.backpressure.BackpressureDropStrategySmallBufferTest - Pushed=>22
22:41:59.404 [Test worker] INFO mw.chat.reactor.backpressure.BackpressureDropStrategySmallBufferTest - Dropped=>23
22:41:59.404 [Test worker] INFO mw.chat.reactor.backpressure.BackpressureDropStrategySmallBufferTest - Pushed=>23
22:41:59.406 [Test worker] INFO mw.chat.reactor.backpressure.BackpressureDropStrategySmallBufferTest - Dropped=>24
22:41:59.406 [Test worker] INFO mw.chat.reactor.backpressure.BackpressureDropStrategySmallBufferTest - Pushed=>24
22:41:59.408 [Test worker] INFO mw.chat.reactor.backpressure.BackpressureDropStrategySmallBufferTest - Dropped=>25
22:41:59.408 [Test worker] INFO mw.chat.reactor.backpressure.BackpressureDropStrategySmallBufferTest - Pushed=>25
boundedElastic-1 => => DefaultSimpleSubscriber Received : 5
22:41:59.410 [Test worker] INFO mw.chat.reactor.backpressure.BackpressureDropStrategySmallBufferTest - Dropped=>26
22:41:59.410 [Test worker] INFO mw.chat.reactor.backpressure.BackpressureDropStrategySmallBufferTest - Pushed=>26
22:41:59.412 [Test worker] INFO mw.chat.reactor.backpressure.BackpressureDropStrategySmallBufferTest - Dropped=>27
22:41:59.412 [Test worker] INFO mw.chat.reactor.backpressure.BackpressureDropStrategySmallBufferTest - Pushed=>27
22:41:59.415 [Test worker] INFO mw.chat.reactor.backpressure.BackpressureDropStrategySmallBufferTest - Dropped=>28
22:41:59.415 [Test worker] INFO mw.chat.reactor.backpressure.BackpressureDropStrategySmallBufferTest - Pushed=>28
22:41:59.417 [Test worker] INFO mw.chat.reactor.backpressure.BackpressureDropStrategySmallBufferTest - Dropped=>29
22:41:59.417 [Test worker] INFO mw.chat.reactor.backpressure.BackpressureDropStrategySmallBufferTest - Pushed=>29
22:41:59.420 [Test worker] INFO mw.chat.reactor.backpressure.BackpressureDropStrategySmallBufferTest - Dropped=>30
22:41:59.420 [Test worker] INFO mw.chat.reactor.backpressure.BackpressureDropStrategySmallBufferTest - Pushed=>30
boundedElastic-1 => => DefaultSimpleSubscriber Received : 6
22:41:59.423 [Test worker] INFO mw.chat.reactor.backpressure.BackpressureDropStrategySmallBufferTest - Dropped=>31
22:41:59.423 [Test worker] INFO mw.chat.reactor.backpressure.BackpressureDropStrategySmallBufferTest - Pushed=>31
22:41:59.425 [Test worker] INFO mw.chat.reactor.backpressure.BackpressureDropStrategySmallBufferTest - Dropped=>32
22:41:59.425 [Test worker] INFO mw.chat.reactor.backpressure.BackpressureDropStrategySmallBufferTest - Pushed=>32
22:41:59.427 [Test worker] INFO mw.chat.reactor.backpressure.BackpressureDropStrategySmallBufferTest - Dropped=>33
22:41:59.427 [Test worker] INFO mw.chat.reactor.backpressure.BackpressureDropStrategySmallBufferTest - Pushed=>33
22:41:59.429 [Test worker] INFO mw.chat.reactor.backpressure.BackpressureDropStrategySmallBufferTest - Dropped=>34
22:41:59.429 [Test worker] INFO mw.chat.reactor.backpressure.BackpressureDropStrategySmallBufferTest - Pushed=>34
22:41:59.431 [Test worker] INFO mw.chat.reactor.backpressure.BackpressureDropStrategySmallBufferTest - Dropped=>35
22:41:59.431 [Test worker] INFO mw.chat.reactor.backpressure.BackpressureDropStrategySmallBufferTest - Pushed=>35
boundedElastic-1 => => DefaultSimpleSubscriber Received : 7
22:41:59.433 [Test worker] INFO mw.chat.reactor.backpressure.BackpressureDropStrategySmallBufferTest - Dropped=>36
22:41:59.433 [Test worker] INFO mw.chat.reactor.backpressure.BackpressureDropStrategySmallBufferTest - Pushed=>36
22:41:59.435 [Test worker] INFO mw.chat.reactor.backpressure.BackpressureDropStrategySmallBufferTest - Dropped=>37
22:41:59.435 [Test worker] INFO mw.chat.reactor.backpressure.BackpressureDropStrategySmallBufferTest - Pushed=>37
22:41:59.437 [Test worker] INFO mw.chat.reactor.backpressure.BackpressureDropStrategySmallBufferTest - Dropped=>38
22:41:59.437 [Test worker] INFO mw.chat.reactor.backpressure.BackpressureDropStrategySmallBufferTest - Pushed=>38
22:41:59.439 [Test worker] INFO mw.chat.reactor.backpressure.BackpressureDropStrategySmallBufferTest - Dropped=>39
22:41:59.439 [Test worker] INFO mw.chat.reactor.backpressure.BackpressureDropStrategySmallBufferTest - Pushed=>39
22:41:59.442 [Test worker] INFO mw.chat.reactor.backpressure.BackpressureDropStrategySmallBufferTest - Dropped=>40
22:41:59.442 [Test worker] INFO mw.chat.reactor.backpressure.BackpressureDropStrategySmallBufferTest - Pushed=>40
boundedElastic-1 => => DefaultSimpleSubscriber Received : 8
22:41:59.445 [Test worker] INFO mw.chat.reactor.backpressure.BackpressureDropStrategySmallBufferTest - Dropped=>41
22:41:59.445 [Test worker] INFO mw.chat.reactor.backpressure.BackpressureDropStrategySmallBufferTest - Pushed=>41
22:41:59.447 [Test worker] INFO mw.chat.reactor.backpressure.BackpressureDropStrategySmallBufferTest - Dropped=>42
22:41:59.447 [Test worker] INFO mw.chat.reactor.backpressure.BackpressureDropStrategySmallBufferTest - Pushed=>42
22:41:59.449 [Test worker] INFO mw.chat.reactor.backpressure.BackpressureDropStrategySmallBufferTest - Dropped=>43
22:41:59.449 [Test worker] INFO mw.chat.reactor.backpressure.BackpressureDropStrategySmallBufferTest - Pushed=>43
22:41:59.451 [Test worker] INFO mw.chat.reactor.backpressure.BackpressureDropStrategySmallBufferTest - Dropped=>44
22:41:59.451 [Test worker] INFO mw.chat.reactor.backpressure.BackpressureDropStrategySmallBufferTest - Pushed=>44
22:41:59.453 [Test worker] INFO mw.chat.reactor.backpressure.BackpressureDropStrategySmallBufferTest - Dropped=>45
22:41:59.453 [Test worker] INFO mw.chat.reactor.backpressure.BackpressureDropStrategySmallBufferTest - Pushed=>45
22:41:59.455 [Test worker] INFO mw.chat.reactor.backpressure.BackpressureDropStrategySmallBufferTest - Dropped=>46
22:41:59.455 [Test worker] INFO mw.chat.reactor.backpressure.BackpressureDropStrategySmallBufferTest - Pushed=>46
boundedElastic-1 => => DefaultSimpleSubscriber Received : 9
22:41:59.458 [Test worker] INFO mw.chat.reactor.backpressure.BackpressureDropStrategySmallBufferTest - Dropped=>47
22:41:59.458 [Test worker] INFO mw.chat.reactor.backpressure.BackpressureDropStrategySmallBufferTest - Pushed=>47
22:41:59.461 [Test worker] INFO mw.chat.reactor.backpressure.BackpressureDropStrategySmallBufferTest - Dropped=>48
22:41:59.461 [Test worker] INFO mw.chat.reactor.backpressure.BackpressureDropStrategySmallBufferTest - Pushed=>48
22:41:59.464 [Test worker] INFO mw.chat.reactor.backpressure.BackpressureDropStrategySmallBufferTest - Dropped=>49
22:41:59.464 [Test worker] INFO mw.chat.reactor.backpressure.BackpressureDropStrategySmallBufferTest - Pushed=>49
22:41:59.466 [Test worker] INFO mw.chat.reactor.backpressure.BackpressureDropStrategySmallBufferTest - Dropped=>50
22:41:59.466 [Test worker] INFO mw.chat.reactor.backpressure.BackpressureDropStrategySmallBufferTest - Pushed=>50
boundedElastic-1 => => DefaultSimpleSubscriber Received : 10
22:41:59.468 [Test worker] INFO mw.chat.reactor.backpressure.BackpressureDropStrategySmallBufferTest - Dropped=>51
22:41:59.468 [Test worker] INFO mw.chat.reactor.backpressure.BackpressureDropStrategySmallBufferTest - Pushed=>51
22:41:59.470 [Test worker] INFO mw.chat.reactor.backpressure.BackpressureDropStrategySmallBufferTest - Dropped=>52
22:41:59.470 [Test worker] INFO mw.chat.reactor.backpressure.BackpressureDropStrategySmallBufferTest - Pushed=>52
22:41:59.472 [Test worker] INFO mw.chat.reactor.backpressure.BackpressureDropStrategySmallBufferTest - Dropped=>53
22:41:59.472 [Test worker] INFO mw.chat.reactor.backpressure.BackpressureDropStrategySmallBufferTest - Pushed=>53
22:41:59.475 [Test worker] INFO mw.chat.reactor.backpressure.BackpressureDropStrategySmallBufferTest - Dropped=>54
22:41:59.475 [Test worker] INFO mw.chat.reactor.backpressure.BackpressureDropStrategySmallBufferTest - Pushed=>54
boundedElastic-1 => => DefaultSimpleSubscriber Received : 11
22:41:59.478 [Test worker] INFO mw.chat.reactor.backpressure.BackpressureDropStrategySmallBufferTest - Dropped=>55
22:41:59.478 [Test worker] INFO mw.chat.reactor.backpressure.BackpressureDropStrategySmallBufferTest - Pushed=>55
22:41:59.480 [Test worker] INFO mw.chat.reactor.backpressure.BackpressureDropStrategySmallBufferTest - Dropped=>56
22:41:59.480 [Test worker] INFO mw.chat.reactor.backpressure.BackpressureDropStrategySmallBufferTest - Pushed=>56
22:41:59.482 [Test worker] INFO mw.chat.reactor.backpressure.BackpressureDropStrategySmallBufferTest - Dropped=>57
22:41:59.482 [Test worker] INFO mw.chat.reactor.backpressure.BackpressureDropStrategySmallBufferTest - Pushed=>57
22:41:59.484 [Test worker] INFO mw.chat.reactor.backpressure.BackpressureDropStrategySmallBufferTest - Dropped=>58
22:41:59.484 [Test worker] INFO mw.chat.reactor.backpressure.BackpressureDropStrategySmallBufferTest - Pushed=>58
22:41:59.486 [Test worker] INFO mw.chat.reactor.backpressure.BackpressureDropStrategySmallBufferTest - Dropped=>59
22:41:59.486 [Test worker] INFO mw.chat.reactor.backpressure.BackpressureDropStrategySmallBufferTest - Pushed=>59
22:41:59.488 [Test worker] INFO mw.chat.reactor.backpressure.BackpressureDropStrategySmallBufferTest - Dropped=>60
boundedElastic-1 => => DefaultSimpleSubscriber Received : 12
22:41:59.488 [Test worker] INFO mw.chat.reactor.backpressure.BackpressureDropStrategySmallBufferTest - Pushed=>60
22:41:59.490 [Test worker] INFO mw.chat.reactor.backpressure.BackpressureDropStrategySmallBufferTest - Pushed=>61
22:41:59.492 [Test worker] INFO mw.chat.reactor.backpressure.BackpressureDropStrategySmallBufferTest - Pushed=>62
22:41:59.494 [Test worker] INFO mw.chat.reactor.backpressure.BackpressureDropStrategySmallBufferTest - Pushed=>63
22:41:59.496 [Test worker] INFO mw.chat.reactor.backpressure.BackpressureDropStrategySmallBufferTest - Pushed=>64
22:41:59.497 [Test worker] INFO mw.chat.reactor.backpressure.BackpressureDropStrategySmallBufferTest - Pushed=>65
22:41:59.499 [Test worker] INFO mw.chat.reactor.backpressure.BackpressureDropStrategySmallBufferTest - Pushed=>66
22:41:59.501 [Test worker] INFO mw.chat.reactor.backpressure.BackpressureDropStrategySmallBufferTest - Pushed=>67
22:41:59.503 [Test worker] INFO mw.chat.reactor.backpressure.BackpressureDropStrategySmallBufferTest - Pushed=>68
boundedElastic-1 => => DefaultSimpleSubscriber Received : 13
22:41:59.505 [Test worker] INFO mw.chat.reactor.backpressure.BackpressureDropStrategySmallBufferTest - Pushed=>69
22:41:59.507 [Test worker] INFO mw.chat.reactor.backpressure.BackpressureDropStrategySmallBufferTest - Pushed=>70
22:41:59.510 [Test worker] INFO mw.chat.reactor.backpressure.BackpressureDropStrategySmallBufferTest - Pushed=>71
22:41:59.512 [Test worker] INFO mw.chat.reactor.backpressure.BackpressureDropStrategySmallBufferTest - Pushed=>72
22:41:59.516 [Test worker] INFO mw.chat.reactor.backpressure.BackpressureDropStrategySmallBufferTest - Dropped=>73
boundedElastic-1 => => DefaultSimpleSubscriber Received : 14
22:41:59.516 [Test worker] INFO mw.chat.reactor.backpressure.BackpressureDropStrategySmallBufferTest - Pushed=>73
22:41:59.518 [Test worker] INFO mw.chat.reactor.backpressure.BackpressureDropStrategySmallBufferTest - Dropped=>74
22:41:59.518 [Test worker] INFO mw.chat.reactor.backpressure.BackpressureDropStrategySmallBufferTest - Pushed=>74
22:41:59.520 [Test worker] INFO mw.chat.reactor.backpressure.BackpressureDropStrategySmallBufferTest - Dropped=>75
22:41:59.520 [Test worker] INFO mw.chat.reactor.backpressure.BackpressureDropStrategySmallBufferTest - Pushed=>75
22:41:59.522 [Test worker] INFO mw.chat.reactor.backpressure.BackpressureDropStrategySmallBufferTest - Dropped=>76
22:41:59.522 [Test worker] INFO mw.chat.reactor.backpressure.BackpressureDropStrategySmallBufferTest - Pushed=>76
22:41:59.524 [Test worker] INFO mw.chat.reactor.backpressure.BackpressureDropStrategySmallBufferTest - Dropped=>77
22:41:59.524 [Test worker] INFO mw.chat.reactor.backpressure.BackpressureDropStrategySmallBufferTest - Pushed=>77
22:41:59.526 [Test worker] INFO mw.chat.reactor.backpressure.BackpressureDropStrategySmallBufferTest - Dropped=>78
22:41:59.526 [Test worker] INFO mw.chat.reactor.backpressure.BackpressureDropStrategySmallBufferTest - Pushed=>78
22:41:59.529 [Test worker] INFO mw.chat.reactor.backpressure.BackpressureDropStrategySmallBufferTest - Dropped=>79
22:41:59.529 [Test worker] INFO mw.chat.reactor.backpressure.BackpressureDropStrategySmallBufferTest - Pushed=>79
22:41:59.531 [Test worker] INFO mw.chat.reactor.backpressure.BackpressureDropStrategySmallBufferTest - Dropped=>80
22:41:59.531 [Test worker] INFO mw.chat.reactor.backpressure.BackpressureDropStrategySmallBufferTest - Pushed=>80
22:41:59.533 [Test worker] INFO mw.chat.reactor.backpressure.BackpressureDropStrategySmallBufferTest - Dropped=>81
22:41:59.533 [Test worker] INFO mw.chat.reactor.backpressure.BackpressureDropStrategySmallBufferTest - Pushed=>81
22:41:59.535 [Test worker] INFO mw.chat.reactor.backpressure.BackpressureDropStrategySmallBufferTest - Dropped=>82
22:41:59.535 [Test worker] INFO mw.chat.reactor.backpressure.BackpressureDropStrategySmallBufferTest - Pushed=>82
boundedElastic-1 => => DefaultSimpleSubscriber Received : 15
22:41:59.536 [Test worker] INFO mw.chat.reactor.backpressure.BackpressureDropStrategySmallBufferTest - Dropped=>83
22:41:59.536 [Test worker] INFO mw.chat.reactor.backpressure.BackpressureDropStrategySmallBufferTest - Pushed=>83
22:41:59.539 [Test worker] INFO mw.chat.reactor.backpressure.BackpressureDropStrategySmallBufferTest - Dropped=>84
22:41:59.539 [Test worker] INFO mw.chat.reactor.backpressure.BackpressureDropStrategySmallBufferTest - Pushed=>84
22:41:59.542 [Test worker] INFO mw.chat.reactor.backpressure.BackpressureDropStrategySmallBufferTest - Dropped=>85
22:41:59.542 [Test worker] INFO mw.chat.reactor.backpressure.BackpressureDropStrategySmallBufferTest - Pushed=>85
22:41:59.544 [Test worker] INFO mw.chat.reactor.backpressure.BackpressureDropStrategySmallBufferTest - Dropped=>86
22:41:59.544 [Test worker] INFO mw.chat.reactor.backpressure.BackpressureDropStrategySmallBufferTest - Pushed=>86
22:41:59.546 [Test worker] INFO mw.chat.reactor.backpressure.BackpressureDropStrategySmallBufferTest - Dropped=>87
22:41:59.546 [Test worker] INFO mw.chat.reactor.backpressure.BackpressureDropStrategySmallBufferTest - Pushed=>87
boundedElastic-1 => => DefaultSimpleSubscriber Received : 16
22:41:59.548 [Test worker] INFO mw.chat.reactor.backpressure.BackpressureDropStrategySmallBufferTest - Dropped=>88
22:41:59.548 [Test worker] INFO mw.chat.reactor.backpressure.BackpressureDropStrategySmallBufferTest - Pushed=>88
22:41:59.550 [Test worker] INFO mw.chat.reactor.backpressure.BackpressureDropStrategySmallBufferTest - Dropped=>89
22:41:59.550 [Test worker] INFO mw.chat.reactor.backpressure.BackpressureDropStrategySmallBufferTest - Pushed=>89
22:41:59.551 [Test worker] INFO mw.chat.reactor.backpressure.BackpressureDropStrategySmallBufferTest - Dropped=>90
22:41:59.551 [Test worker] INFO mw.chat.reactor.backpressure.BackpressureDropStrategySmallBufferTest - Pushed=>90
22:41:59.553 [Test worker] INFO mw.chat.reactor.backpressure.BackpressureDropStrategySmallBufferTest - Dropped=>91
22:41:59.553 [Test worker] INFO mw.chat.reactor.backpressure.BackpressureDropStrategySmallBufferTest - Pushed=>91
22:41:59.555 [Test worker] INFO mw.chat.reactor.backpressure.BackpressureDropStrategySmallBufferTest - Dropped=>92
22:41:59.555 [Test worker] INFO mw.chat.reactor.backpressure.BackpressureDropStrategySmallBufferTest - Pushed=>92
22:41:59.557 [Test worker] INFO mw.chat.reactor.backpressure.BackpressureDropStrategySmallBufferTest - Dropped=>93
boundedElastic-1 => => DefaultSimpleSubscriber Received : 61
22:41:59.557 [Test worker] INFO mw.chat.reactor.backpressure.BackpressureDropStrategySmallBufferTest - Pushed=>93
22:41:59.560 [Test worker] INFO mw.chat.reactor.backpressure.BackpressureDropStrategySmallBufferTest - Dropped=>94
22:41:59.560 [Test worker] INFO mw.chat.reactor.backpressure.BackpressureDropStrategySmallBufferTest - Pushed=>94
22:41:59.562 [Test worker] INFO mw.chat.reactor.backpressure.BackpressureDropStrategySmallBufferTest - Dropped=>95
22:41:59.562 [Test worker] INFO mw.chat.reactor.backpressure.BackpressureDropStrategySmallBufferTest - Pushed=>95
22:41:59.565 [Test worker] INFO mw.chat.reactor.backpressure.BackpressureDropStrategySmallBufferTest - Dropped=>96
22:41:59.565 [Test worker] INFO mw.chat.reactor.backpressure.BackpressureDropStrategySmallBufferTest - Pushed=>96
22:41:59.567 [Test worker] INFO mw.chat.reactor.backpressure.BackpressureDropStrategySmallBufferTest - Dropped=>97
22:41:59.567 [Test worker] INFO mw.chat.reactor.backpressure.BackpressureDropStrategySmallBufferTest - Pushed=>97
22:41:59.569 [Test worker] INFO mw.chat.reactor.backpressure.BackpressureDropStrategySmallBufferTest - Dropped=>98
22:41:59.569 [Test worker] INFO mw.chat.reactor.backpressure.BackpressureDropStrategySmallBufferTest - Pushed=>98
22:41:59.571 [Test worker] INFO mw.chat.reactor.backpressure.BackpressureDropStrategySmallBufferTest - Dropped=>99
22:41:59.571 [Test worker] INFO mw.chat.reactor.backpressure.BackpressureDropStrategySmallBufferTest - Pushed=>99
22:41:59.573 [Test worker] INFO mw.chat.reactor.backpressure.BackpressureDropStrategySmallBufferTest - Dropped=>100
22:41:59.573 [Test worker] INFO mw.chat.reactor.backpressure.BackpressureDropStrategySmallBufferTest - Pushed=>100
22:41:59.575 [Test worker] INFO mw.chat.reactor.backpressure.BackpressureDropStrategySmallBufferTest - Dropped=>101
22:41:59.575 [Test worker] INFO mw.chat.reactor.backpressure.BackpressureDropStrategySmallBufferTest - Pushed=>101
22:41:59.579 [Test worker] INFO mw.chat.reactor.backpressure.BackpressureDropStrategySmallBufferTest - Dropped=>102
22:41:59.579 [Test worker] INFO mw.chat.reactor.backpressure.BackpressureDropStrategySmallBufferTest - Pushed=>102
22:41:59.581 [Test worker] INFO mw.chat.reactor.backpressure.BackpressureDropStrategySmallBufferTest - Dropped=>103
boundedElastic-1 => => DefaultSimpleSubscriber Received : 62
22:41:59.581 [Test worker] INFO mw.chat.reactor.backpressure.BackpressureDropStrategySmallBufferTest - Pushed=>103
22:41:59.583 [Test worker] INFO mw.chat.reactor.backpressure.BackpressureDropStrategySmallBufferTest - Dropped=>104
22:41:59.583 [Test worker] INFO mw.chat.reactor.backpressure.BackpressureDropStrategySmallBufferTest - Pushed=>104
22:41:59.585 [Test worker] INFO mw.chat.reactor.backpressure.BackpressureDropStrategySmallBufferTest - Dropped=>105
22:41:59.585 [Test worker] INFO mw.chat.reactor.backpressure.BackpressureDropStrategySmallBufferTest - Pushed=>105
22:41:59.586 [Test worker] INFO mw.chat.reactor.backpressure.BackpressureDropStrategySmallBufferTest - Dropped=>106
22:41:59.586 [Test worker] INFO mw.chat.reactor.backpressure.BackpressureDropStrategySmallBufferTest - Pushed=>106
22:41:59.588 [Test worker] INFO mw.chat.reactor.backpressure.BackpressureDropStrategySmallBufferTest - Dropped=>107
22:41:59.588 [Test worker] INFO mw.chat.reactor.backpressure.BackpressureDropStrategySmallBufferTest - Pushed=>107
22:41:59.590 [Test worker] INFO mw.chat.reactor.backpressure.BackpressureDropStrategySmallBufferTest - Dropped=>108
22:41:59.590 [Test worker] INFO mw.chat.reactor.backpressure.BackpressureDropStrategySmallBufferTest - Pushed=>108
22:41:59.592 [Test worker] INFO mw.chat.reactor.backpressure.BackpressureDropStrategySmallBufferTest - Dropped=>109
22:41:59.592 [Test worker] INFO mw.chat.reactor.backpressure.BackpressureDropStrategySmallBufferTest - Pushed=>109
22:41:59.594 [Test worker] INFO mw.chat.reactor.backpressure.BackpressureDropStrategySmallBufferTest - Dropped=>110
22:41:59.594 [Test worker] INFO mw.chat.reactor.backpressure.BackpressureDropStrategySmallBufferTest - Pushed=>110
22:41:59.596 [Test worker] INFO mw.chat.reactor.backpressure.BackpressureDropStrategySmallBufferTest - Dropped=>111
22:41:59.596 [Test worker] INFO mw.chat.reactor.backpressure.BackpressureDropStrategySmallBufferTest - Pushed=>111
boundedElastic-1 => => DefaultSimpleSubscriber Received : 63
22:41:59.597 [Test worker] INFO mw.chat.reactor.backpressure.BackpressureDropStrategySmallBufferTest - Dropped=>112
22:41:59.597 [Test worker] INFO mw.chat.reactor.backpressure.BackpressureDropStrategySmallBufferTest - Pushed=>112
22:41:59.600 [Test worker] INFO mw.chat.reactor.backpressure.BackpressureDropStrategySmallBufferTest - Dropped=>113
22:41:59.600 [Test worker] INFO mw.chat.reactor.backpressure.BackpressureDropStrategySmallBufferTest - Pushed=>113
22:41:59.603 [Test worker] INFO mw.chat.reactor.backpressure.BackpressureDropStrategySmallBufferTest - Dropped=>114
22:41:59.603 [Test worker] INFO mw.chat.reactor.backpressure.BackpressureDropStrategySmallBufferTest - Pushed=>114
22:41:59.605 [Test worker] INFO mw.chat.reactor.backpressure.BackpressureDropStrategySmallBufferTest - Dropped=>115
22:41:59.605 [Test worker] INFO mw.chat.reactor.backpressure.BackpressureDropStrategySmallBufferTest - Pushed=>115
22:41:59.607 [Test worker] INFO mw.chat.reactor.backpressure.BackpressureDropStrategySmallBufferTest - Dropped=>116
22:41:59.607 [Test worker] INFO mw.chat.reactor.backpressure.BackpressureDropStrategySmallBufferTest - Pushed=>116
22:41:59.609 [Test worker] INFO mw.chat.reactor.backpressure.BackpressureDropStrategySmallBufferTest - Dropped=>117
boundedElastic-1 => => DefaultSimpleSubscriber Received : 64
22:41:59.609 [Test worker] INFO mw.chat.reactor.backpressure.BackpressureDropStrategySmallBufferTest - Pushed=>117
22:41:59.611 [Test worker] INFO mw.chat.reactor.backpressure.BackpressureDropStrategySmallBufferTest - Dropped=>118
22:41:59.611 [Test worker] INFO mw.chat.reactor.backpressure.BackpressureDropStrategySmallBufferTest - Pushed=>118
22:41:59.613 [Test worker] INFO mw.chat.reactor.backpressure.BackpressureDropStrategySmallBufferTest - Dropped=>119
22:41:59.613 [Test worker] INFO mw.chat.reactor.backpressure.BackpressureDropStrategySmallBufferTest - Pushed=>119
22:41:59.615 [Test worker] INFO mw.chat.reactor.backpressure.BackpressureDropStrategySmallBufferTest - Dropped=>120
22:41:59.615 [Test worker] INFO mw.chat.reactor.backpressure.BackpressureDropStrategySmallBufferTest - Pushed=>120
22:41:59.618 [Test worker] INFO mw.chat.reactor.backpressure.BackpressureDropStrategySmallBufferTest - Dropped=>121
22:41:59.618 [Test worker] INFO mw.chat.reactor.backpressure.BackpressureDropStrategySmallBufferTest - Pushed=>121
22:41:59.620 [Test worker] INFO mw.chat.reactor.backpressure.BackpressureDropStrategySmallBufferTest - Dropped=>122
22:41:59.620 [Test worker] INFO mw.chat.reactor.backpressure.BackpressureDropStrategySmallBufferTest - Pushed=>122
22:41:59.622 [Test worker] INFO mw.chat.reactor.backpressure.BackpressureDropStrategySmallBufferTest - Dropped=>123
22:41:59.622 [Test worker] INFO mw.chat.reactor.backpressure.BackpressureDropStrategySmallBufferTest - Pushed=>123
22:41:59.624 [Test worker] INFO mw.chat.reactor.backpressure.BackpressureDropStrategySmallBufferTest - Dropped=>124
22:41:59.624 [Test worker] INFO mw.chat.reactor.backpressure.BackpressureDropStrategySmallBufferTest - Pushed=>124
22:41:59.626 [Test worker] INFO mw.chat.reactor.backpressure.BackpressureDropStrategySmallBufferTest - Dropped=>125
22:41:59.626 [Test worker] INFO mw.chat.reactor.backpressure.BackpressureDropStrategySmallBufferTest - Pushed=>125
boundedElastic-1 => => DefaultSimpleSubscriber Received : 65
22:41:59.628 [Test worker] INFO mw.chat.reactor.backpressure.BackpressureDropStrategySmallBufferTest - Dropped=>126
22:41:59.628 [Test worker] INFO mw.chat.reactor.backpressure.BackpressureDropStrategySmallBufferTest - Pushed=>126
22:41:59.629 [Test worker] INFO mw.chat.reactor.backpressure.BackpressureDropStrategySmallBufferTest - Dropped=>127
22:41:59.629 [Test worker] INFO mw.chat.reactor.backpressure.BackpressureDropStrategySmallBufferTest - Pushed=>127
22:41:59.631 [Test worker] INFO mw.chat.reactor.backpressure.BackpressureDropStrategySmallBufferTest - Dropped=>128
22:41:59.631 [Test worker] INFO mw.chat.reactor.backpressure.BackpressureDropStrategySmallBufferTest - Pushed=>128
22:41:59.633 [Test worker] INFO mw.chat.reactor.backpressure.BackpressureDropStrategySmallBufferTest - Dropped=>129
22:41:59.633 [Test worker] INFO mw.chat.reactor.backpressure.BackpressureDropStrategySmallBufferTest - Pushed=>129
22:41:59.635 [Test worker] INFO mw.chat.reactor.backpressure.BackpressureDropStrategySmallBufferTest - Dropped=>130
22:41:59.635 [Test worker] INFO mw.chat.reactor.backpressure.BackpressureDropStrategySmallBufferTest - Pushed=>130
22:41:59.637 [Test worker] INFO mw.chat.reactor.backpressure.BackpressureDropStrategySmallBufferTest - Dropped=>131
22:41:59.637 [Test worker] INFO mw.chat.reactor.backpressure.BackpressureDropStrategySmallBufferTest - Pushed=>131
22:41:59.639 [Test worker] INFO mw.chat.reactor.backpressure.BackpressureDropStrategySmallBufferTest - Dropped=>132
boundedElastic-1 => => DefaultSimpleSubscriber Received : 66
22:41:59.639 [Test worker] INFO mw.chat.reactor.backpressure.BackpressureDropStrategySmallBufferTest - Pushed=>132
22:41:59.641 [Test worker] INFO mw.chat.reactor.backpressure.BackpressureDropStrategySmallBufferTest - Dropped=>133
22:41:59.641 [Test worker] INFO mw.chat.reactor.backpressure.BackpressureDropStrategySmallBufferTest - Pushed=>133
22:41:59.643 [Test worker] INFO mw.chat.reactor.backpressure.BackpressureDropStrategySmallBufferTest - Dropped=>134
22:41:59.643 [Test worker] INFO mw.chat.reactor.backpressure.BackpressureDropStrategySmallBufferTest - Pushed=>134
22:41:59.645 [Test worker] INFO mw.chat.reactor.backpressure.BackpressureDropStrategySmallBufferTest - Dropped=>135
22:41:59.645 [Test worker] INFO mw.chat.reactor.backpressure.BackpressureDropStrategySmallBufferTest - Pushed=>135
22:41:59.647 [Test worker] INFO mw.chat.reactor.backpressure.BackpressureDropStrategySmallBufferTest - Dropped=>136
22:41:59.647 [Test worker] INFO mw.chat.reactor.backpressure.BackpressureDropStrategySmallBufferTest - Pushed=>136
22:41:59.650 [Test worker] INFO mw.chat.reactor.backpressure.BackpressureDropStrategySmallBufferTest - Dropped=>137
22:41:59.650 [Test worker] INFO mw.chat.reactor.backpressure.BackpressureDropStrategySmallBufferTest - Pushed=>137
22:41:59.652 [Test worker] INFO mw.chat.reactor.backpressure.BackpressureDropStrategySmallBufferTest - Dropped=>138
22:41:59.652 [Test worker] INFO mw.chat.reactor.backpressure.BackpressureDropStrategySmallBufferTest - Pushed=>138
22:41:59.654 [Test worker] INFO mw.chat.reactor.backpressure.BackpressureDropStrategySmallBufferTest - Dropped=>139
22:41:59.654 [Test worker] INFO mw.chat.reactor.backpressure.BackpressureDropStrategySmallBufferTest - Pushed=>139
22:41:59.657 [Test worker] INFO mw.chat.reactor.backpressure.BackpressureDropStrategySmallBufferTest - Dropped=>140
22:41:59.657 [Test worker] INFO mw.chat.reactor.backpressure.BackpressureDropStrategySmallBufferTest - Pushed=>140
22:41:59.659 [Test worker] INFO mw.chat.reactor.backpressure.BackpressureDropStrategySmallBufferTest - Dropped=>141
22:41:59.659 [Test worker] INFO mw.chat.reactor.backpressure.BackpressureDropStrategySmallBufferTest - Pushed=>141
boundedElastic-1 => => DefaultSimpleSubscriber Received : 67
22:41:59.662 [Test worker] INFO mw.chat.reactor.backpressure.BackpressureDropStrategySmallBufferTest - Dropped=>142
22:41:59.662 [Test worker] INFO mw.chat.reactor.backpressure.BackpressureDropStrategySmallBufferTest - Pushed=>142
22:41:59.664 [Test worker] INFO mw.chat.reactor.backpressure.BackpressureDropStrategySmallBufferTest - Dropped=>143
22:41:59.664 [Test worker] INFO mw.chat.reactor.backpressure.BackpressureDropStrategySmallBufferTest - Pushed=>143
22:41:59.666 [Test worker] INFO mw.chat.reactor.backpressure.BackpressureDropStrategySmallBufferTest - Dropped=>144
22:41:59.666 [Test worker] INFO mw.chat.reactor.backpressure.BackpressureDropStrategySmallBufferTest - Pushed=>144
22:41:59.668 [Test worker] INFO mw.chat.reactor.backpressure.BackpressureDropStrategySmallBufferTest - Dropped=>145
22:41:59.668 [Test worker] INFO mw.chat.reactor.backpressure.BackpressureDropStrategySmallBufferTest - Pushed=>145
22:41:59.670 [Test worker] INFO mw.chat.reactor.backpressure.BackpressureDropStrategySmallBufferTest - Dropped=>146
22:41:59.670 [Test worker] INFO mw.chat.reactor.backpressure.BackpressureDropStrategySmallBufferTest - Pushed=>146
boundedElastic-1 => => DefaultSimpleSubscriber Received : 68
22:41:59.672 [Test worker] INFO mw.chat.reactor.backpressure.BackpressureDropStrategySmallBufferTest - Pushed=>147
22:41:59.673 [Test worker] INFO mw.chat.reactor.backpressure.BackpressureDropStrategySmallBufferTest - Pushed=>148
22:41:59.675 [Test worker] INFO mw.chat.reactor.backpressure.BackpressureDropStrategySmallBufferTest - Pushed=>149
22:41:59.679 [Test worker] INFO mw.chat.reactor.backpressure.BackpressureDropStrategySmallBufferTest - Pushed=>150
22:41:59.680 [Test worker] INFO mw.chat.reactor.backpressure.BackpressureDropStrategySmallBufferTest - Pushed=>151
22:41:59.683 [Test worker] INFO mw.chat.reactor.backpressure.BackpressureDropStrategySmallBufferTest - Pushed=>152
boundedElastic-1 => => DefaultSimpleSubscriber Received : 69
22:41:59.684 [Test worker] INFO mw.chat.reactor.backpressure.BackpressureDropStrategySmallBufferTest - Pushed=>153
22:41:59.686 [Test worker] INFO mw.chat.reactor.backpressure.BackpressureDropStrategySmallBufferTest - Pushed=>154
22:41:59.688 [Test worker] INFO mw.chat.reactor.backpressure.BackpressureDropStrategySmallBufferTest - Pushed=>155
22:41:59.691 [Test worker] INFO mw.chat.reactor.backpressure.BackpressureDropStrategySmallBufferTest - Pushed=>156
22:41:59.692 [Test worker] INFO mw.chat.reactor.backpressure.BackpressureDropStrategySmallBufferTest - Pushed=>157
boundedElastic-1 => => DefaultSimpleSubscriber Received : 70
22:41:59.695 [Test worker] INFO mw.chat.reactor.backpressure.BackpressureDropStrategySmallBufferTest - Pushed=>158
22:41:59.697 [Test worker] INFO mw.chat.reactor.backpressure.BackpressureDropStrategySmallBufferTest - Dropped=>159
22:41:59.697 [Test worker] INFO mw.chat.reactor.backpressure.BackpressureDropStrategySmallBufferTest - Pushed=>159
22:41:59.700 [Test worker] INFO mw.chat.reactor.backpressure.BackpressureDropStrategySmallBufferTest - Dropped=>160
22:41:59.700 [Test worker] INFO mw.chat.reactor.backpressure.BackpressureDropStrategySmallBufferTest - Pushed=>160
22:41:59.702 [Test worker] INFO mw.chat.reactor.backpressure.BackpressureDropStrategySmallBufferTest - Dropped=>161
22:41:59.702 [Test worker] INFO mw.chat.reactor.backpressure.BackpressureDropStrategySmallBufferTest - Pushed=>161
boundedElastic-1 => => DefaultSimpleSubscriber Received : 71
22:41:59.705 [Test worker] INFO mw.chat.reactor.backpressure.BackpressureDropStrategySmallBufferTest - Dropped=>162
22:41:59.706 [Test worker] INFO mw.chat.reactor.backpressure.BackpressureDropStrategySmallBufferTest - Pushed=>162
22:41:59.708 [Test worker] INFO mw.chat.reactor.backpressure.BackpressureDropStrategySmallBufferTest - Dropped=>163
22:41:59.708 [Test worker] INFO mw.chat.reactor.backpressure.BackpressureDropStrategySmallBufferTest - Pushed=>163
22:41:59.711 [Test worker] INFO mw.chat.reactor.backpressure.BackpressureDropStrategySmallBufferTest - Dropped=>164
22:41:59.711 [Test worker] INFO mw.chat.reactor.backpressure.BackpressureDropStrategySmallBufferTest - Pushed=>164
22:41:59.713 [Test worker] INFO mw.chat.reactor.backpressure.BackpressureDropStrategySmallBufferTest - Dropped=>165
22:41:59.713 [Test worker] INFO mw.chat.reactor.backpressure.BackpressureDropStrategySmallBufferTest - Pushed=>165
22:41:59.716 [Test worker] INFO mw.chat.reactor.backpressure.BackpressureDropStrategySmallBufferTest - Dropped=>166
22:41:59.716 [Test worker] INFO mw.chat.reactor.backpressure.BackpressureDropStrategySmallBufferTest - Pushed=>166
22:41:59.718 [Test worker] INFO mw.chat.reactor.backpressure.BackpressureDropStrategySmallBufferTest - Dropped=>167
22:41:59.718 [Test worker] INFO mw.chat.reactor.backpressure.BackpressureDropStrategySmallBufferTest - Pushed=>167
22:41:59.720 [Test worker] INFO mw.chat.reactor.backpressure.BackpressureDropStrategySmallBufferTest - Dropped=>168
22:41:59.720 [Test worker] INFO mw.chat.reactor.backpressure.BackpressureDropStrategySmallBufferTest - Pushed=>168
boundedElastic-1 => => DefaultSimpleSubscriber Received : 72
22:41:59.722 [Test worker] INFO mw.chat.reactor.backpressure.BackpressureDropStrategySmallBufferTest - Dropped=>169
22:41:59.722 [Test worker] INFO mw.chat.reactor.backpressure.BackpressureDropStrategySmallBufferTest - Pushed=>169
22:41:59.724 [Test worker] INFO mw.chat.reactor.backpressure.BackpressureDropStrategySmallBufferTest - Dropped=>170
22:41:59.724 [Test worker] INFO mw.chat.reactor.backpressure.BackpressureDropStrategySmallBufferTest - Pushed=>170
22:41:59.727 [Test worker] INFO mw.chat.reactor.backpressure.BackpressureDropStrategySmallBufferTest - Dropped=>171
22:41:59.727 [Test worker] INFO mw.chat.reactor.backpressure.BackpressureDropStrategySmallBufferTest - Pushed=>171
22:41:59.730 [Test worker] INFO mw.chat.reactor.backpressure.BackpressureDropStrategySmallBufferTest - Dropped=>172
22:41:59.730 [Test worker] INFO mw.chat.reactor.backpressure.BackpressureDropStrategySmallBufferTest - Pushed=>172
22:41:59.731 [Test worker] INFO mw.chat.reactor.backpressure.BackpressureDropStrategySmallBufferTest - Dropped=>173
22:41:59.731 [Test worker] INFO mw.chat.reactor.backpressure.BackpressureDropStrategySmallBufferTest - Pushed=>173
boundedElastic-1 => => DefaultSimpleSubscriber Received : 147
22:41:59.733 [Test worker] INFO mw.chat.reactor.backpressure.BackpressureDropStrategySmallBufferTest - Dropped=>174
22:41:59.733 [Test worker] INFO mw.chat.reactor.backpressure.BackpressureDropStrategySmallBufferTest - Pushed=>174
22:41:59.735 [Test worker] INFO mw.chat.reactor.backpressure.BackpressureDropStrategySmallBufferTest - Dropped=>175
22:41:59.735 [Test worker] INFO mw.chat.reactor.backpressure.BackpressureDropStrategySmallBufferTest - Pushed=>175
22:41:59.736 [Test worker] INFO mw.chat.reactor.backpressure.BackpressureDropStrategySmallBufferTest - Dropped=>176
22:41:59.736 [Test worker] INFO mw.chat.reactor.backpressure.BackpressureDropStrategySmallBufferTest - Pushed=>176
22:41:59.737 [Test worker] INFO mw.chat.reactor.backpressure.BackpressureDropStrategySmallBufferTest - Dropped=>177
22:41:59.737 [Test worker] INFO mw.chat.reactor.backpressure.BackpressureDropStrategySmallBufferTest - Pushed=>177
22:41:59.740 [Test worker] INFO mw.chat.reactor.backpressure.BackpressureDropStrategySmallBufferTest - Dropped=>178
22:41:59.740 [Test worker] INFO mw.chat.reactor.backpressure.BackpressureDropStrategySmallBufferTest - Pushed=>178
22:41:59.741 [Test worker] INFO mw.chat.reactor.backpressure.BackpressureDropStrategySmallBufferTest - Dropped=>179
22:41:59.741 [Test worker] INFO mw.chat.reactor.backpressure.BackpressureDropStrategySmallBufferTest - Pushed=>179
22:41:59.742 [Test worker] INFO mw.chat.reactor.backpressure.BackpressureDropStrategySmallBufferTest - Dropped=>180
22:41:59.742 [Test worker] INFO mw.chat.reactor.backpressure.BackpressureDropStrategySmallBufferTest - Pushed=>180
boundedElastic-1 => => DefaultSimpleSubscriber Received : 148
22:41:59.743 [Test worker] INFO mw.chat.reactor.backpressure.BackpressureDropStrategySmallBufferTest - Dropped=>181
22:41:59.743 [Test worker] INFO mw.chat.reactor.backpressure.BackpressureDropStrategySmallBufferTest - Pushed=>181
22:41:59.746 [Test worker] INFO mw.chat.reactor.backpressure.BackpressureDropStrategySmallBufferTest - Dropped=>182
22:41:59.746 [Test worker] INFO mw.chat.reactor.backpressure.BackpressureDropStrategySmallBufferTest - Pushed=>182
22:41:59.747 [Test worker] INFO mw.chat.reactor.backpressure.BackpressureDropStrategySmallBufferTest - Dropped=>183
22:41:59.747 [Test worker] INFO mw.chat.reactor.backpressure.BackpressureDropStrategySmallBufferTest - Pushed=>183
22:41:59.748 [Test worker] INFO mw.chat.reactor.backpressure.BackpressureDropStrategySmallBufferTest - Dropped=>184
22:41:59.748 [Test worker] INFO mw.chat.reactor.backpressure.BackpressureDropStrategySmallBufferTest - Pushed=>184
22:41:59.750 [Test worker] INFO mw.chat.reactor.backpressure.BackpressureDropStrategySmallBufferTest - Dropped=>185
22:41:59.750 [Test worker] INFO mw.chat.reactor.backpressure.BackpressureDropStrategySmallBufferTest - Pushed=>185
22:41:59.752 [Test worker] INFO mw.chat.reactor.backpressure.BackpressureDropStrategySmallBufferTest - Dropped=>186
22:41:59.752 [Test worker] INFO mw.chat.reactor.backpressure.BackpressureDropStrategySmallBufferTest - Pushed=>186
22:41:59.754 [Test worker] INFO mw.chat.reactor.backpressure.BackpressureDropStrategySmallBufferTest - Dropped=>187
22:41:59.754 [Test worker] INFO mw.chat.reactor.backpressure.BackpressureDropStrategySmallBufferTest - Pushed=>187
boundedElastic-1 => => DefaultSimpleSubscriber Received : 149
22:41:59.757 [Test worker] INFO mw.chat.reactor.backpressure.BackpressureDropStrategySmallBufferTest - Dropped=>188
22:41:59.757 [Test worker] INFO mw.chat.reactor.backpressure.BackpressureDropStrategySmallBufferTest - Pushed=>188
22:41:59.759 [Test worker] INFO mw.chat.reactor.backpressure.BackpressureDropStrategySmallBufferTest - Dropped=>189
22:41:59.759 [Test worker] INFO mw.chat.reactor.backpressure.BackpressureDropStrategySmallBufferTest - Pushed=>189
22:41:59.762 [Test worker] INFO mw.chat.reactor.backpressure.BackpressureDropStrategySmallBufferTest - Dropped=>190
22:41:59.762 [Test worker] INFO mw.chat.reactor.backpressure.BackpressureDropStrategySmallBufferTest - Pushed=>190
22:41:59.764 [Test worker] INFO mw.chat.reactor.backpressure.BackpressureDropStrategySmallBufferTest - Dropped=>191
22:41:59.764 [Test worker] INFO mw.chat.reactor.backpressure.BackpressureDropStrategySmallBufferTest - Pushed=>191
boundedElastic-1 => => DefaultSimpleSubscriber Received : 150
22:41:59.766 [Test worker] INFO mw.chat.reactor.backpressure.BackpressureDropStrategySmallBufferTest - Dropped=>192
22:41:59.766 [Test worker] INFO mw.chat.reactor.backpressure.BackpressureDropStrategySmallBufferTest - Pushed=>192
22:41:59.769 [Test worker] INFO mw.chat.reactor.backpressure.BackpressureDropStrategySmallBufferTest - Dropped=>193
22:41:59.769 [Test worker] INFO mw.chat.reactor.backpressure.BackpressureDropStrategySmallBufferTest - Pushed=>193
22:41:59.771 [Test worker] INFO mw.chat.reactor.backpressure.BackpressureDropStrategySmallBufferTest - Dropped=>194
22:41:59.771 [Test worker] INFO mw.chat.reactor.backpressure.BackpressureDropStrategySmallBufferTest - Pushed=>194
22:41:59.773 [Test worker] INFO mw.chat.reactor.backpressure.BackpressureDropStrategySmallBufferTest - Dropped=>195
22:41:59.773 [Test worker] INFO mw.chat.reactor.backpressure.BackpressureDropStrategySmallBufferTest - Pushed=>195
22:41:59.775 [Test worker] INFO mw.chat.reactor.backpressure.BackpressureDropStrategySmallBufferTest - Dropped=>196
boundedElastic-1 => => DefaultSimpleSubscriber Received : 151
22:41:59.775 [Test worker] INFO mw.chat.reactor.backpressure.BackpressureDropStrategySmallBufferTest - Pushed=>196
22:41:59.777 [Test worker] INFO mw.chat.reactor.backpressure.BackpressureDropStrategySmallBufferTest - Dropped=>197
22:41:59.777 [Test worker] INFO mw.chat.reactor.backpressure.BackpressureDropStrategySmallBufferTest - Pushed=>197
22:41:59.778 [Test worker] INFO mw.chat.reactor.backpressure.BackpressureDropStrategySmallBufferTest - Dropped=>198
22:41:59.778 [Test worker] INFO mw.chat.reactor.backpressure.BackpressureDropStrategySmallBufferTest - Pushed=>198
22:41:59.780 [Test worker] INFO mw.chat.reactor.backpressure.BackpressureDropStrategySmallBufferTest - Dropped=>199
22:41:59.780 [Test worker] INFO mw.chat.reactor.backpressure.BackpressureDropStrategySmallBufferTest - Pushed=>199
boundedElastic-1 => => DefaultSimpleSubscriber Received : 152
boundedElastic-1 => => DefaultSimpleSubscriber Received : 153
boundedElastic-1 => => DefaultSimpleSubscriber Received : 154
boundedElastic-1 => => DefaultSimpleSubscriber Received : 155
boundedElastic-1 => => DefaultSimpleSubscriber Received : 156
boundedElastic-1 => => DefaultSimpleSubscriber Received : 157
boundedElastic-1 => => DefaultSimpleSubscriber Received : 158
boundedElastic-1 => => DefaultSimpleSubscriber Completed
]]></system-out>
  <system-err><![CDATA[]]></system-err>
</testsuite>
