<?xml version="1.0" encoding="UTF-8"?>
<testsuite name="mw.chat.reactor.coldhot.HotPublisherTest" tests="1" skipped="0" failures="0" errors="0" timestamp="2021-05-12T20:10:09" hostname="APS00087715-MB" time="40.21">
  <properties/>
  <testcase name="Should emit only some signals when the second subsciber connects before completing the first emission" classname="mw.chat.reactor.coldhot.HotPublisherTest" time="40.21"/>
  <system-out><![CDATA[22:10:09.199 [Test worker] DEBUG reactor.util.Loggers - Using Slf4j logging framework
parallel-1 => => Sam Received : Scene 1
parallel-2 => => Sam Received : Scene 2
parallel-3 => => Sam Received : Scene 3
parallel-4 => => Sam Received : Scene 4
parallel-5 => => Sam Received : Scene 5
parallel-5 => => Mike Received : Scene 5
parallel-6 => => Sam Received : Scene 6
parallel-6 => => Mike Received : Scene 6
parallel-7 => => Sam Received : Scene 7
parallel-7 => => Mike Received : Scene 7
parallel-7 => => Sam Completed
parallel-7 => => Mike Completed
]]></system-out>
  <system-err><![CDATA[]]></system-err>
</testsuite>
