<?xml version="1.0" encoding="UTF-8"?>
<testsuite name="mw.chat.reactor.operators.TransformOperatorTest" tests="1" skipped="0" failures="0" errors="0" timestamp="2021-05-09T13:18:52" hostname="APS00087715-MB" time="0.251">
  <properties/>
  <testcase name="Should transform stream signal one to another" classname="mw.chat.reactor.operators.TransformOperatorTest" time="0.251"/>
  <system-out><![CDATA[15:18:52.573 [Test worker] DEBUG reactor.util.Loggers - Using Slf4j logging framework
Test worker => => DefaultSimpleSubscriber Received : DORSEY=>19
Test worker => => DefaultSimpleSubscriber Received : BENNETT=>16
Test worker => => DefaultSimpleSubscriber Received : GARFIELD=>13
Discarded=>Demarcus=>3
Test worker => => DefaultSimpleSubscriber Received : ANTOINE=>17
Discarded=>Tony=>4
Test worker => => DefaultSimpleSubscriber Received : BRIGETTE=>30
Test worker => => DefaultSimpleSubscriber Received : GERALDO=>27
Test worker => => DefaultSimpleSubscriber Received : VICTOR=>29
Test worker => => DefaultSimpleSubscriber Received : FARRAH=>30
Test worker => => DefaultSimpleSubscriber Received : EMELINA=>19
Test worker => => DefaultSimpleSubscriber Received : DEETTA=>21
Discarded=>Lorean=>8
Test worker => => DefaultSimpleSubscriber Received : GLEN=>27
Test worker => => DefaultSimpleSubscriber Received : MILISSA=>14
Discarded=>Jermaine=>10
Test worker => => DefaultSimpleSubscriber Received : HERSHEL=>30
Discarded=>Leslie=>10
Test worker => => DefaultSimpleSubscriber Received : MAURO=>25
Test worker => => DefaultSimpleSubscriber Received : MORTON=>23
Test worker => => DefaultSimpleSubscriber Completed
]]></system-out>
  <system-err><![CDATA[]]></system-err>
</testsuite>
