<?xml version="1.0" encoding="UTF-8"?>
<testsuite name="mw.chat.reactor.operators.TransformOperatorTest" tests="1" skipped="0" failures="0" errors="0" timestamp="2021-05-09T13:13:52" hostname="APS00087715-MB" time="0.228">
  <properties/>
  <testcase name="Should transform stream signal one to another" classname="mw.chat.reactor.operators.TransformOperatorTest" time="0.228"/>
  <system-out><![CDATA[15:13:52.903 [Test worker] DEBUG reactor.util.Loggers - Using Slf4j logging framework
Test worker => => DefaultSimpleSubscriber Received : STACEY=>13
Test worker => => DefaultSimpleSubscriber Received : DEVIN=>17
Test worker => => DefaultSimpleSubscriber Received : GIANNA=>28
Test worker => => DefaultSimpleSubscriber Received : VELIA=>16
Test worker => => DefaultSimpleSubscriber Received : JESSE=>22
Test worker => => DefaultSimpleSubscriber Received : BLAIR=>16
Test worker => => DefaultSimpleSubscriber Received : PAULITA=>23
Test worker => => DefaultSimpleSubscriber Received : ARRON=>22
Test worker => => DefaultSimpleSubscriber Received : TAMARA=>12
Test worker => => DefaultSimpleSubscriber Received : DEON=>25
Test worker => => DefaultSimpleSubscriber Received : LOURA=>24
Test worker => => DefaultSimpleSubscriber Received : MERRILL=>27
Test worker => => DefaultSimpleSubscriber Received : NATHALIE=>15
Test worker => => DefaultSimpleSubscriber Received : KEN=>29
Test worker => => DefaultSimpleSubscriber Received : JUDE=>15
Test worker => => DefaultSimpleSubscriber Received : BIBI=>13
Test worker => => DefaultSimpleSubscriber Received : FRITZ=>17
Test worker => => DefaultSimpleSubscriber Received : SAMMY=>17
Test worker => => DefaultSimpleSubscriber Completed
]]></system-out>
  <system-err><![CDATA[]]></system-err>
</testsuite>
