<?xml version="1.0" encoding="UTF-8"?>
<testsuite name="mw.chat.reactor.operators.FlatMapOperatorTest" tests="1" skipped="0" failures="0" errors="0" timestamp="2021-05-11T19:36:56" hostname="APS00087715-MB" time="0.391">
  <properties/>
  <testcase name="Should get users and theirs orders" classname="mw.chat.reactor.operators.FlatMapOperatorTest" time="0.391"/>
  <system-out><![CDATA[21:36:57.057 [Test worker] DEBUG reactor.util.Loggers - Using Slf4j logging framework
Test worker => => DefaultSimpleSubscriber Received : PurchaseOrder(item=Ergonomic Cotton Wallet, userId=1, price=85,39)
Test worker => => DefaultSimpleSubscriber Received : PurchaseOrder(item=Rustic Cotton Shoes, userId=1, price=81,92)
Test worker => => DefaultSimpleSubscriber Received : PurchaseOrder(item=Awesome Plastic Keyboard, userId=1, price=10,79)
Test worker => => DefaultSimpleSubscriber Received : PurchaseOrder(item=Awesome Wooden Computer, userId=2, price=24,39)
Test worker => => DefaultSimpleSubscriber Received : PurchaseOrder(item=Practical Paper Wallet, userId=2, price=82,21)
Test worker => => DefaultSimpleSubscriber Received : PurchaseOrder(item=Sleek Wooden Car, userId=2, price=20,56)
Test worker => => DefaultSimpleSubscriber Completed
]]></system-out>
  <system-err><![CDATA[]]></system-err>
</testsuite>
