<?xml version="1.0" encoding="UTF-8"?>
<testsuite name="mw.chat.reactor.ReactorFluxCreateTests" tests="1" skipped="0" failures="0" errors="0" timestamp="2021-04-28T20:57:40" hostname="APS00087715-MB" time="0.179">
  <properties/>
  <testcase name="Should emit max 10 flux signals" classname="mw.chat.reactor.ReactorFluxCreateTests" time="0.179"/>
  <system-out><![CDATA[22:57:41.010 [Test worker] DEBUG reactor.util.Loggers - Using Slf4j logging framework
=> DefaultSimpleSubscriber Received : Nigeria
emitting=>Nigeria
=> DefaultSimpleSubscriber Received : Brazil
emitting=>Brazil
=> DefaultSimpleSubscriber Received : Ecuador
=> DefaultSimpleSubscriber Completed
emitting=>Ecuador
]]></system-out>
  <system-err><![CDATA[]]></system-err>
</testsuite>
