<?xml version="1.0" encoding="UTF-8"?>
<testsuite name="mw.chat.reactor.backpressure.BackpressureDefaultStrategyTest" tests="1" skipped="0" failures="0" errors="0" timestamp="2021-05-26T06:02:37" hostname="APS00087715-MB" time="5.147">
  <properties/>
  <testcase name="Shuld buffer in memory not conusumed events" classname="mw.chat.reactor.backpressure.BackpressureDefaultStrategyTest" time="5.147"/>
  <system-out><![CDATA[08:02:37.777 [Test worker] DEBUG reactor.util.Loggers - Using Slf4j logging framework
08:02:37.809 [Test worker] INFO mw.chat.reactor.backpressure.BackpressureDefaultStrategyTest - Pushed=>1
08:02:37.809 [Test worker] INFO mw.chat.reactor.backpressure.BackpressureDefaultStrategyTest - Pushed=>2
08:02:37.809 [Test worker] INFO mw.chat.reactor.backpressure.BackpressureDefaultStrategyTest - Pushed=>3
08:02:37.809 [Test worker] INFO mw.chat.reactor.backpressure.BackpressureDefaultStrategyTest - Pushed=>4
08:02:37.809 [Test worker] INFO mw.chat.reactor.backpressure.BackpressureDefaultStrategyTest - Pushed=>5
08:02:37.809 [Test worker] INFO mw.chat.reactor.backpressure.BackpressureDefaultStrategyTest - Pushed=>6
08:02:37.810 [Test worker] INFO mw.chat.reactor.backpressure.BackpressureDefaultStrategyTest - Pushed=>7
08:02:37.810 [Test worker] INFO mw.chat.reactor.backpressure.BackpressureDefaultStrategyTest - Pushed=>8
08:02:37.810 [Test worker] INFO mw.chat.reactor.backpressure.BackpressureDefaultStrategyTest - Pushed=>9
08:02:37.810 [Test worker] INFO mw.chat.reactor.backpressure.BackpressureDefaultStrategyTest - Pushed=>10
08:02:37.810 [Test worker] INFO mw.chat.reactor.backpressure.BackpressureDefaultStrategyTest - Pushed=>11
08:02:37.810 [Test worker] INFO mw.chat.reactor.backpressure.BackpressureDefaultStrategyTest - Pushed=>12
08:02:37.810 [Test worker] INFO mw.chat.reactor.backpressure.BackpressureDefaultStrategyTest - Pushed=>13
08:02:37.810 [Test worker] INFO mw.chat.reactor.backpressure.BackpressureDefaultStrategyTest - Pushed=>14
08:02:37.810 [Test worker] INFO mw.chat.reactor.backpressure.BackpressureDefaultStrategyTest - Pushed=>15
08:02:37.811 [Test worker] INFO mw.chat.reactor.backpressure.BackpressureDefaultStrategyTest - Pushed=>16
08:02:37.811 [Test worker] INFO mw.chat.reactor.backpressure.BackpressureDefaultStrategyTest - Pushed=>17
08:02:37.811 [Test worker] INFO mw.chat.reactor.backpressure.BackpressureDefaultStrategyTest - Pushed=>18
08:02:37.811 [Test worker] INFO mw.chat.reactor.backpressure.BackpressureDefaultStrategyTest - Pushed=>19
08:02:37.811 [Test worker] INFO mw.chat.reactor.backpressure.BackpressureDefaultStrategyTest - Pushed=>20
08:02:37.811 [Test worker] INFO mw.chat.reactor.backpressure.BackpressureDefaultStrategyTest - Pushed=>21
08:02:37.811 [Test worker] INFO mw.chat.reactor.backpressure.BackpressureDefaultStrategyTest - Pushed=>22
08:02:37.812 [Test worker] INFO mw.chat.reactor.backpressure.BackpressureDefaultStrategyTest - Pushed=>23
08:02:37.812 [Test worker] INFO mw.chat.reactor.backpressure.BackpressureDefaultStrategyTest - Pushed=>24
08:02:37.812 [Test worker] INFO mw.chat.reactor.backpressure.BackpressureDefaultStrategyTest - Pushed=>25
08:02:37.812 [Test worker] INFO mw.chat.reactor.backpressure.BackpressureDefaultStrategyTest - Pushed=>26
08:02:37.812 [Test worker] INFO mw.chat.reactor.backpressure.BackpressureDefaultStrategyTest - Pushed=>27
08:02:37.812 [Test worker] INFO mw.chat.reactor.backpressure.BackpressureDefaultStrategyTest - Pushed=>28
08:02:37.812 [Test worker] INFO mw.chat.reactor.backpressure.BackpressureDefaultStrategyTest - Pushed=>29
08:02:37.812 [Test worker] INFO mw.chat.reactor.backpressure.BackpressureDefaultStrategyTest - Pushed=>30
08:02:37.812 [Test worker] INFO mw.chat.reactor.backpressure.BackpressureDefaultStrategyTest - Pushed=>31
08:02:37.812 [Test worker] INFO mw.chat.reactor.backpressure.BackpressureDefaultStrategyTest - Pushed=>32
08:02:37.813 [Test worker] INFO mw.chat.reactor.backpressure.BackpressureDefaultStrategyTest - Pushed=>33
08:02:37.813 [Test worker] INFO mw.chat.reactor.backpressure.BackpressureDefaultStrategyTest - Pushed=>34
08:02:37.813 [Test worker] INFO mw.chat.reactor.backpressure.BackpressureDefaultStrategyTest - Pushed=>35
08:02:37.813 [Test worker] INFO mw.chat.reactor.backpressure.BackpressureDefaultStrategyTest - Pushed=>36
08:02:37.813 [Test worker] INFO mw.chat.reactor.backpressure.BackpressureDefaultStrategyTest - Pushed=>37
08:02:37.813 [Test worker] INFO mw.chat.reactor.backpressure.BackpressureDefaultStrategyTest - Pushed=>38
08:02:37.813 [Test worker] INFO mw.chat.reactor.backpressure.BackpressureDefaultStrategyTest - Pushed=>39
08:02:37.813 [Test worker] INFO mw.chat.reactor.backpressure.BackpressureDefaultStrategyTest - Pushed=>40
08:02:37.813 [Test worker] INFO mw.chat.reactor.backpressure.BackpressureDefaultStrategyTest - Pushed=>41
08:02:37.813 [Test worker] INFO mw.chat.reactor.backpressure.BackpressureDefaultStrategyTest - Pushed=>42
08:02:37.814 [Test worker] INFO mw.chat.reactor.backpressure.BackpressureDefaultStrategyTest - Pushed=>43
08:02:37.814 [Test worker] INFO mw.chat.reactor.backpressure.BackpressureDefaultStrategyTest - Pushed=>44
08:02:37.814 [Test worker] INFO mw.chat.reactor.backpressure.BackpressureDefaultStrategyTest - Pushed=>45
08:02:37.814 [Test worker] INFO mw.chat.reactor.backpressure.BackpressureDefaultStrategyTest - Pushed=>46
08:02:37.814 [Test worker] INFO mw.chat.reactor.backpressure.BackpressureDefaultStrategyTest - Pushed=>47
08:02:37.814 [Test worker] INFO mw.chat.reactor.backpressure.BackpressureDefaultStrategyTest - Pushed=>48
08:02:37.814 [Test worker] INFO mw.chat.reactor.backpressure.BackpressureDefaultStrategyTest - Pushed=>49
08:02:37.814 [Test worker] INFO mw.chat.reactor.backpressure.BackpressureDefaultStrategyTest - Pushed=>50
08:02:37.814 [Test worker] INFO mw.chat.reactor.backpressure.BackpressureDefaultStrategyTest - Pushed=>51
08:02:37.814 [Test worker] INFO mw.chat.reactor.backpressure.BackpressureDefaultStrategyTest - Pushed=>52
08:02:37.814 [Test worker] INFO mw.chat.reactor.backpressure.BackpressureDefaultStrategyTest - Pushed=>53
08:02:37.815 [Test worker] INFO mw.chat.reactor.backpressure.BackpressureDefaultStrategyTest - Pushed=>54
08:02:37.815 [Test worker] INFO mw.chat.reactor.backpressure.BackpressureDefaultStrategyTest - Pushed=>55
08:02:37.815 [Test worker] INFO mw.chat.reactor.backpressure.BackpressureDefaultStrategyTest - Pushed=>56
08:02:37.815 [Test worker] INFO mw.chat.reactor.backpressure.BackpressureDefaultStrategyTest - Pushed=>57
08:02:37.815 [Test worker] INFO mw.chat.reactor.backpressure.BackpressureDefaultStrategyTest - Pushed=>58
08:02:37.815 [Test worker] INFO mw.chat.reactor.backpressure.BackpressureDefaultStrategyTest - Pushed=>59
08:02:37.816 [Test worker] INFO mw.chat.reactor.backpressure.BackpressureDefaultStrategyTest - Pushed=>60
08:02:37.816 [Test worker] INFO mw.chat.reactor.backpressure.BackpressureDefaultStrategyTest - Pushed=>61
08:02:37.816 [Test worker] INFO mw.chat.reactor.backpressure.BackpressureDefaultStrategyTest - Pushed=>62
08:02:37.816 [Test worker] INFO mw.chat.reactor.backpressure.BackpressureDefaultStrategyTest - Pushed=>63
08:02:37.816 [Test worker] INFO mw.chat.reactor.backpressure.BackpressureDefaultStrategyTest - Pushed=>64
08:02:37.817 [Test worker] INFO mw.chat.reactor.backpressure.BackpressureDefaultStrategyTest - Pushed=>65
08:02:37.817 [Test worker] INFO mw.chat.reactor.backpressure.BackpressureDefaultStrategyTest - Pushed=>66
08:02:37.817 [Test worker] INFO mw.chat.reactor.backpressure.BackpressureDefaultStrategyTest - Pushed=>67
08:02:37.817 [Test worker] INFO mw.chat.reactor.backpressure.BackpressureDefaultStrategyTest - Pushed=>68
08:02:37.817 [Test worker] INFO mw.chat.reactor.backpressure.BackpressureDefaultStrategyTest - Pushed=>69
08:02:37.817 [Test worker] INFO mw.chat.reactor.backpressure.BackpressureDefaultStrategyTest - Pushed=>70
08:02:37.817 [Test worker] INFO mw.chat.reactor.backpressure.BackpressureDefaultStrategyTest - Pushed=>71
08:02:37.817 [Test worker] INFO mw.chat.reactor.backpressure.BackpressureDefaultStrategyTest - Pushed=>72
08:02:37.817 [Test worker] INFO mw.chat.reactor.backpressure.BackpressureDefaultStrategyTest - Pushed=>73
08:02:37.818 [Test worker] INFO mw.chat.reactor.backpressure.BackpressureDefaultStrategyTest - Pushed=>74
08:02:37.818 [Test worker] INFO mw.chat.reactor.backpressure.BackpressureDefaultStrategyTest - Pushed=>75
08:02:37.818 [Test worker] INFO mw.chat.reactor.backpressure.BackpressureDefaultStrategyTest - Pushed=>76
08:02:37.818 [Test worker] INFO mw.chat.reactor.backpressure.BackpressureDefaultStrategyTest - Pushed=>77
08:02:37.818 [Test worker] INFO mw.chat.reactor.backpressure.BackpressureDefaultStrategyTest - Pushed=>78
08:02:37.818 [Test worker] INFO mw.chat.reactor.backpressure.BackpressureDefaultStrategyTest - Pushed=>79
08:02:37.818 [Test worker] INFO mw.chat.reactor.backpressure.BackpressureDefaultStrategyTest - Pushed=>80
08:02:37.818 [Test worker] INFO mw.chat.reactor.backpressure.BackpressureDefaultStrategyTest - Pushed=>81
08:02:37.818 [Test worker] INFO mw.chat.reactor.backpressure.BackpressureDefaultStrategyTest - Pushed=>82
08:02:37.819 [Test worker] INFO mw.chat.reactor.backpressure.BackpressureDefaultStrategyTest - Pushed=>83
08:02:37.819 [Test worker] INFO mw.chat.reactor.backpressure.BackpressureDefaultStrategyTest - Pushed=>84
08:02:37.819 [Test worker] INFO mw.chat.reactor.backpressure.BackpressureDefaultStrategyTest - Pushed=>85
08:02:37.819 [Test worker] INFO mw.chat.reactor.backpressure.BackpressureDefaultStrategyTest - Pushed=>86
08:02:37.819 [Test worker] INFO mw.chat.reactor.backpressure.BackpressureDefaultStrategyTest - Pushed=>87
08:02:37.819 [Test worker] INFO mw.chat.reactor.backpressure.BackpressureDefaultStrategyTest - Pushed=>88
08:02:37.819 [Test worker] INFO mw.chat.reactor.backpressure.BackpressureDefaultStrategyTest - Pushed=>89
08:02:37.819 [Test worker] INFO mw.chat.reactor.backpressure.BackpressureDefaultStrategyTest - Pushed=>90
08:02:37.819 [Test worker] INFO mw.chat.reactor.backpressure.BackpressureDefaultStrategyTest - Pushed=>91
08:02:37.819 [Test worker] INFO mw.chat.reactor.backpressure.BackpressureDefaultStrategyTest - Pushed=>92
08:02:37.819 [Test worker] INFO mw.chat.reactor.backpressure.BackpressureDefaultStrategyTest - Pushed=>93
08:02:37.819 [Test worker] INFO mw.chat.reactor.backpressure.BackpressureDefaultStrategyTest - Pushed=>94
08:02:37.819 [Test worker] INFO mw.chat.reactor.backpressure.BackpressureDefaultStrategyTest - Pushed=>95
08:02:37.820 [Test worker] INFO mw.chat.reactor.backpressure.BackpressureDefaultStrategyTest - Pushed=>96
08:02:37.820 [Test worker] INFO mw.chat.reactor.backpressure.BackpressureDefaultStrategyTest - Pushed=>97
08:02:37.820 [Test worker] INFO mw.chat.reactor.backpressure.BackpressureDefaultStrategyTest - Pushed=>98
08:02:37.820 [Test worker] INFO mw.chat.reactor.backpressure.BackpressureDefaultStrategyTest - Pushed=>99
08:02:37.820 [Test worker] INFO mw.chat.reactor.backpressure.BackpressureDefaultStrategyTest - Pushed=>100
08:02:37.820 [Test worker] INFO mw.chat.reactor.backpressure.BackpressureDefaultStrategyTest - Pushed=>101
08:02:37.820 [Test worker] INFO mw.chat.reactor.backpressure.BackpressureDefaultStrategyTest - Pushed=>102
08:02:37.820 [Test worker] INFO mw.chat.reactor.backpressure.BackpressureDefaultStrategyTest - Pushed=>103
08:02:37.820 [Test worker] INFO mw.chat.reactor.backpressure.BackpressureDefaultStrategyTest - Pushed=>104
08:02:37.820 [Test worker] INFO mw.chat.reactor.backpressure.BackpressureDefaultStrategyTest - Pushed=>105
08:02:37.820 [Test worker] INFO mw.chat.reactor.backpressure.BackpressureDefaultStrategyTest - Pushed=>106
08:02:37.821 [Test worker] INFO mw.chat.reactor.backpressure.BackpressureDefaultStrategyTest - Pushed=>107
08:02:37.821 [Test worker] INFO mw.chat.reactor.backpressure.BackpressureDefaultStrategyTest - Pushed=>108
08:02:37.821 [Test worker] INFO mw.chat.reactor.backpressure.BackpressureDefaultStrategyTest - Pushed=>109
08:02:37.821 [Test worker] INFO mw.chat.reactor.backpressure.BackpressureDefaultStrategyTest - Pushed=>110
08:02:37.821 [Test worker] INFO mw.chat.reactor.backpressure.BackpressureDefaultStrategyTest - Pushed=>111
08:02:37.821 [Test worker] INFO mw.chat.reactor.backpressure.BackpressureDefaultStrategyTest - Pushed=>112
08:02:37.821 [Test worker] INFO mw.chat.reactor.backpressure.BackpressureDefaultStrategyTest - Pushed=>113
08:02:37.821 [Test worker] INFO mw.chat.reactor.backpressure.BackpressureDefaultStrategyTest - Pushed=>114
08:02:37.821 [Test worker] INFO mw.chat.reactor.backpressure.BackpressureDefaultStrategyTest - Pushed=>115
08:02:37.822 [Test worker] INFO mw.chat.reactor.backpressure.BackpressureDefaultStrategyTest - Pushed=>116
08:02:37.822 [Test worker] INFO mw.chat.reactor.backpressure.BackpressureDefaultStrategyTest - Pushed=>117
08:02:37.822 [Test worker] INFO mw.chat.reactor.backpressure.BackpressureDefaultStrategyTest - Pushed=>118
08:02:37.822 [Test worker] INFO mw.chat.reactor.backpressure.BackpressureDefaultStrategyTest - Pushed=>119
08:02:37.822 [Test worker] INFO mw.chat.reactor.backpressure.BackpressureDefaultStrategyTest - Pushed=>120
08:02:37.822 [Test worker] INFO mw.chat.reactor.backpressure.BackpressureDefaultStrategyTest - Pushed=>121
08:02:37.822 [Test worker] INFO mw.chat.reactor.backpressure.BackpressureDefaultStrategyTest - Pushed=>122
08:02:37.822 [Test worker] INFO mw.chat.reactor.backpressure.BackpressureDefaultStrategyTest - Pushed=>123
08:02:37.822 [Test worker] INFO mw.chat.reactor.backpressure.BackpressureDefaultStrategyTest - Pushed=>124
08:02:37.822 [Test worker] INFO mw.chat.reactor.backpressure.BackpressureDefaultStrategyTest - Pushed=>125
08:02:37.822 [Test worker] INFO mw.chat.reactor.backpressure.BackpressureDefaultStrategyTest - Pushed=>126
08:02:37.822 [Test worker] INFO mw.chat.reactor.backpressure.BackpressureDefaultStrategyTest - Pushed=>127
08:02:37.823 [Test worker] INFO mw.chat.reactor.backpressure.BackpressureDefaultStrategyTest - Pushed=>128
08:02:37.823 [Test worker] INFO mw.chat.reactor.backpressure.BackpressureDefaultStrategyTest - Pushed=>129
08:02:37.823 [Test worker] INFO mw.chat.reactor.backpressure.BackpressureDefaultStrategyTest - Pushed=>130
08:02:37.823 [Test worker] INFO mw.chat.reactor.backpressure.BackpressureDefaultStrategyTest - Pushed=>131
08:02:37.823 [Test worker] INFO mw.chat.reactor.backpressure.BackpressureDefaultStrategyTest - Pushed=>132
08:02:37.823 [Test worker] INFO mw.chat.reactor.backpressure.BackpressureDefaultStrategyTest - Pushed=>133
08:02:37.823 [Test worker] INFO mw.chat.reactor.backpressure.BackpressureDefaultStrategyTest - Pushed=>134
08:02:37.823 [Test worker] INFO mw.chat.reactor.backpressure.BackpressureDefaultStrategyTest - Pushed=>135
08:02:37.823 [Test worker] INFO mw.chat.reactor.backpressure.BackpressureDefaultStrategyTest - Pushed=>136
08:02:37.823 [Test worker] INFO mw.chat.reactor.backpressure.BackpressureDefaultStrategyTest - Pushed=>137
08:02:37.823 [Test worker] INFO mw.chat.reactor.backpressure.BackpressureDefaultStrategyTest - Pushed=>138
08:02:37.823 [Test worker] INFO mw.chat.reactor.backpressure.BackpressureDefaultStrategyTest - Pushed=>139
08:02:37.823 [Test worker] INFO mw.chat.reactor.backpressure.BackpressureDefaultStrategyTest - Pushed=>140
08:02:37.823 [Test worker] INFO mw.chat.reactor.backpressure.BackpressureDefaultStrategyTest - Pushed=>141
08:02:37.824 [Test worker] INFO mw.chat.reactor.backpressure.BackpressureDefaultStrategyTest - Pushed=>142
08:02:37.824 [Test worker] INFO mw.chat.reactor.backpressure.BackpressureDefaultStrategyTest - Pushed=>143
08:02:37.824 [Test worker] INFO mw.chat.reactor.backpressure.BackpressureDefaultStrategyTest - Pushed=>144
08:02:37.824 [Test worker] INFO mw.chat.reactor.backpressure.BackpressureDefaultStrategyTest - Pushed=>145
08:02:37.824 [Test worker] INFO mw.chat.reactor.backpressure.BackpressureDefaultStrategyTest - Pushed=>146
08:02:37.824 [Test worker] INFO mw.chat.reactor.backpressure.BackpressureDefaultStrategyTest - Pushed=>147
08:02:37.824 [Test worker] INFO mw.chat.reactor.backpressure.BackpressureDefaultStrategyTest - Pushed=>148
08:02:37.824 [Test worker] INFO mw.chat.reactor.backpressure.BackpressureDefaultStrategyTest - Pushed=>149
08:02:37.824 [Test worker] INFO mw.chat.reactor.backpressure.BackpressureDefaultStrategyTest - Pushed=>150
08:02:37.824 [Test worker] INFO mw.chat.reactor.backpressure.BackpressureDefaultStrategyTest - Pushed=>151
08:02:37.824 [Test worker] INFO mw.chat.reactor.backpressure.BackpressureDefaultStrategyTest - Pushed=>152
08:02:37.824 [Test worker] INFO mw.chat.reactor.backpressure.BackpressureDefaultStrategyTest - Pushed=>153
08:02:37.824 [Test worker] INFO mw.chat.reactor.backpressure.BackpressureDefaultStrategyTest - Pushed=>154
08:02:37.824 [Test worker] INFO mw.chat.reactor.backpressure.BackpressureDefaultStrategyTest - Pushed=>155
08:02:37.825 [Test worker] INFO mw.chat.reactor.backpressure.BackpressureDefaultStrategyTest - Pushed=>156
08:02:37.825 [Test worker] INFO mw.chat.reactor.backpressure.BackpressureDefaultStrategyTest - Pushed=>157
08:02:37.825 [Test worker] INFO mw.chat.reactor.backpressure.BackpressureDefaultStrategyTest - Pushed=>158
08:02:37.825 [Test worker] INFO mw.chat.reactor.backpressure.BackpressureDefaultStrategyTest - Pushed=>159
08:02:37.825 [Test worker] INFO mw.chat.reactor.backpressure.BackpressureDefaultStrategyTest - Pushed=>160
08:02:37.825 [Test worker] INFO mw.chat.reactor.backpressure.BackpressureDefaultStrategyTest - Pushed=>161
08:02:37.825 [Test worker] INFO mw.chat.reactor.backpressure.BackpressureDefaultStrategyTest - Pushed=>162
08:02:37.825 [Test worker] INFO mw.chat.reactor.backpressure.BackpressureDefaultStrategyTest - Pushed=>163
08:02:37.825 [Test worker] INFO mw.chat.reactor.backpressure.BackpressureDefaultStrategyTest - Pushed=>164
08:02:37.825 [Test worker] INFO mw.chat.reactor.backpressure.BackpressureDefaultStrategyTest - Pushed=>165
08:02:37.825 [Test worker] INFO mw.chat.reactor.backpressure.BackpressureDefaultStrategyTest - Pushed=>166
08:02:37.825 [Test worker] INFO mw.chat.reactor.backpressure.BackpressureDefaultStrategyTest - Pushed=>167
08:02:37.825 [Test worker] INFO mw.chat.reactor.backpressure.BackpressureDefaultStrategyTest - Pushed=>168
08:02:37.825 [Test worker] INFO mw.chat.reactor.backpressure.BackpressureDefaultStrategyTest - Pushed=>169
08:02:37.826 [Test worker] INFO mw.chat.reactor.backpressure.BackpressureDefaultStrategyTest - Pushed=>170
08:02:37.826 [Test worker] INFO mw.chat.reactor.backpressure.BackpressureDefaultStrategyTest - Pushed=>171
08:02:37.826 [Test worker] INFO mw.chat.reactor.backpressure.BackpressureDefaultStrategyTest - Pushed=>172
08:02:37.826 [Test worker] INFO mw.chat.reactor.backpressure.BackpressureDefaultStrategyTest - Pushed=>173
08:02:37.826 [Test worker] INFO mw.chat.reactor.backpressure.BackpressureDefaultStrategyTest - Pushed=>174
08:02:37.826 [Test worker] INFO mw.chat.reactor.backpressure.BackpressureDefaultStrategyTest - Pushed=>175
08:02:37.826 [Test worker] INFO mw.chat.reactor.backpressure.BackpressureDefaultStrategyTest - Pushed=>176
08:02:37.826 [Test worker] INFO mw.chat.reactor.backpressure.BackpressureDefaultStrategyTest - Pushed=>177
08:02:37.826 [Test worker] INFO mw.chat.reactor.backpressure.BackpressureDefaultStrategyTest - Pushed=>178
08:02:37.826 [Test worker] INFO mw.chat.reactor.backpressure.BackpressureDefaultStrategyTest - Pushed=>179
08:02:37.826 [Test worker] INFO mw.chat.reactor.backpressure.BackpressureDefaultStrategyTest - Pushed=>180
08:02:37.826 [Test worker] INFO mw.chat.reactor.backpressure.BackpressureDefaultStrategyTest - Pushed=>181
08:02:37.827 [Test worker] INFO mw.chat.reactor.backpressure.BackpressureDefaultStrategyTest - Pushed=>182
08:02:37.827 [Test worker] INFO mw.chat.reactor.backpressure.BackpressureDefaultStrategyTest - Pushed=>183
08:02:37.827 [Test worker] INFO mw.chat.reactor.backpressure.BackpressureDefaultStrategyTest - Pushed=>184
08:02:37.827 [Test worker] INFO mw.chat.reactor.backpressure.BackpressureDefaultStrategyTest - Pushed=>185
08:02:37.827 [Test worker] INFO mw.chat.reactor.backpressure.BackpressureDefaultStrategyTest - Pushed=>186
08:02:37.827 [Test worker] INFO mw.chat.reactor.backpressure.BackpressureDefaultStrategyTest - Pushed=>187
08:02:37.827 [Test worker] INFO mw.chat.reactor.backpressure.BackpressureDefaultStrategyTest - Pushed=>188
08:02:37.827 [Test worker] INFO mw.chat.reactor.backpressure.BackpressureDefaultStrategyTest - Pushed=>189
08:02:37.827 [Test worker] INFO mw.chat.reactor.backpressure.BackpressureDefaultStrategyTest - Pushed=>190
08:02:37.827 [Test worker] INFO mw.chat.reactor.backpressure.BackpressureDefaultStrategyTest - Pushed=>191
08:02:37.827 [Test worker] INFO mw.chat.reactor.backpressure.BackpressureDefaultStrategyTest - Pushed=>192
08:02:37.828 [Test worker] INFO mw.chat.reactor.backpressure.BackpressureDefaultStrategyTest - Pushed=>193
08:02:37.828 [Test worker] INFO mw.chat.reactor.backpressure.BackpressureDefaultStrategyTest - Pushed=>194
08:02:37.828 [Test worker] INFO mw.chat.reactor.backpressure.BackpressureDefaultStrategyTest - Pushed=>195
08:02:37.828 [Test worker] INFO mw.chat.reactor.backpressure.BackpressureDefaultStrategyTest - Pushed=>196
08:02:37.828 [Test worker] INFO mw.chat.reactor.backpressure.BackpressureDefaultStrategyTest - Pushed=>197
08:02:37.828 [Test worker] INFO mw.chat.reactor.backpressure.BackpressureDefaultStrategyTest - Pushed=>198
08:02:37.828 [Test worker] INFO mw.chat.reactor.backpressure.BackpressureDefaultStrategyTest - Pushed=>199
08:02:37.828 [Test worker] INFO mw.chat.reactor.backpressure.BackpressureDefaultStrategyTest - Pushed=>200
08:02:37.828 [Test worker] INFO mw.chat.reactor.backpressure.BackpressureDefaultStrategyTest - Pushed=>201
08:02:37.828 [Test worker] INFO mw.chat.reactor.backpressure.BackpressureDefaultStrategyTest - Pushed=>202
08:02:37.828 [Test worker] INFO mw.chat.reactor.backpressure.BackpressureDefaultStrategyTest - Pushed=>203
08:02:37.828 [Test worker] INFO mw.chat.reactor.backpressure.BackpressureDefaultStrategyTest - Pushed=>204
08:02:37.828 [Test worker] INFO mw.chat.reactor.backpressure.BackpressureDefaultStrategyTest - Pushed=>205
08:02:37.828 [Test worker] INFO mw.chat.reactor.backpressure.BackpressureDefaultStrategyTest - Pushed=>206
08:02:37.829 [Test worker] INFO mw.chat.reactor.backpressure.BackpressureDefaultStrategyTest - Pushed=>207
08:02:37.829 [Test worker] INFO mw.chat.reactor.backpressure.BackpressureDefaultStrategyTest - Pushed=>208
08:02:37.829 [Test worker] INFO mw.chat.reactor.backpressure.BackpressureDefaultStrategyTest - Pushed=>209
08:02:37.829 [Test worker] INFO mw.chat.reactor.backpressure.BackpressureDefaultStrategyTest - Pushed=>210
08:02:37.829 [Test worker] INFO mw.chat.reactor.backpressure.BackpressureDefaultStrategyTest - Pushed=>211
08:02:37.829 [Test worker] INFO mw.chat.reactor.backpressure.BackpressureDefaultStrategyTest - Pushed=>212
08:02:37.829 [Test worker] INFO mw.chat.reactor.backpressure.BackpressureDefaultStrategyTest - Pushed=>213
08:02:37.829 [Test worker] INFO mw.chat.reactor.backpressure.BackpressureDefaultStrategyTest - Pushed=>214
08:02:37.829 [Test worker] INFO mw.chat.reactor.backpressure.BackpressureDefaultStrategyTest - Pushed=>215
08:02:37.829 [Test worker] INFO mw.chat.reactor.backpressure.BackpressureDefaultStrategyTest - Pushed=>216
08:02:37.829 [Test worker] INFO mw.chat.reactor.backpressure.BackpressureDefaultStrategyTest - Pushed=>217
08:02:37.829 [Test worker] INFO mw.chat.reactor.backpressure.BackpressureDefaultStrategyTest - Pushed=>218
08:02:37.829 [Test worker] INFO mw.chat.reactor.backpressure.BackpressureDefaultStrategyTest - Pushed=>219
08:02:37.830 [Test worker] INFO mw.chat.reactor.backpressure.BackpressureDefaultStrategyTest - Pushed=>220
08:02:37.830 [Test worker] INFO mw.chat.reactor.backpressure.BackpressureDefaultStrategyTest - Pushed=>221
08:02:37.830 [Test worker] INFO mw.chat.reactor.backpressure.BackpressureDefaultStrategyTest - Pushed=>222
08:02:37.830 [Test worker] INFO mw.chat.reactor.backpressure.BackpressureDefaultStrategyTest - Pushed=>223
08:02:37.830 [Test worker] INFO mw.chat.reactor.backpressure.BackpressureDefaultStrategyTest - Pushed=>224
08:02:37.830 [Test worker] INFO mw.chat.reactor.backpressure.BackpressureDefaultStrategyTest - Pushed=>225
08:02:37.830 [Test worker] INFO mw.chat.reactor.backpressure.BackpressureDefaultStrategyTest - Pushed=>226
08:02:37.830 [Test worker] INFO mw.chat.reactor.backpressure.BackpressureDefaultStrategyTest - Pushed=>227
08:02:37.830 [Test worker] INFO mw.chat.reactor.backpressure.BackpressureDefaultStrategyTest - Pushed=>228
08:02:37.830 [Test worker] INFO mw.chat.reactor.backpressure.BackpressureDefaultStrategyTest - Pushed=>229
08:02:37.830 [Test worker] INFO mw.chat.reactor.backpressure.BackpressureDefaultStrategyTest - Pushed=>230
08:02:37.830 [Test worker] INFO mw.chat.reactor.backpressure.BackpressureDefaultStrategyTest - Pushed=>231
08:02:37.830 [Test worker] INFO mw.chat.reactor.backpressure.BackpressureDefaultStrategyTest - Pushed=>232
08:02:37.830 [Test worker] INFO mw.chat.reactor.backpressure.BackpressureDefaultStrategyTest - Pushed=>233
08:02:37.831 [Test worker] INFO mw.chat.reactor.backpressure.BackpressureDefaultStrategyTest - Pushed=>234
08:02:37.831 [Test worker] INFO mw.chat.reactor.backpressure.BackpressureDefaultStrategyTest - Pushed=>235
08:02:37.831 [Test worker] INFO mw.chat.reactor.backpressure.BackpressureDefaultStrategyTest - Pushed=>236
08:02:37.831 [Test worker] INFO mw.chat.reactor.backpressure.BackpressureDefaultStrategyTest - Pushed=>237
08:02:37.831 [Test worker] INFO mw.chat.reactor.backpressure.BackpressureDefaultStrategyTest - Pushed=>238
08:02:37.831 [Test worker] INFO mw.chat.reactor.backpressure.BackpressureDefaultStrategyTest - Pushed=>239
08:02:37.831 [Test worker] INFO mw.chat.reactor.backpressure.BackpressureDefaultStrategyTest - Pushed=>240
08:02:37.831 [Test worker] INFO mw.chat.reactor.backpressure.BackpressureDefaultStrategyTest - Pushed=>241
08:02:37.831 [Test worker] INFO mw.chat.reactor.backpressure.BackpressureDefaultStrategyTest - Pushed=>242
08:02:37.831 [Test worker] INFO mw.chat.reactor.backpressure.BackpressureDefaultStrategyTest - Pushed=>243
08:02:37.831 [Test worker] INFO mw.chat.reactor.backpressure.BackpressureDefaultStrategyTest - Pushed=>244
08:02:37.831 [Test worker] INFO mw.chat.reactor.backpressure.BackpressureDefaultStrategyTest - Pushed=>245
08:02:37.831 [Test worker] INFO mw.chat.reactor.backpressure.BackpressureDefaultStrategyTest - Pushed=>246
08:02:37.831 [Test worker] INFO mw.chat.reactor.backpressure.BackpressureDefaultStrategyTest - Pushed=>247
08:02:37.831 [Test worker] INFO mw.chat.reactor.backpressure.BackpressureDefaultStrategyTest - Pushed=>248
08:02:37.832 [Test worker] INFO mw.chat.reactor.backpressure.BackpressureDefaultStrategyTest - Pushed=>249
08:02:37.832 [Test worker] INFO mw.chat.reactor.backpressure.BackpressureDefaultStrategyTest - Pushed=>250
08:02:37.832 [Test worker] INFO mw.chat.reactor.backpressure.BackpressureDefaultStrategyTest - Pushed=>251
08:02:37.832 [Test worker] INFO mw.chat.reactor.backpressure.BackpressureDefaultStrategyTest - Pushed=>252
08:02:37.832 [Test worker] INFO mw.chat.reactor.backpressure.BackpressureDefaultStrategyTest - Pushed=>253
08:02:37.832 [Test worker] INFO mw.chat.reactor.backpressure.BackpressureDefaultStrategyTest - Pushed=>254
08:02:37.832 [Test worker] INFO mw.chat.reactor.backpressure.BackpressureDefaultStrategyTest - Pushed=>255
08:02:37.832 [Test worker] INFO mw.chat.reactor.backpressure.BackpressureDefaultStrategyTest - Pushed=>256
08:02:37.832 [Test worker] INFO mw.chat.reactor.backpressure.BackpressureDefaultStrategyTest - Pushed=>257
08:02:37.832 [Test worker] INFO mw.chat.reactor.backpressure.BackpressureDefaultStrategyTest - Pushed=>258
08:02:37.832 [Test worker] INFO mw.chat.reactor.backpressure.BackpressureDefaultStrategyTest - Pushed=>259
08:02:37.832 [Test worker] INFO mw.chat.reactor.backpressure.BackpressureDefaultStrategyTest - Pushed=>260
08:02:37.833 [Test worker] INFO mw.chat.reactor.backpressure.BackpressureDefaultStrategyTest - Pushed=>261
08:02:37.833 [Test worker] INFO mw.chat.reactor.backpressure.BackpressureDefaultStrategyTest - Pushed=>262
08:02:37.833 [Test worker] INFO mw.chat.reactor.backpressure.BackpressureDefaultStrategyTest - Pushed=>263
08:02:37.833 [Test worker] INFO mw.chat.reactor.backpressure.BackpressureDefaultStrategyTest - Pushed=>264
08:02:37.833 [Test worker] INFO mw.chat.reactor.backpressure.BackpressureDefaultStrategyTest - Pushed=>265
08:02:37.833 [Test worker] INFO mw.chat.reactor.backpressure.BackpressureDefaultStrategyTest - Pushed=>266
08:02:37.833 [Test worker] INFO mw.chat.reactor.backpressure.BackpressureDefaultStrategyTest - Pushed=>267
08:02:37.833 [Test worker] INFO mw.chat.reactor.backpressure.BackpressureDefaultStrategyTest - Pushed=>268
08:02:37.833 [Test worker] INFO mw.chat.reactor.backpressure.BackpressureDefaultStrategyTest - Pushed=>269
08:02:37.833 [Test worker] INFO mw.chat.reactor.backpressure.BackpressureDefaultStrategyTest - Pushed=>270
08:02:37.833 [Test worker] INFO mw.chat.reactor.backpressure.BackpressureDefaultStrategyTest - Pushed=>271
08:02:37.833 [Test worker] INFO mw.chat.reactor.backpressure.BackpressureDefaultStrategyTest - Pushed=>272
08:02:37.833 [Test worker] INFO mw.chat.reactor.backpressure.BackpressureDefaultStrategyTest - Pushed=>273
08:02:37.833 [Test worker] INFO mw.chat.reactor.backpressure.BackpressureDefaultStrategyTest - Pushed=>274
08:02:37.833 [Test worker] INFO mw.chat.reactor.backpressure.BackpressureDefaultStrategyTest - Pushed=>275
08:02:37.833 [Test worker] INFO mw.chat.reactor.backpressure.BackpressureDefaultStrategyTest - Pushed=>276
08:02:37.833 [Test worker] INFO mw.chat.reactor.backpressure.BackpressureDefaultStrategyTest - Pushed=>277
08:02:37.834 [Test worker] INFO mw.chat.reactor.backpressure.BackpressureDefaultStrategyTest - Pushed=>278
08:02:37.834 [Test worker] INFO mw.chat.reactor.backpressure.BackpressureDefaultStrategyTest - Pushed=>279
08:02:37.834 [Test worker] INFO mw.chat.reactor.backpressure.BackpressureDefaultStrategyTest - Pushed=>280
08:02:37.834 [Test worker] INFO mw.chat.reactor.backpressure.BackpressureDefaultStrategyTest - Pushed=>281
08:02:37.834 [Test worker] INFO mw.chat.reactor.backpressure.BackpressureDefaultStrategyTest - Pushed=>282
08:02:37.834 [Test worker] INFO mw.chat.reactor.backpressure.BackpressureDefaultStrategyTest - Pushed=>283
08:02:37.834 [Test worker] INFO mw.chat.reactor.backpressure.BackpressureDefaultStrategyTest - Pushed=>284
08:02:37.834 [Test worker] INFO mw.chat.reactor.backpressure.BackpressureDefaultStrategyTest - Pushed=>285
08:02:37.834 [Test worker] INFO mw.chat.reactor.backpressure.BackpressureDefaultStrategyTest - Pushed=>286
08:02:37.834 [Test worker] INFO mw.chat.reactor.backpressure.BackpressureDefaultStrategyTest - Pushed=>287
08:02:37.834 [Test worker] INFO mw.chat.reactor.backpressure.BackpressureDefaultStrategyTest - Pushed=>288
08:02:37.834 [Test worker] INFO mw.chat.reactor.backpressure.BackpressureDefaultStrategyTest - Pushed=>289
08:02:37.834 [Test worker] INFO mw.chat.reactor.backpressure.BackpressureDefaultStrategyTest - Pushed=>290
08:02:37.834 [Test worker] INFO mw.chat.reactor.backpressure.BackpressureDefaultStrategyTest - Pushed=>291
08:02:37.834 [Test worker] INFO mw.chat.reactor.backpressure.BackpressureDefaultStrategyTest - Pushed=>292
08:02:37.835 [Test worker] INFO mw.chat.reactor.backpressure.BackpressureDefaultStrategyTest - Pushed=>293
08:02:37.835 [Test worker] INFO mw.chat.reactor.backpressure.BackpressureDefaultStrategyTest - Pushed=>294
08:02:37.835 [Test worker] INFO mw.chat.reactor.backpressure.BackpressureDefaultStrategyTest - Pushed=>295
08:02:37.835 [Test worker] INFO mw.chat.reactor.backpressure.BackpressureDefaultStrategyTest - Pushed=>296
08:02:37.835 [Test worker] INFO mw.chat.reactor.backpressure.BackpressureDefaultStrategyTest - Pushed=>297
08:02:37.835 [Test worker] INFO mw.chat.reactor.backpressure.BackpressureDefaultStrategyTest - Pushed=>298
08:02:37.835 [Test worker] INFO mw.chat.reactor.backpressure.BackpressureDefaultStrategyTest - Pushed=>299
08:02:37.835 [Test worker] INFO mw.chat.reactor.backpressure.BackpressureDefaultStrategyTest - Pushed=>300
08:02:37.835 [Test worker] INFO mw.chat.reactor.backpressure.BackpressureDefaultStrategyTest - Pushed=>301
08:02:37.835 [Test worker] INFO mw.chat.reactor.backpressure.BackpressureDefaultStrategyTest - Pushed=>302
08:02:37.835 [Test worker] INFO mw.chat.reactor.backpressure.BackpressureDefaultStrategyTest - Pushed=>303
08:02:37.835 [Test worker] INFO mw.chat.reactor.backpressure.BackpressureDefaultStrategyTest - Pushed=>304
08:02:37.835 [Test worker] INFO mw.chat.reactor.backpressure.BackpressureDefaultStrategyTest - Pushed=>305
08:02:37.835 [Test worker] INFO mw.chat.reactor.backpressure.BackpressureDefaultStrategyTest - Pushed=>306
08:02:37.835 [Test worker] INFO mw.chat.reactor.backpressure.BackpressureDefaultStrategyTest - Pushed=>307
08:02:37.835 [Test worker] INFO mw.chat.reactor.backpressure.BackpressureDefaultStrategyTest - Pushed=>308
08:02:37.835 [Test worker] INFO mw.chat.reactor.backpressure.BackpressureDefaultStrategyTest - Pushed=>309
08:02:37.835 [Test worker] INFO mw.chat.reactor.backpressure.BackpressureDefaultStrategyTest - Pushed=>310
08:02:37.835 [Test worker] INFO mw.chat.reactor.backpressure.BackpressureDefaultStrategyTest - Pushed=>311
08:02:37.836 [Test worker] INFO mw.chat.reactor.backpressure.BackpressureDefaultStrategyTest - Pushed=>312
08:02:37.836 [Test worker] INFO mw.chat.reactor.backpressure.BackpressureDefaultStrategyTest - Pushed=>313
08:02:37.836 [Test worker] INFO mw.chat.reactor.backpressure.BackpressureDefaultStrategyTest - Pushed=>314
08:02:37.836 [Test worker] INFO mw.chat.reactor.backpressure.BackpressureDefaultStrategyTest - Pushed=>315
08:02:37.836 [Test worker] INFO mw.chat.reactor.backpressure.BackpressureDefaultStrategyTest - Pushed=>316
08:02:37.836 [Test worker] INFO mw.chat.reactor.backpressure.BackpressureDefaultStrategyTest - Pushed=>317
08:02:37.836 [Test worker] INFO mw.chat.reactor.backpressure.BackpressureDefaultStrategyTest - Pushed=>318
08:02:37.836 [Test worker] INFO mw.chat.reactor.backpressure.BackpressureDefaultStrategyTest - Pushed=>319
08:02:37.836 [Test worker] INFO mw.chat.reactor.backpressure.BackpressureDefaultStrategyTest - Pushed=>320
08:02:37.836 [Test worker] INFO mw.chat.reactor.backpressure.BackpressureDefaultStrategyTest - Pushed=>321
08:02:37.836 [Test worker] INFO mw.chat.reactor.backpressure.BackpressureDefaultStrategyTest - Pushed=>322
08:02:37.836 [Test worker] INFO mw.chat.reactor.backpressure.BackpressureDefaultStrategyTest - Pushed=>323
08:02:37.836 [Test worker] INFO mw.chat.reactor.backpressure.BackpressureDefaultStrategyTest - Pushed=>324
08:02:37.836 [Test worker] INFO mw.chat.reactor.backpressure.BackpressureDefaultStrategyTest - Pushed=>325
08:02:37.836 [Test worker] INFO mw.chat.reactor.backpressure.BackpressureDefaultStrategyTest - Pushed=>326
08:02:37.836 [Test worker] INFO mw.chat.reactor.backpressure.BackpressureDefaultStrategyTest - Pushed=>327
08:02:37.836 [Test worker] INFO mw.chat.reactor.backpressure.BackpressureDefaultStrategyTest - Pushed=>328
08:02:37.836 [Test worker] INFO mw.chat.reactor.backpressure.BackpressureDefaultStrategyTest - Pushed=>329
08:02:37.836 [Test worker] INFO mw.chat.reactor.backpressure.BackpressureDefaultStrategyTest - Pushed=>330
08:02:37.836 [Test worker] INFO mw.chat.reactor.backpressure.BackpressureDefaultStrategyTest - Pushed=>331
08:02:37.836 [Test worker] INFO mw.chat.reactor.backpressure.BackpressureDefaultStrategyTest - Pushed=>332
08:02:37.837 [Test worker] INFO mw.chat.reactor.backpressure.BackpressureDefaultStrategyTest - Pushed=>333
08:02:37.837 [Test worker] INFO mw.chat.reactor.backpressure.BackpressureDefaultStrategyTest - Pushed=>334
08:02:37.837 [Test worker] INFO mw.chat.reactor.backpressure.BackpressureDefaultStrategyTest - Pushed=>335
08:02:37.837 [Test worker] INFO mw.chat.reactor.backpressure.BackpressureDefaultStrategyTest - Pushed=>336
08:02:37.837 [Test worker] INFO mw.chat.reactor.backpressure.BackpressureDefaultStrategyTest - Pushed=>337
08:02:37.837 [Test worker] INFO mw.chat.reactor.backpressure.BackpressureDefaultStrategyTest - Pushed=>338
08:02:37.837 [Test worker] INFO mw.chat.reactor.backpressure.BackpressureDefaultStrategyTest - Pushed=>339
08:02:37.837 [Test worker] INFO mw.chat.reactor.backpressure.BackpressureDefaultStrategyTest - Pushed=>340
08:02:37.837 [Test worker] INFO mw.chat.reactor.backpressure.BackpressureDefaultStrategyTest - Pushed=>341
08:02:37.837 [Test worker] INFO mw.chat.reactor.backpressure.BackpressureDefaultStrategyTest - Pushed=>342
08:02:37.837 [Test worker] INFO mw.chat.reactor.backpressure.BackpressureDefaultStrategyTest - Pushed=>343
08:02:37.837 [Test worker] INFO mw.chat.reactor.backpressure.BackpressureDefaultStrategyTest - Pushed=>344
08:02:37.837 [Test worker] INFO mw.chat.reactor.backpressure.BackpressureDefaultStrategyTest - Pushed=>345
08:02:37.837 [Test worker] INFO mw.chat.reactor.backpressure.BackpressureDefaultStrategyTest - Pushed=>346
08:02:37.837 [Test worker] INFO mw.chat.reactor.backpressure.BackpressureDefaultStrategyTest - Pushed=>347
08:02:37.838 [Test worker] INFO mw.chat.reactor.backpressure.BackpressureDefaultStrategyTest - Pushed=>348
08:02:37.838 [Test worker] INFO mw.chat.reactor.backpressure.BackpressureDefaultStrategyTest - Pushed=>349
08:02:37.838 [Test worker] INFO mw.chat.reactor.backpressure.BackpressureDefaultStrategyTest - Pushed=>350
08:02:37.838 [Test worker] INFO mw.chat.reactor.backpressure.BackpressureDefaultStrategyTest - Pushed=>351
08:02:37.838 [Test worker] INFO mw.chat.reactor.backpressure.BackpressureDefaultStrategyTest - Pushed=>352
08:02:37.838 [Test worker] INFO mw.chat.reactor.backpressure.BackpressureDefaultStrategyTest - Pushed=>353
08:02:37.838 [Test worker] INFO mw.chat.reactor.backpressure.BackpressureDefaultStrategyTest - Pushed=>354
08:02:37.838 [Test worker] INFO mw.chat.reactor.backpressure.BackpressureDefaultStrategyTest - Pushed=>355
08:02:37.838 [Test worker] INFO mw.chat.reactor.backpressure.BackpressureDefaultStrategyTest - Pushed=>356
08:02:37.838 [Test worker] INFO mw.chat.reactor.backpressure.BackpressureDefaultStrategyTest - Pushed=>357
08:02:37.838 [Test worker] INFO mw.chat.reactor.backpressure.BackpressureDefaultStrategyTest - Pushed=>358
08:02:37.838 [Test worker] INFO mw.chat.reactor.backpressure.BackpressureDefaultStrategyTest - Pushed=>359
08:02:37.838 [Test worker] INFO mw.chat.reactor.backpressure.BackpressureDefaultStrategyTest - Pushed=>360
08:02:37.838 [Test worker] INFO mw.chat.reactor.backpressure.BackpressureDefaultStrategyTest - Pushed=>361
08:02:37.838 [Test worker] INFO mw.chat.reactor.backpressure.BackpressureDefaultStrategyTest - Pushed=>362
08:02:37.838 [Test worker] INFO mw.chat.reactor.backpressure.BackpressureDefaultStrategyTest - Pushed=>363
08:02:37.839 [Test worker] INFO mw.chat.reactor.backpressure.BackpressureDefaultStrategyTest - Pushed=>364
08:02:37.839 [Test worker] INFO mw.chat.reactor.backpressure.BackpressureDefaultStrategyTest - Pushed=>365
08:02:37.839 [Test worker] INFO mw.chat.reactor.backpressure.BackpressureDefaultStrategyTest - Pushed=>366
08:02:37.839 [Test worker] INFO mw.chat.reactor.backpressure.BackpressureDefaultStrategyTest - Pushed=>367
08:02:37.839 [Test worker] INFO mw.chat.reactor.backpressure.BackpressureDefaultStrategyTest - Pushed=>368
08:02:37.839 [Test worker] INFO mw.chat.reactor.backpressure.BackpressureDefaultStrategyTest - Pushed=>369
08:02:37.840 [Test worker] INFO mw.chat.reactor.backpressure.BackpressureDefaultStrategyTest - Pushed=>370
08:02:37.840 [Test worker] INFO mw.chat.reactor.backpressure.BackpressureDefaultStrategyTest - Pushed=>371
08:02:37.840 [Test worker] INFO mw.chat.reactor.backpressure.BackpressureDefaultStrategyTest - Pushed=>372
08:02:37.840 [Test worker] INFO mw.chat.reactor.backpressure.BackpressureDefaultStrategyTest - Pushed=>373
08:02:37.840 [Test worker] INFO mw.chat.reactor.backpressure.BackpressureDefaultStrategyTest - Pushed=>374
08:02:37.840 [Test worker] INFO mw.chat.reactor.backpressure.BackpressureDefaultStrategyTest - Pushed=>375
08:02:37.840 [Test worker] INFO mw.chat.reactor.backpressure.BackpressureDefaultStrategyTest - Pushed=>376
08:02:37.840 [Test worker] INFO mw.chat.reactor.backpressure.BackpressureDefaultStrategyTest - Pushed=>377
08:02:37.840 [Test worker] INFO mw.chat.reactor.backpressure.BackpressureDefaultStrategyTest - Pushed=>378
08:02:37.840 [Test worker] INFO mw.chat.reactor.backpressure.BackpressureDefaultStrategyTest - Pushed=>379
08:02:37.840 [Test worker] INFO mw.chat.reactor.backpressure.BackpressureDefaultStrategyTest - Pushed=>380
08:02:37.840 [Test worker] INFO mw.chat.reactor.backpressure.BackpressureDefaultStrategyTest - Pushed=>381
08:02:37.840 [Test worker] INFO mw.chat.reactor.backpressure.BackpressureDefaultStrategyTest - Pushed=>382
08:02:37.840 [Test worker] INFO mw.chat.reactor.backpressure.BackpressureDefaultStrategyTest - Pushed=>383
08:02:37.840 [Test worker] INFO mw.chat.reactor.backpressure.BackpressureDefaultStrategyTest - Pushed=>384
08:02:37.840 [Test worker] INFO mw.chat.reactor.backpressure.BackpressureDefaultStrategyTest - Pushed=>385
08:02:37.840 [Test worker] INFO mw.chat.reactor.backpressure.BackpressureDefaultStrategyTest - Pushed=>386
08:02:37.841 [Test worker] INFO mw.chat.reactor.backpressure.BackpressureDefaultStrategyTest - Pushed=>387
08:02:37.841 [Test worker] INFO mw.chat.reactor.backpressure.BackpressureDefaultStrategyTest - Pushed=>388
08:02:37.841 [Test worker] INFO mw.chat.reactor.backpressure.BackpressureDefaultStrategyTest - Pushed=>389
08:02:37.841 [Test worker] INFO mw.chat.reactor.backpressure.BackpressureDefaultStrategyTest - Pushed=>390
08:02:37.841 [Test worker] INFO mw.chat.reactor.backpressure.BackpressureDefaultStrategyTest - Pushed=>391
08:02:37.841 [Test worker] INFO mw.chat.reactor.backpressure.BackpressureDefaultStrategyTest - Pushed=>392
08:02:37.841 [Test worker] INFO mw.chat.reactor.backpressure.BackpressureDefaultStrategyTest - Pushed=>393
08:02:37.841 [Test worker] INFO mw.chat.reactor.backpressure.BackpressureDefaultStrategyTest - Pushed=>394
08:02:37.841 [Test worker] INFO mw.chat.reactor.backpressure.BackpressureDefaultStrategyTest - Pushed=>395
08:02:37.841 [Test worker] INFO mw.chat.reactor.backpressure.BackpressureDefaultStrategyTest - Pushed=>396
08:02:37.841 [Test worker] INFO mw.chat.reactor.backpressure.BackpressureDefaultStrategyTest - Pushed=>397
08:02:37.841 [Test worker] INFO mw.chat.reactor.backpressure.BackpressureDefaultStrategyTest - Pushed=>398
08:02:37.841 [Test worker] INFO mw.chat.reactor.backpressure.BackpressureDefaultStrategyTest - Pushed=>399
08:02:37.841 [Test worker] INFO mw.chat.reactor.backpressure.BackpressureDefaultStrategyTest - Pushed=>400
08:02:37.841 [Test worker] INFO mw.chat.reactor.backpressure.BackpressureDefaultStrategyTest - Pushed=>401
08:02:37.841 [Test worker] INFO mw.chat.reactor.backpressure.BackpressureDefaultStrategyTest - Pushed=>402
08:02:37.841 [Test worker] INFO mw.chat.reactor.backpressure.BackpressureDefaultStrategyTest - Pushed=>403
08:02:37.841 [Test worker] INFO mw.chat.reactor.backpressure.BackpressureDefaultStrategyTest - Pushed=>404
08:02:37.841 [Test worker] INFO mw.chat.reactor.backpressure.BackpressureDefaultStrategyTest - Pushed=>405
08:02:37.842 [Test worker] INFO mw.chat.reactor.backpressure.BackpressureDefaultStrategyTest - Pushed=>406
08:02:37.842 [Test worker] INFO mw.chat.reactor.backpressure.BackpressureDefaultStrategyTest - Pushed=>407
08:02:37.842 [Test worker] INFO mw.chat.reactor.backpressure.BackpressureDefaultStrategyTest - Pushed=>408
08:02:37.842 [Test worker] INFO mw.chat.reactor.backpressure.BackpressureDefaultStrategyTest - Pushed=>409
08:02:37.842 [Test worker] INFO mw.chat.reactor.backpressure.BackpressureDefaultStrategyTest - Pushed=>410
08:02:37.842 [Test worker] INFO mw.chat.reactor.backpressure.BackpressureDefaultStrategyTest - Pushed=>411
08:02:37.842 [Test worker] INFO mw.chat.reactor.backpressure.BackpressureDefaultStrategyTest - Pushed=>412
08:02:37.842 [Test worker] INFO mw.chat.reactor.backpressure.BackpressureDefaultStrategyTest - Pushed=>413
08:02:37.842 [Test worker] INFO mw.chat.reactor.backpressure.BackpressureDefaultStrategyTest - Pushed=>414
08:02:37.842 [Test worker] INFO mw.chat.reactor.backpressure.BackpressureDefaultStrategyTest - Pushed=>415
08:02:37.842 [Test worker] INFO mw.chat.reactor.backpressure.BackpressureDefaultStrategyTest - Pushed=>416
08:02:37.842 [Test worker] INFO mw.chat.reactor.backpressure.BackpressureDefaultStrategyTest - Pushed=>417
08:02:37.842 [Test worker] INFO mw.chat.reactor.backpressure.BackpressureDefaultStrategyTest - Pushed=>418
08:02:37.842 [Test worker] INFO mw.chat.reactor.backpressure.BackpressureDefaultStrategyTest - Pushed=>419
08:02:37.842 [Test worker] INFO mw.chat.reactor.backpressure.BackpressureDefaultStrategyTest - Pushed=>420
08:02:37.842 [Test worker] INFO mw.chat.reactor.backpressure.BackpressureDefaultStrategyTest - Pushed=>421
08:02:37.842 [Test worker] INFO mw.chat.reactor.backpressure.BackpressureDefaultStrategyTest - Pushed=>422
08:02:37.842 [Test worker] INFO mw.chat.reactor.backpressure.BackpressureDefaultStrategyTest - Pushed=>423
08:02:37.842 [Test worker] INFO mw.chat.reactor.backpressure.BackpressureDefaultStrategyTest - Pushed=>424
08:02:37.842 [Test worker] INFO mw.chat.reactor.backpressure.BackpressureDefaultStrategyTest - Pushed=>425
08:02:37.842 [Test worker] INFO mw.chat.reactor.backpressure.BackpressureDefaultStrategyTest - Pushed=>426
08:02:37.842 [Test worker] INFO mw.chat.reactor.backpressure.BackpressureDefaultStrategyTest - Pushed=>427
08:02:37.842 [Test worker] INFO mw.chat.reactor.backpressure.BackpressureDefaultStrategyTest - Pushed=>428
08:02:37.843 [Test worker] INFO mw.chat.reactor.backpressure.BackpressureDefaultStrategyTest - Pushed=>429
08:02:37.843 [Test worker] INFO mw.chat.reactor.backpressure.BackpressureDefaultStrategyTest - Pushed=>430
08:02:37.843 [Test worker] INFO mw.chat.reactor.backpressure.BackpressureDefaultStrategyTest - Pushed=>431
08:02:37.843 [Test worker] INFO mw.chat.reactor.backpressure.BackpressureDefaultStrategyTest - Pushed=>432
08:02:37.843 [Test worker] INFO mw.chat.reactor.backpressure.BackpressureDefaultStrategyTest - Pushed=>433
08:02:37.843 [Test worker] INFO mw.chat.reactor.backpressure.BackpressureDefaultStrategyTest - Pushed=>434
08:02:37.843 [Test worker] INFO mw.chat.reactor.backpressure.BackpressureDefaultStrategyTest - Pushed=>435
08:02:37.843 [Test worker] INFO mw.chat.reactor.backpressure.BackpressureDefaultStrategyTest - Pushed=>436
08:02:37.843 [Test worker] INFO mw.chat.reactor.backpressure.BackpressureDefaultStrategyTest - Pushed=>437
08:02:37.843 [Test worker] INFO mw.chat.reactor.backpressure.BackpressureDefaultStrategyTest - Pushed=>438
08:02:37.843 [Test worker] INFO mw.chat.reactor.backpressure.BackpressureDefaultStrategyTest - Pushed=>439
08:02:37.843 [Test worker] INFO mw.chat.reactor.backpressure.BackpressureDefaultStrategyTest - Pushed=>440
08:02:37.843 [Test worker] INFO mw.chat.reactor.backpressure.BackpressureDefaultStrategyTest - Pushed=>441
08:02:37.843 [Test worker] INFO mw.chat.reactor.backpressure.BackpressureDefaultStrategyTest - Pushed=>442
08:02:37.843 [Test worker] INFO mw.chat.reactor.backpressure.BackpressureDefaultStrategyTest - Pushed=>443
08:02:37.843 [Test worker] INFO mw.chat.reactor.backpressure.BackpressureDefaultStrategyTest - Pushed=>444
08:02:37.843 [Test worker] INFO mw.chat.reactor.backpressure.BackpressureDefaultStrategyTest - Pushed=>445
08:02:37.843 [Test worker] INFO mw.chat.reactor.backpressure.BackpressureDefaultStrategyTest - Pushed=>446
08:02:37.843 [Test worker] INFO mw.chat.reactor.backpressure.BackpressureDefaultStrategyTest - Pushed=>447
08:02:37.843 [Test worker] INFO mw.chat.reactor.backpressure.BackpressureDefaultStrategyTest - Pushed=>448
08:02:37.844 [Test worker] INFO mw.chat.reactor.backpressure.BackpressureDefaultStrategyTest - Pushed=>449
08:02:37.844 [Test worker] INFO mw.chat.reactor.backpressure.BackpressureDefaultStrategyTest - Pushed=>450
08:02:37.844 [Test worker] INFO mw.chat.reactor.backpressure.BackpressureDefaultStrategyTest - Pushed=>451
08:02:37.844 [Test worker] INFO mw.chat.reactor.backpressure.BackpressureDefaultStrategyTest - Pushed=>452
08:02:37.844 [Test worker] INFO mw.chat.reactor.backpressure.BackpressureDefaultStrategyTest - Pushed=>453
08:02:37.844 [Test worker] INFO mw.chat.reactor.backpressure.BackpressureDefaultStrategyTest - Pushed=>454
08:02:37.844 [Test worker] INFO mw.chat.reactor.backpressure.BackpressureDefaultStrategyTest - Pushed=>455
08:02:37.844 [Test worker] INFO mw.chat.reactor.backpressure.BackpressureDefaultStrategyTest - Pushed=>456
08:02:37.844 [Test worker] INFO mw.chat.reactor.backpressure.BackpressureDefaultStrategyTest - Pushed=>457
08:02:37.844 [Test worker] INFO mw.chat.reactor.backpressure.BackpressureDefaultStrategyTest - Pushed=>458
08:02:37.844 [Test worker] INFO mw.chat.reactor.backpressure.BackpressureDefaultStrategyTest - Pushed=>459
08:02:37.844 [Test worker] INFO mw.chat.reactor.backpressure.BackpressureDefaultStrategyTest - Pushed=>460
08:02:37.844 [Test worker] INFO mw.chat.reactor.backpressure.BackpressureDefaultStrategyTest - Pushed=>461
08:02:37.844 [Test worker] INFO mw.chat.reactor.backpressure.BackpressureDefaultStrategyTest - Pushed=>462
08:02:37.844 [Test worker] INFO mw.chat.reactor.backpressure.BackpressureDefaultStrategyTest - Pushed=>463
08:02:37.844 [Test worker] INFO mw.chat.reactor.backpressure.BackpressureDefaultStrategyTest - Pushed=>464
08:02:37.844 [Test worker] INFO mw.chat.reactor.backpressure.BackpressureDefaultStrategyTest - Pushed=>465
08:02:37.844 [Test worker] INFO mw.chat.reactor.backpressure.BackpressureDefaultStrategyTest - Pushed=>466
08:02:37.844 [Test worker] INFO mw.chat.reactor.backpressure.BackpressureDefaultStrategyTest - Pushed=>467
08:02:37.844 [Test worker] INFO mw.chat.reactor.backpressure.BackpressureDefaultStrategyTest - Pushed=>468
08:02:37.845 [Test worker] INFO mw.chat.reactor.backpressure.BackpressureDefaultStrategyTest - Pushed=>469
08:02:37.845 [Test worker] INFO mw.chat.reactor.backpressure.BackpressureDefaultStrategyTest - Pushed=>470
08:02:37.845 [Test worker] INFO mw.chat.reactor.backpressure.BackpressureDefaultStrategyTest - Pushed=>471
08:02:37.845 [Test worker] INFO mw.chat.reactor.backpressure.BackpressureDefaultStrategyTest - Pushed=>472
08:02:37.845 [Test worker] INFO mw.chat.reactor.backpressure.BackpressureDefaultStrategyTest - Pushed=>473
08:02:37.845 [Test worker] INFO mw.chat.reactor.backpressure.BackpressureDefaultStrategyTest - Pushed=>474
08:02:37.845 [Test worker] INFO mw.chat.reactor.backpressure.BackpressureDefaultStrategyTest - Pushed=>475
08:02:37.845 [Test worker] INFO mw.chat.reactor.backpressure.BackpressureDefaultStrategyTest - Pushed=>476
08:02:37.845 [Test worker] INFO mw.chat.reactor.backpressure.BackpressureDefaultStrategyTest - Pushed=>477
08:02:37.845 [Test worker] INFO mw.chat.reactor.backpressure.BackpressureDefaultStrategyTest - Pushed=>478
08:02:37.845 [Test worker] INFO mw.chat.reactor.backpressure.BackpressureDefaultStrategyTest - Pushed=>479
08:02:37.845 [Test worker] INFO mw.chat.reactor.backpressure.BackpressureDefaultStrategyTest - Pushed=>480
08:02:37.845 [Test worker] INFO mw.chat.reactor.backpressure.BackpressureDefaultStrategyTest - Pushed=>481
08:02:37.845 [Test worker] INFO mw.chat.reactor.backpressure.BackpressureDefaultStrategyTest - Pushed=>482
08:02:37.845 [Test worker] INFO mw.chat.reactor.backpressure.BackpressureDefaultStrategyTest - Pushed=>483
08:02:37.845 [Test worker] INFO mw.chat.reactor.backpressure.BackpressureDefaultStrategyTest - Pushed=>484
08:02:37.845 [Test worker] INFO mw.chat.reactor.backpressure.BackpressureDefaultStrategyTest - Pushed=>485
08:02:37.845 [Test worker] INFO mw.chat.reactor.backpressure.BackpressureDefaultStrategyTest - Pushed=>486
08:02:37.845 [Test worker] INFO mw.chat.reactor.backpressure.BackpressureDefaultStrategyTest - Pushed=>487
08:02:37.846 [Test worker] INFO mw.chat.reactor.backpressure.BackpressureDefaultStrategyTest - Pushed=>488
08:02:37.846 [Test worker] INFO mw.chat.reactor.backpressure.BackpressureDefaultStrategyTest - Pushed=>489
08:02:37.846 [Test worker] INFO mw.chat.reactor.backpressure.BackpressureDefaultStrategyTest - Pushed=>490
08:02:37.846 [Test worker] INFO mw.chat.reactor.backpressure.BackpressureDefaultStrategyTest - Pushed=>491
08:02:37.846 [Test worker] INFO mw.chat.reactor.backpressure.BackpressureDefaultStrategyTest - Pushed=>492
08:02:37.846 [Test worker] INFO mw.chat.reactor.backpressure.BackpressureDefaultStrategyTest - Pushed=>493
08:02:37.846 [Test worker] INFO mw.chat.reactor.backpressure.BackpressureDefaultStrategyTest - Pushed=>494
08:02:37.846 [Test worker] INFO mw.chat.reactor.backpressure.BackpressureDefaultStrategyTest - Pushed=>495
08:02:37.846 [Test worker] INFO mw.chat.reactor.backpressure.BackpressureDefaultStrategyTest - Pushed=>496
08:02:37.846 [Test worker] INFO mw.chat.reactor.backpressure.BackpressureDefaultStrategyTest - Pushed=>497
08:02:37.846 [Test worker] INFO mw.chat.reactor.backpressure.BackpressureDefaultStrategyTest - Pushed=>498
08:02:37.846 [Test worker] INFO mw.chat.reactor.backpressure.BackpressureDefaultStrategyTest - Pushed=>499
08:02:37.846 [Test worker] INFO mw.chat.reactor.backpressure.BackpressureDefaultStrategyTest - Pushed=>500
08:02:38.809 [boundedElastic-1] INFO mw.chat.reactor.backpressure.BackpressureDefaultStrategyTest - Received=>1
boundedElastic-1 => => DefaultSimpleSubscriber Received : 1
08:02:39.823 [boundedElastic-1] INFO mw.chat.reactor.backpressure.BackpressureDefaultStrategyTest - Received=>2
boundedElastic-1 => => DefaultSimpleSubscriber Received : 2
08:02:40.835 [boundedElastic-1] INFO mw.chat.reactor.backpressure.BackpressureDefaultStrategyTest - Received=>3
boundedElastic-1 => => DefaultSimpleSubscriber Received : 3
08:02:41.845 [boundedElastic-1] INFO mw.chat.reactor.backpressure.BackpressureDefaultStrategyTest - Received=>4
boundedElastic-1 => => DefaultSimpleSubscriber Received : 4
08:02:42.849 [boundedElastic-1] INFO mw.chat.reactor.backpressure.BackpressureDefaultStrategyTest - Received=>5
boundedElastic-1 => => DefaultSimpleSubscriber Received : 5
]]></system-out>
  <system-err><![CDATA[]]></system-err>
</testsuite>
