<?xml version="1.0" encoding="UTF-8"?>
<testsuite name="mw.chat.reactor.operators.TimeoutOperatorTest" tests="1" skipped="0" failures="0" errors="0" timestamp="2021-05-09T06:22:59" hostname="APS00087715-MB" time="5.318">
  <properties/>
  <testcase name="Should emit fallback signals when timeout is reached" classname="mw.chat.reactor.operators.TimeoutOperatorTest" time="5.318"/>
  <system-out><![CDATA[08:22:59.261 [Test worker] DEBUG reactor.util.Loggers - Using Slf4j logging framework
parallel-3 => => DefaultSimpleSubscriber Received : 1
parallel-4 => => DefaultSimpleSubscriber Received : 2
parallel-5 => => DefaultSimpleSubscriber Received : 3
parallel-6 => => DefaultSimpleSubscriber Received : 4
parallel-7 => => DefaultSimpleSubscriber Received : 5
parallel-8 => => DefaultSimpleSubscriber Received : 6
parallel-9 => => DefaultSimpleSubscriber Received : 7
parallel-10 => => DefaultSimpleSubscriber Received : 8
parallel-11 => => DefaultSimpleSubscriber Received : 9
parallel-12 => => DefaultSimpleSubscriber Received : 10
parallel-1 => => DefaultSimpleSubscriber Received : 11
parallel-2 => => DefaultSimpleSubscriber Received : 12
parallel-3 => => DefaultSimpleSubscriber Received : 13
parallel-4 => => DefaultSimpleSubscriber Received : 14
parallel-5 => => DefaultSimpleSubscriber Received : 15
parallel-5 => => DefaultSimpleSubscriber Completed
]]></system-out>
  <system-err><![CDATA[]]></system-err>
</testsuite>
