<?xml version="1.0" encoding="UTF-8"?>
<testsuite name="mw.chat.reactor.ReactorFluxGenerateAndCreateComparisonTest" tests="1" skipped="0" failures="0" errors="0" timestamp="2021-04-29T08:19:31" hostname="APS00087715-MB" time="0.258">
  <properties/>
  <testcase name="Should emit max number of signals via generate method with state" classname="mw.chat.reactor.ReactorFluxGenerateAndCreateComparisonTest" time="0.258"/>
  <system-out><![CDATA[10:19:31.641 [Test worker] DEBUG reactor.util.Loggers - Using Slf4j logging framework
Emitting=>Lesotho
=> DefaultSimpleSubscriber Received : Lesotho
Emitting=>Jordan
=> DefaultSimpleSubscriber Received : Jordan
Emitting=>Qatar
=> DefaultSimpleSubscriber Received : Qatar
Emitting=>Belarus
=> DefaultSimpleSubscriber Received : Belarus
Emitting=>Bosnia and Herzegovina
=> DefaultSimpleSubscriber Received : Bosnia and Herzegovina
Emitting=>New Zealand
=> DefaultSimpleSubscriber Received : New Zealand
Emitting=>Burkina Faso
=> DefaultSimpleSubscriber Received : Burkina Faso
Emitting=>Uruguay
=> DefaultSimpleSubscriber Received : Uruguay
Emitting=>Portugal
=> DefaultSimpleSubscriber Received : Portugal
Emitting=>Tunisia
=> DefaultSimpleSubscriber Received : Tunisia
Emitting=>Congo
=> DefaultSimpleSubscriber Received : Congo
Emitting=>United Kingdom of Great Britain and Northern Ireland
=> DefaultSimpleSubscriber Received : United Kingdom of Great Britain and Northern Ireland
Emitting=>Kuwait
=> DefaultSimpleSubscriber Received : Kuwait
Emitting=>Monaco
=> DefaultSimpleSubscriber Received : Monaco
Emitting=>Timor-Leste
=> DefaultSimpleSubscriber Received : Timor-Leste
Emitting=>Germany
=> DefaultSimpleSubscriber Received : Germany
Emitting=>Croatia
=> DefaultSimpleSubscriber Received : Croatia
Emitting=>Argentina
=> DefaultSimpleSubscriber Received : Argentina
Emitting=>Guinea-Bissau
=> DefaultSimpleSubscriber Received : Guinea-Bissau
Emitting=>Uganda
=> DefaultSimpleSubscriber Received : Uganda
Emitting=>Brunei Darussalam
=> DefaultSimpleSubscriber Received : Brunei Darussalam
Emitting=>Sri Lanka
=> DefaultSimpleSubscriber Received : Sri Lanka
Emitting=>Israel
=> DefaultSimpleSubscriber Received : Israel
Emitting=>Cyprus
=> DefaultSimpleSubscriber Received : Cyprus
Emitting=>Cabo Verde
=> DefaultSimpleSubscriber Received : Cabo Verde
Emitting=>Saint Lucia
=> DefaultSimpleSubscriber Received : Saint Lucia
Emitting=>Switzerland
=> DefaultSimpleSubscriber Received : Switzerland
Emitting=>Bolivia (Plurinational State of)
=> DefaultSimpleSubscriber Received : Bolivia (Plurinational State of)
Emitting=>Portugal
=> DefaultSimpleSubscriber Received : Portugal
Emitting=>Gabon
=> DefaultSimpleSubscriber Received : Gabon
Emitting=>Rwanda
=> DefaultSimpleSubscriber Received : Rwanda
Emitting=>Costa Rica
=> DefaultSimpleSubscriber Received : Costa Rica
Emitting=>Lebanon
=> DefaultSimpleSubscriber Received : Lebanon
Emitting=>Cyprus
=> DefaultSimpleSubscriber Received : Cyprus
Emitting=>Grenada
=> DefaultSimpleSubscriber Received : Grenada
Emitting=>Peru
=> DefaultSimpleSubscriber Received : Peru
Emitting=>Jordan
=> DefaultSimpleSubscriber Received : Jordan
Emitting=>Sao Tome and Principe
=> DefaultSimpleSubscriber Received : Sao Tome and Principe
Emitting=>Netherlands
=> DefaultSimpleSubscriber Received : Netherlands
Emitting=>Libya
=> DefaultSimpleSubscriber Received : Libya
Emitting=>Samoa
=> DefaultSimpleSubscriber Received : Samoa
Emitting=>Thailand
=> DefaultSimpleSubscriber Received : Thailand
Emitting=>Vanuatu
=> DefaultSimpleSubscriber Received : Vanuatu
Emitting=>Yemen
=> DefaultSimpleSubscriber Received : Yemen
Emitting=>Bahrain
=> DefaultSimpleSubscriber Received : Bahrain
Emitting=>Austria
=> DefaultSimpleSubscriber Received : Austria
Emitting=>Congo, Democratic Republic of the
=> DefaultSimpleSubscriber Received : Congo, Democratic Republic of the
Emitting=>Argentina
=> DefaultSimpleSubscriber Received : Argentina
Emitting=>Senegal
=> DefaultSimpleSubscriber Received : Senegal
Emitting=>Thailand
=> DefaultSimpleSubscriber Received : Thailand
Emitting=>Italy
=> DefaultSimpleSubscriber Received : Italy
Emitting=>Azerbaijan
=> DefaultSimpleSubscriber Received : Azerbaijan
Emitting=>Czechia
=> DefaultSimpleSubscriber Received : Czechia
Emitting=>Somalia
=> DefaultSimpleSubscriber Received : Somalia
Emitting=>Thailand
=> DefaultSimpleSubscriber Received : Thailand
Emitting=>Indonesia
=> DefaultSimpleSubscriber Received : Indonesia
Emitting=>Serbia
=> DefaultSimpleSubscriber Received : Serbia
Emitting=>Sri Lanka
=> DefaultSimpleSubscriber Received : Sri Lanka
Emitting=>Yemen
=> DefaultSimpleSubscriber Received : Yemen
Emitting=>Bhutan
=> DefaultSimpleSubscriber Received : Bhutan
Emitting=>Libya
=> DefaultSimpleSubscriber Received : Libya
Emitting=>Liechtenstein
=> DefaultSimpleSubscriber Received : Liechtenstein
Emitting=>Benin
=> DefaultSimpleSubscriber Received : Benin
Emitting=>Morocco
=> DefaultSimpleSubscriber Received : Morocco
Emitting=>Suriname
=> DefaultSimpleSubscriber Received : Suriname
Emitting=>Tuvalu
=> DefaultSimpleSubscriber Received : Tuvalu
Emitting=>Libya
=> DefaultSimpleSubscriber Received : Libya
Emitting=>Central African Republic
=> DefaultSimpleSubscriber Received : Central African Republic
Emitting=>Papua New Guinea
=> DefaultSimpleSubscriber Received : Papua New Guinea
Emitting=>Uzbekistan
=> DefaultSimpleSubscriber Received : Uzbekistan
Emitting=>Solomon Islands
=> DefaultSimpleSubscriber Received : Solomon Islands
Emitting=>South Sudan
=> DefaultSimpleSubscriber Received : South Sudan
Emitting=>Namibia
=> DefaultSimpleSubscriber Received : Namibia
Emitting=>Viet Nam
=> DefaultSimpleSubscriber Received : Viet Nam
Emitting=>Samoa
=> DefaultSimpleSubscriber Received : Samoa
Emitting=>Luxembourg
=> DefaultSimpleSubscriber Received : Luxembourg
Emitting=>Dominican Republic
=> DefaultSimpleSubscriber Received : Dominican Republic
Emitting=>Grenada
=> DefaultSimpleSubscriber Received : Grenada
Emitting=>Australia
=> DefaultSimpleSubscriber Received : Australia
Emitting=>Korea, Republic of
=> DefaultSimpleSubscriber Received : Korea, Republic of
Emitting=>Latvia
=> DefaultSimpleSubscriber Received : Latvia
Emitting=>Pakistan
=> DefaultSimpleSubscriber Received : Pakistan
Emitting=>Lebanon
=> DefaultSimpleSubscriber Received : Lebanon
Emitting=>Peru
=> DefaultSimpleSubscriber Received : Peru
Emitting=>Uganda
=> DefaultSimpleSubscriber Received : Uganda
Emitting=>Saint Kitts and Nevis
=> DefaultSimpleSubscriber Received : Saint Kitts and Nevis
Emitting=>Nigeria
=> DefaultSimpleSubscriber Received : Nigeria
Emitting=>Venezuela (Bolivarian Republic of)
=> DefaultSimpleSubscriber Received : Venezuela (Bolivarian Republic of)
Emitting=>Bulgaria
=> DefaultSimpleSubscriber Received : Bulgaria
Emitting=>Tajikistan
=> DefaultSimpleSubscriber Received : Tajikistan
Emitting=>Italy
=> DefaultSimpleSubscriber Received : Italy
Emitting=>Lao People's Democratic Republic
=> DefaultSimpleSubscriber Received : Lao People's Democratic Republic
Emitting=>Mauritania
=> DefaultSimpleSubscriber Received : Mauritania
Emitting=>Guinea
=> DefaultSimpleSubscriber Received : Guinea
Emitting=>Singapore
=> DefaultSimpleSubscriber Received : Singapore
Emitting=>Senegal
=> DefaultSimpleSubscriber Received : Senegal
Emitting=>Singapore
=> DefaultSimpleSubscriber Received : Singapore
Emitting=>Spain
=> DefaultSimpleSubscriber Received : Spain
Emitting=>Slovenia
=> DefaultSimpleSubscriber Received : Slovenia
Emitting=>Malta
=> DefaultSimpleSubscriber Received : Malta
Emitting=>Belgium
=> DefaultSimpleSubscriber Received : Belgium
Emitting=>Ghana
=> DefaultSimpleSubscriber Received : Ghana
Emitting=>Belarus
=> DefaultSimpleSubscriber Received : Belarus
Emitting=>Comoros
=> DefaultSimpleSubscriber Received : Comoros
Emitting=>Kenya
=> DefaultSimpleSubscriber Received : Kenya
Emitting=>Mauritius
=> DefaultSimpleSubscriber Received : Mauritius
Emitting=>Iraq
=> DefaultSimpleSubscriber Received : Iraq
Emitting=>Pakistan
=> DefaultSimpleSubscriber Received : Pakistan
Emitting=>Ukraine
=> DefaultSimpleSubscriber Received : Ukraine
Emitting=>Greece
=> DefaultSimpleSubscriber Received : Greece
Emitting=>Marshall Islands
=> DefaultSimpleSubscriber Received : Marshall Islands
Emitting=>Singapore
=> DefaultSimpleSubscriber Received : Singapore
Emitting=>Mozambique
=> DefaultSimpleSubscriber Received : Mozambique
Emitting=>Antigua and Barbuda
=> DefaultSimpleSubscriber Received : Antigua and Barbuda
Emitting=>Liberia
=> DefaultSimpleSubscriber Received : Liberia
Emitting=>Samoa
=> DefaultSimpleSubscriber Received : Samoa
Emitting=>Iceland
=> DefaultSimpleSubscriber Received : Iceland
Emitting=>Chad
=> DefaultSimpleSubscriber Received : Chad
Emitting=>Belize
=> DefaultSimpleSubscriber Received : Belize
Emitting=>Philippines
=> DefaultSimpleSubscriber Received : Philippines
Emitting=>Bolivia (Plurinational State of)
=> DefaultSimpleSubscriber Received : Bolivia (Plurinational State of)
Emitting=>Estonia
=> DefaultSimpleSubscriber Received : Estonia
Emitting=>Slovakia
=> DefaultSimpleSubscriber Received : Slovakia
Emitting=>El Salvador
=> DefaultSimpleSubscriber Received : El Salvador
Emitting=>Papua New Guinea
=> DefaultSimpleSubscriber Received : Papua New Guinea
Emitting=>Saint Lucia
=> DefaultSimpleSubscriber Received : Saint Lucia
Emitting=>San Marino
=> DefaultSimpleSubscriber Received : San Marino
Emitting=>Israel
=> DefaultSimpleSubscriber Received : Israel
Emitting=>Guinea-Bissau
=> DefaultSimpleSubscriber Received : Guinea-Bissau
Emitting=>Liechtenstein
=> DefaultSimpleSubscriber Received : Liechtenstein
Emitting=>Somalia
=> DefaultSimpleSubscriber Received : Somalia
Emitting=>Benin
=> DefaultSimpleSubscriber Received : Benin
Emitting=>Malawi
=> DefaultSimpleSubscriber Received : Malawi
Emitting=>Cuba
=> DefaultSimpleSubscriber Received : Cuba
Emitting=>Sao Tome and Principe
=> DefaultSimpleSubscriber Received : Sao Tome and Principe
Emitting=>Senegal
=> DefaultSimpleSubscriber Received : Senegal
Emitting=>Serbia
=> DefaultSimpleSubscriber Received : Serbia
Emitting=>Denmark
=> DefaultSimpleSubscriber Received : Denmark
Emitting=>Nauru
=> DefaultSimpleSubscriber Received : Nauru
Emitting=>Micronesia (Federated States of)
=> DefaultSimpleSubscriber Received : Micronesia (Federated States of)
Emitting=>Timor-Leste
=> DefaultSimpleSubscriber Received : Timor-Leste
Emitting=>Austria
=> DefaultSimpleSubscriber Received : Austria
Emitting=>Trinidad and Tobago
=> DefaultSimpleSubscriber Received : Trinidad and Tobago
Emitting=>Barbados
=> DefaultSimpleSubscriber Received : Barbados
Emitting=>Nauru
=> DefaultSimpleSubscriber Received : Nauru
Emitting=>Iceland
=> DefaultSimpleSubscriber Received : Iceland
Emitting=>Norway
=> DefaultSimpleSubscriber Received : Norway
Emitting=>Russian Federation
=> DefaultSimpleSubscriber Received : Russian Federation
Emitting=>Argentina
=> DefaultSimpleSubscriber Received : Argentina
Emitting=>Jordan
=> DefaultSimpleSubscriber Received : Jordan
Emitting=>Philippines
=> DefaultSimpleSubscriber Received : Philippines
Emitting=>Cuba
=> DefaultSimpleSubscriber Received : Cuba
Emitting=>Serbia
=> DefaultSimpleSubscriber Received : Serbia
Emitting=>Tonga
=> DefaultSimpleSubscriber Received : Tonga
Emitting=>Cyprus
=> DefaultSimpleSubscriber Received : Cyprus
Emitting=>Morocco
=> DefaultSimpleSubscriber Received : Morocco
Emitting=>Turkey
=> DefaultSimpleSubscriber Received : Turkey
Emitting=>Mozambique
=> DefaultSimpleSubscriber Received : Mozambique
Emitting=>Ghana
=> DefaultSimpleSubscriber Received : Ghana
Emitting=>United States of America
=> DefaultSimpleSubscriber Received : United States of America
Emitting=>Afghanistan
=> DefaultSimpleSubscriber Received : Afghanistan
Emitting=>Greece
=> DefaultSimpleSubscriber Received : Greece
Emitting=>Jordan
=> DefaultSimpleSubscriber Received : Jordan
Emitting=>Bangladesh
=> DefaultSimpleSubscriber Received : Bangladesh
Emitting=>Myanmar
=> DefaultSimpleSubscriber Received : Myanmar
Emitting=>Seychelles
=> DefaultSimpleSubscriber Received : Seychelles
Emitting=>Honduras
=> DefaultSimpleSubscriber Received : Honduras
Emitting=>Antigua and Barbuda
=> DefaultSimpleSubscriber Received : Antigua and Barbuda
Emitting=>Turkey
=> DefaultSimpleSubscriber Received : Turkey
Emitting=>Mauritius
=> DefaultSimpleSubscriber Received : Mauritius
Emitting=>Italy
=> DefaultSimpleSubscriber Received : Italy
Emitting=>Solomon Islands
=> DefaultSimpleSubscriber Received : Solomon Islands
Emitting=>Trinidad and Tobago
=> DefaultSimpleSubscriber Received : Trinidad and Tobago
Emitting=>Turkey
=> DefaultSimpleSubscriber Received : Turkey
Emitting=>Slovakia
=> DefaultSimpleSubscriber Received : Slovakia
Emitting=>Cameroon
=> DefaultSimpleSubscriber Received : Cameroon
Emitting=>South Africa
=> DefaultSimpleSubscriber Received : South Africa
Emitting=>Lao People's Democratic Republic
=> DefaultSimpleSubscriber Received : Lao People's Democratic Republic
Emitting=>Jamaica
=> DefaultSimpleSubscriber Received : Jamaica
Emitting=>Guinea-Bissau
=> DefaultSimpleSubscriber Received : Guinea-Bissau
Emitting=>Mauritius
=> DefaultSimpleSubscriber Received : Mauritius
Emitting=>Israel
=> DefaultSimpleSubscriber Received : Israel
Emitting=>Maldives
=> DefaultSimpleSubscriber Received : Maldives
Emitting=>C??te d'Ivoire
=> DefaultSimpleSubscriber Received : C??te d'Ivoire
Emitting=>Germany
=> DefaultSimpleSubscriber Received : Germany
Emitting=>Netherlands
=> DefaultSimpleSubscriber Received : Netherlands
Emitting=>Djibouti
=> DefaultSimpleSubscriber Received : Djibouti
Emitting=>Yemen
=> DefaultSimpleSubscriber Received : Yemen
Emitting=>Mauritius
=> DefaultSimpleSubscriber Received : Mauritius
Emitting=>Libya
=> DefaultSimpleSubscriber Received : Libya
Emitting=>Tonga
=> DefaultSimpleSubscriber Received : Tonga
Emitting=>Estonia
=> DefaultSimpleSubscriber Received : Estonia
Emitting=>Bulgaria
=> DefaultSimpleSubscriber Received : Bulgaria
Emitting=>Denmark
=> DefaultSimpleSubscriber Received : Denmark
Emitting=>Liberia
=> DefaultSimpleSubscriber Received : Liberia
Emitting=>Djibouti
=> DefaultSimpleSubscriber Received : Djibouti
Emitting=>New Zealand
=> DefaultSimpleSubscriber Received : New Zealand
Emitting=>Dominica
=> DefaultSimpleSubscriber Received : Dominica
Emitting=>Philippines
=> DefaultSimpleSubscriber Received : Philippines
Emitting=>Kyrgyzstan
=> DefaultSimpleSubscriber Received : Kyrgyzstan
Emitting=>Dominica
=> DefaultSimpleSubscriber Received : Dominica
Emitting=>Bolivia (Plurinational State of)
=> DefaultSimpleSubscriber Received : Bolivia (Plurinational State of)
Emitting=>Nicaragua
=> DefaultSimpleSubscriber Received : Nicaragua
Emitting=>Bolivia (Plurinational State of)
=> DefaultSimpleSubscriber Received : Bolivia (Plurinational State of)
Emitting=>Congo, Democratic Republic of the
=> DefaultSimpleSubscriber Received : Congo, Democratic Republic of the
Emitting=>Algeria
=> DefaultSimpleSubscriber Received : Algeria
Emitting=>Kazakhstan
=> DefaultSimpleSubscriber Received : Kazakhstan
Emitting=>Argentina
=> DefaultSimpleSubscriber Received : Argentina
Emitting=>Lao People's Democratic Republic
=> DefaultSimpleSubscriber Received : Lao People's Democratic Republic
Emitting=>South Africa
=> DefaultSimpleSubscriber Received : South Africa
Emitting=>Syrian Arab Republic
=> DefaultSimpleSubscriber Received : Syrian Arab Republic
Emitting=>Honduras
=> DefaultSimpleSubscriber Received : Honduras
Emitting=>Mali
=> DefaultSimpleSubscriber Received : Mali
Emitting=>Bangladesh
=> DefaultSimpleSubscriber Received : Bangladesh
Emitting=>El Salvador
=> DefaultSimpleSubscriber Received : El Salvador
Emitting=>Barbados
=> DefaultSimpleSubscriber Received : Barbados
Emitting=>Niger
=> DefaultSimpleSubscriber Received : Niger
Emitting=>Spain
=> DefaultSimpleSubscriber Received : Spain
Emitting=>Nicaragua
=> DefaultSimpleSubscriber Received : Nicaragua
Emitting=>Chad
=> DefaultSimpleSubscriber Received : Chad
Emitting=>Namibia
=> DefaultSimpleSubscriber Received : Namibia
Emitting=>Barbados
=> DefaultSimpleSubscriber Received : Barbados
Emitting=>Ukraine
=> DefaultSimpleSubscriber Received : Ukraine
Emitting=>Uruguay
=> DefaultSimpleSubscriber Received : Uruguay
Emitting=>Belarus
=> DefaultSimpleSubscriber Received : Belarus
Emitting=>Czechia
=> DefaultSimpleSubscriber Received : Czechia
Emitting=>Turkmenistan
=> DefaultSimpleSubscriber Received : Turkmenistan
Emitting=>Burkina Faso
=> DefaultSimpleSubscriber Received : Burkina Faso
Emitting=>Honduras
=> DefaultSimpleSubscriber Received : Honduras
Emitting=>Eswatini
=> DefaultSimpleSubscriber Received : Eswatini
Emitting=>Korea (Democratic People's Republic of)
=> DefaultSimpleSubscriber Received : Korea (Democratic People's Republic of)
Emitting=>Spain
=> DefaultSimpleSubscriber Received : Spain
Emitting=>Poland
=> DefaultSimpleSubscriber Received : Poland
Emitting=>Paraguay
=> DefaultSimpleSubscriber Received : Paraguay
Emitting=>Djibouti
=> DefaultSimpleSubscriber Received : Djibouti
Emitting=>Moldova, Republic of
=> DefaultSimpleSubscriber Received : Moldova, Republic of
Emitting=>Zambia
=> DefaultSimpleSubscriber Received : Zambia
Emitting=>Andorra
=> DefaultSimpleSubscriber Received : Andorra
Emitting=>Italy
=> DefaultSimpleSubscriber Received : Italy
Emitting=>Dominica
=> DefaultSimpleSubscriber Received : Dominica
Emitting=>Iran (Islamic Republic of)
=> DefaultSimpleSubscriber Received : Iran (Islamic Republic of)
Emitting=>Morocco
=> DefaultSimpleSubscriber Received : Morocco
Emitting=>Monaco
=> DefaultSimpleSubscriber Received : Monaco
Emitting=>Saint Kitts and Nevis
=> DefaultSimpleSubscriber Received : Saint Kitts and Nevis
Emitting=>Guinea
=> DefaultSimpleSubscriber Received : Guinea
Emitting=>Portugal
=> DefaultSimpleSubscriber Received : Portugal
Emitting=>Oman
=> DefaultSimpleSubscriber Received : Oman
Emitting=>Namibia
=> DefaultSimpleSubscriber Received : Namibia
Emitting=>Liberia
=> DefaultSimpleSubscriber Received : Liberia
Emitting=>Georgia
=> DefaultSimpleSubscriber Received : Georgia
Emitting=>Barbados
=> DefaultSimpleSubscriber Received : Barbados
Emitting=>Spain
=> DefaultSimpleSubscriber Received : Spain
Emitting=>Peru
=> DefaultSimpleSubscriber Received : Peru
Emitting=>Solomon Islands
=> DefaultSimpleSubscriber Received : Solomon Islands
Emitting=>Haiti
=> DefaultSimpleSubscriber Received : Haiti
Emitting=>Singapore
=> DefaultSimpleSubscriber Received : Singapore
Emitting=>Mozambique
=> DefaultSimpleSubscriber Received : Mozambique
Emitting=>Croatia
=> DefaultSimpleSubscriber Received : Croatia
Emitting=>Sudan
=> DefaultSimpleSubscriber Received : Sudan
Emitting=>Canada
=> DefaultSimpleSubscriber Received : Canada
=> DefaultSimpleSubscriber Completed
]]></system-out>
  <system-err><![CDATA[]]></system-err>
</testsuite>
