<?xml version="1.0" encoding="UTF-8"?>
<testsuite name="mw.chat.reactor.backpressure.BackpressureLatestStrategySmallBufferTest" tests="1" skipped="0" failures="0" errors="0" timestamp="2021-05-28T04:10:18" hostname="APS00087715-MB" time="60.393">
  <properties/>
  <testcase name="Should show Latest overview backpressure strategy" classname="mw.chat.reactor.backpressure.BackpressureLatestStrategySmallBufferTest" time="60.393"/>
  <system-out><![CDATA[06:10:18.534 [Test worker] DEBUG reactor.util.Loggers - Using Slf4j logging framework
06:10:18.574 [Test worker] INFO mw.chat.reactor.backpressure.BackpressureLatestStrategySmallBufferTest - Pushed=>1
06:10:18.576 [Test worker] INFO mw.chat.reactor.backpressure.BackpressureLatestStrategySmallBufferTest - Pushed=>2
06:10:18.577 [Test worker] INFO mw.chat.reactor.backpressure.BackpressureLatestStrategySmallBufferTest - Pushed=>3
06:10:18.579 [Test worker] INFO mw.chat.reactor.backpressure.BackpressureLatestStrategySmallBufferTest - Pushed=>4
06:10:18.580 [Test worker] INFO mw.chat.reactor.backpressure.BackpressureLatestStrategySmallBufferTest - Pushed=>5
06:10:18.581 [Test worker] INFO mw.chat.reactor.backpressure.BackpressureLatestStrategySmallBufferTest - Pushed=>6
06:10:18.583 [Test worker] INFO mw.chat.reactor.backpressure.BackpressureLatestStrategySmallBufferTest - Pushed=>7
06:10:18.584 [Test worker] INFO mw.chat.reactor.backpressure.BackpressureLatestStrategySmallBufferTest - Pushed=>8
06:10:18.586 [Test worker] INFO mw.chat.reactor.backpressure.BackpressureLatestStrategySmallBufferTest - Pushed=>9
06:10:18.587 [Test worker] INFO mw.chat.reactor.backpressure.BackpressureLatestStrategySmallBufferTest - Pushed=>10
06:10:18.588 [Test worker] INFO mw.chat.reactor.backpressure.BackpressureLatestStrategySmallBufferTest - Pushed=>11
boundedElastic-1 => => DefaultSimpleSubscriber Received : 1
06:10:18.589 [Test worker] INFO mw.chat.reactor.backpressure.BackpressureLatestStrategySmallBufferTest - Pushed=>12
06:10:18.591 [Test worker] INFO mw.chat.reactor.backpressure.BackpressureLatestStrategySmallBufferTest - Pushed=>13
06:10:18.592 [Test worker] INFO mw.chat.reactor.backpressure.BackpressureLatestStrategySmallBufferTest - Pushed=>14
06:10:18.593 [Test worker] INFO mw.chat.reactor.backpressure.BackpressureLatestStrategySmallBufferTest - Pushed=>15
06:10:18.595 [Test worker] INFO mw.chat.reactor.backpressure.BackpressureLatestStrategySmallBufferTest - Pushed=>16
06:10:18.596 [Test worker] INFO mw.chat.reactor.backpressure.BackpressureLatestStrategySmallBufferTest - Pushed=>17
06:10:18.598 [Test worker] INFO mw.chat.reactor.backpressure.BackpressureLatestStrategySmallBufferTest - Pushed=>18
06:10:18.599 [Test worker] INFO mw.chat.reactor.backpressure.BackpressureLatestStrategySmallBufferTest - Pushed=>19
boundedElastic-1 => => DefaultSimpleSubscriber Received : 2
06:10:18.600 [Test worker] INFO mw.chat.reactor.backpressure.BackpressureLatestStrategySmallBufferTest - Pushed=>20
06:10:18.601 [Test worker] INFO mw.chat.reactor.backpressure.BackpressureLatestStrategySmallBufferTest - Pushed=>21
06:10:18.603 [Test worker] INFO mw.chat.reactor.backpressure.BackpressureLatestStrategySmallBufferTest - Pushed=>22
06:10:18.605 [Test worker] INFO mw.chat.reactor.backpressure.BackpressureLatestStrategySmallBufferTest - Pushed=>23
06:10:18.606 [Test worker] INFO mw.chat.reactor.backpressure.BackpressureLatestStrategySmallBufferTest - Pushed=>24
06:10:18.608 [Test worker] INFO mw.chat.reactor.backpressure.BackpressureLatestStrategySmallBufferTest - Pushed=>25
06:10:18.609 [Test worker] INFO mw.chat.reactor.backpressure.BackpressureLatestStrategySmallBufferTest - Pushed=>26
06:10:18.610 [Test worker] INFO mw.chat.reactor.backpressure.BackpressureLatestStrategySmallBufferTest - Pushed=>27
boundedElastic-1 => => DefaultSimpleSubscriber Received : 3
06:10:18.611 [Test worker] INFO mw.chat.reactor.backpressure.BackpressureLatestStrategySmallBufferTest - Pushed=>28
06:10:18.613 [Test worker] INFO mw.chat.reactor.backpressure.BackpressureLatestStrategySmallBufferTest - Pushed=>29
06:10:18.615 [Test worker] INFO mw.chat.reactor.backpressure.BackpressureLatestStrategySmallBufferTest - Pushed=>30
06:10:18.616 [Test worker] INFO mw.chat.reactor.backpressure.BackpressureLatestStrategySmallBufferTest - Pushed=>31
06:10:18.618 [Test worker] INFO mw.chat.reactor.backpressure.BackpressureLatestStrategySmallBufferTest - Pushed=>32
06:10:18.619 [Test worker] INFO mw.chat.reactor.backpressure.BackpressureLatestStrategySmallBufferTest - Pushed=>33
06:10:18.620 [Test worker] INFO mw.chat.reactor.backpressure.BackpressureLatestStrategySmallBufferTest - Pushed=>34
boundedElastic-1 => => DefaultSimpleSubscriber Received : 4
06:10:18.622 [Test worker] INFO mw.chat.reactor.backpressure.BackpressureLatestStrategySmallBufferTest - Pushed=>35
06:10:18.623 [Test worker] INFO mw.chat.reactor.backpressure.BackpressureLatestStrategySmallBufferTest - Pushed=>36
06:10:18.625 [Test worker] INFO mw.chat.reactor.backpressure.BackpressureLatestStrategySmallBufferTest - Pushed=>37
06:10:18.627 [Test worker] INFO mw.chat.reactor.backpressure.BackpressureLatestStrategySmallBufferTest - Pushed=>38
06:10:18.628 [Test worker] INFO mw.chat.reactor.backpressure.BackpressureLatestStrategySmallBufferTest - Pushed=>39
06:10:18.629 [Test worker] INFO mw.chat.reactor.backpressure.BackpressureLatestStrategySmallBufferTest - Pushed=>40
06:10:18.630 [Test worker] INFO mw.chat.reactor.backpressure.BackpressureLatestStrategySmallBufferTest - Pushed=>41
06:10:18.632 [Test worker] INFO mw.chat.reactor.backpressure.BackpressureLatestStrategySmallBufferTest - Pushed=>42
boundedElastic-1 => => DefaultSimpleSubscriber Received : 5
06:10:18.633 [Test worker] INFO mw.chat.reactor.backpressure.BackpressureLatestStrategySmallBufferTest - Pushed=>43
06:10:18.636 [Test worker] INFO mw.chat.reactor.backpressure.BackpressureLatestStrategySmallBufferTest - Pushed=>44
06:10:18.637 [Test worker] INFO mw.chat.reactor.backpressure.BackpressureLatestStrategySmallBufferTest - Pushed=>45
06:10:18.638 [Test worker] INFO mw.chat.reactor.backpressure.BackpressureLatestStrategySmallBufferTest - Pushed=>46
06:10:18.639 [Test worker] INFO mw.chat.reactor.backpressure.BackpressureLatestStrategySmallBufferTest - Pushed=>47
06:10:18.641 [Test worker] INFO mw.chat.reactor.backpressure.BackpressureLatestStrategySmallBufferTest - Pushed=>48
06:10:18.642 [Test worker] INFO mw.chat.reactor.backpressure.BackpressureLatestStrategySmallBufferTest - Pushed=>49
boundedElastic-1 => => DefaultSimpleSubscriber Received : 6
06:10:18.644 [Test worker] INFO mw.chat.reactor.backpressure.BackpressureLatestStrategySmallBufferTest - Pushed=>50
06:10:18.646 [Test worker] INFO mw.chat.reactor.backpressure.BackpressureLatestStrategySmallBufferTest - Pushed=>51
06:10:18.647 [Test worker] INFO mw.chat.reactor.backpressure.BackpressureLatestStrategySmallBufferTest - Pushed=>52
06:10:18.648 [Test worker] INFO mw.chat.reactor.backpressure.BackpressureLatestStrategySmallBufferTest - Pushed=>53
06:10:18.650 [Test worker] INFO mw.chat.reactor.backpressure.BackpressureLatestStrategySmallBufferTest - Pushed=>54
06:10:18.651 [Test worker] INFO mw.chat.reactor.backpressure.BackpressureLatestStrategySmallBufferTest - Pushed=>55
06:10:18.652 [Test worker] INFO mw.chat.reactor.backpressure.BackpressureLatestStrategySmallBufferTest - Pushed=>56
boundedElastic-1 => => DefaultSimpleSubscriber Received : 7
06:10:18.654 [Test worker] INFO mw.chat.reactor.backpressure.BackpressureLatestStrategySmallBufferTest - Pushed=>57
06:10:18.656 [Test worker] INFO mw.chat.reactor.backpressure.BackpressureLatestStrategySmallBufferTest - Pushed=>58
06:10:18.657 [Test worker] INFO mw.chat.reactor.backpressure.BackpressureLatestStrategySmallBufferTest - Pushed=>59
06:10:18.659 [Test worker] INFO mw.chat.reactor.backpressure.BackpressureLatestStrategySmallBufferTest - Pushed=>60
06:10:18.660 [Test worker] INFO mw.chat.reactor.backpressure.BackpressureLatestStrategySmallBufferTest - Pushed=>61
06:10:18.661 [Test worker] INFO mw.chat.reactor.backpressure.BackpressureLatestStrategySmallBufferTest - Pushed=>62
06:10:18.662 [Test worker] INFO mw.chat.reactor.backpressure.BackpressureLatestStrategySmallBufferTest - Pushed=>63
boundedElastic-1 => => DefaultSimpleSubscriber Received : 8
06:10:18.664 [Test worker] INFO mw.chat.reactor.backpressure.BackpressureLatestStrategySmallBufferTest - Pushed=>64
06:10:18.666 [Test worker] INFO mw.chat.reactor.backpressure.BackpressureLatestStrategySmallBufferTest - Pushed=>65
06:10:18.667 [Test worker] INFO mw.chat.reactor.backpressure.BackpressureLatestStrategySmallBufferTest - Pushed=>66
06:10:18.669 [Test worker] INFO mw.chat.reactor.backpressure.BackpressureLatestStrategySmallBufferTest - Pushed=>67
06:10:18.670 [Test worker] INFO mw.chat.reactor.backpressure.BackpressureLatestStrategySmallBufferTest - Pushed=>68
06:10:18.671 [Test worker] INFO mw.chat.reactor.backpressure.BackpressureLatestStrategySmallBufferTest - Pushed=>69
06:10:18.673 [Test worker] INFO mw.chat.reactor.backpressure.BackpressureLatestStrategySmallBufferTest - Pushed=>70
06:10:18.674 [Test worker] INFO mw.chat.reactor.backpressure.BackpressureLatestStrategySmallBufferTest - Pushed=>71
06:10:18.676 [Test worker] INFO mw.chat.reactor.backpressure.BackpressureLatestStrategySmallBufferTest - Pushed=>72
06:10:18.677 [Test worker] INFO mw.chat.reactor.backpressure.BackpressureLatestStrategySmallBufferTest - Pushed=>73
06:10:18.678 [Test worker] INFO mw.chat.reactor.backpressure.BackpressureLatestStrategySmallBufferTest - Pushed=>74
06:10:18.680 [Test worker] INFO mw.chat.reactor.backpressure.BackpressureLatestStrategySmallBufferTest - Pushed=>75
boundedElastic-1 => => DefaultSimpleSubscriber Received : 9
06:10:18.681 [Test worker] INFO mw.chat.reactor.backpressure.BackpressureLatestStrategySmallBufferTest - Pushed=>76
06:10:18.682 [Test worker] INFO mw.chat.reactor.backpressure.BackpressureLatestStrategySmallBufferTest - Pushed=>77
06:10:18.684 [Test worker] INFO mw.chat.reactor.backpressure.BackpressureLatestStrategySmallBufferTest - Pushed=>78
06:10:18.686 [Test worker] INFO mw.chat.reactor.backpressure.BackpressureLatestStrategySmallBufferTest - Pushed=>79
06:10:18.687 [Test worker] INFO mw.chat.reactor.backpressure.BackpressureLatestStrategySmallBufferTest - Pushed=>80
06:10:18.689 [Test worker] INFO mw.chat.reactor.backpressure.BackpressureLatestStrategySmallBufferTest - Pushed=>81
06:10:18.690 [Test worker] INFO mw.chat.reactor.backpressure.BackpressureLatestStrategySmallBufferTest - Pushed=>82
06:10:18.691 [Test worker] INFO mw.chat.reactor.backpressure.BackpressureLatestStrategySmallBufferTest - Pushed=>83
boundedElastic-1 => => DefaultSimpleSubscriber Received : 10
06:10:18.693 [Test worker] INFO mw.chat.reactor.backpressure.BackpressureLatestStrategySmallBufferTest - Pushed=>84
06:10:18.694 [Test worker] INFO mw.chat.reactor.backpressure.BackpressureLatestStrategySmallBufferTest - Pushed=>85
06:10:18.696 [Test worker] INFO mw.chat.reactor.backpressure.BackpressureLatestStrategySmallBufferTest - Pushed=>86
06:10:18.697 [Test worker] INFO mw.chat.reactor.backpressure.BackpressureLatestStrategySmallBufferTest - Pushed=>87
06:10:18.699 [Test worker] INFO mw.chat.reactor.backpressure.BackpressureLatestStrategySmallBufferTest - Pushed=>88
06:10:18.700 [Test worker] INFO mw.chat.reactor.backpressure.BackpressureLatestStrategySmallBufferTest - Pushed=>89
06:10:18.701 [Test worker] INFO mw.chat.reactor.backpressure.BackpressureLatestStrategySmallBufferTest - Pushed=>90
06:10:18.703 [Test worker] INFO mw.chat.reactor.backpressure.BackpressureLatestStrategySmallBufferTest - Pushed=>91
boundedElastic-1 => => DefaultSimpleSubscriber Received : 11
06:10:18.705 [Test worker] INFO mw.chat.reactor.backpressure.BackpressureLatestStrategySmallBufferTest - Pushed=>92
06:10:18.706 [Test worker] INFO mw.chat.reactor.backpressure.BackpressureLatestStrategySmallBufferTest - Pushed=>93
06:10:18.707 [Test worker] INFO mw.chat.reactor.backpressure.BackpressureLatestStrategySmallBufferTest - Pushed=>94
06:10:18.709 [Test worker] INFO mw.chat.reactor.backpressure.BackpressureLatestStrategySmallBufferTest - Pushed=>95
06:10:18.711 [Test worker] INFO mw.chat.reactor.backpressure.BackpressureLatestStrategySmallBufferTest - Pushed=>96
06:10:18.712 [Test worker] INFO mw.chat.reactor.backpressure.BackpressureLatestStrategySmallBufferTest - Pushed=>97
06:10:18.713 [Test worker] INFO mw.chat.reactor.backpressure.BackpressureLatestStrategySmallBufferTest - Pushed=>98
06:10:18.714 [Test worker] INFO mw.chat.reactor.backpressure.BackpressureLatestStrategySmallBufferTest - Pushed=>99
boundedElastic-1 => => DefaultSimpleSubscriber Received : 12
06:10:18.716 [Test worker] INFO mw.chat.reactor.backpressure.BackpressureLatestStrategySmallBufferTest - Pushed=>100
06:10:18.718 [Test worker] INFO mw.chat.reactor.backpressure.BackpressureLatestStrategySmallBufferTest - Pushed=>101
06:10:18.719 [Test worker] INFO mw.chat.reactor.backpressure.BackpressureLatestStrategySmallBufferTest - Pushed=>102
06:10:18.720 [Test worker] INFO mw.chat.reactor.backpressure.BackpressureLatestStrategySmallBufferTest - Pushed=>103
06:10:18.721 [Test worker] INFO mw.chat.reactor.backpressure.BackpressureLatestStrategySmallBufferTest - Pushed=>104
06:10:18.723 [Test worker] INFO mw.chat.reactor.backpressure.BackpressureLatestStrategySmallBufferTest - Pushed=>105
06:10:18.724 [Test worker] INFO mw.chat.reactor.backpressure.BackpressureLatestStrategySmallBufferTest - Pushed=>106
boundedElastic-1 => => DefaultSimpleSubscriber Received : 13
06:10:18.726 [Test worker] INFO mw.chat.reactor.backpressure.BackpressureLatestStrategySmallBufferTest - Pushed=>107
06:10:18.728 [Test worker] INFO mw.chat.reactor.backpressure.BackpressureLatestStrategySmallBufferTest - Pushed=>108
06:10:18.729 [Test worker] INFO mw.chat.reactor.backpressure.BackpressureLatestStrategySmallBufferTest - Pushed=>109
06:10:18.730 [Test worker] INFO mw.chat.reactor.backpressure.BackpressureLatestStrategySmallBufferTest - Pushed=>110
06:10:18.732 [Test worker] INFO mw.chat.reactor.backpressure.BackpressureLatestStrategySmallBufferTest - Pushed=>111
06:10:18.733 [Test worker] INFO mw.chat.reactor.backpressure.BackpressureLatestStrategySmallBufferTest - Pushed=>112
06:10:18.735 [Test worker] INFO mw.chat.reactor.backpressure.BackpressureLatestStrategySmallBufferTest - Pushed=>113
06:10:18.737 [Test worker] INFO mw.chat.reactor.backpressure.BackpressureLatestStrategySmallBufferTest - Pushed=>114
boundedElastic-1 => => DefaultSimpleSubscriber Received : 14
06:10:18.739 [Test worker] INFO mw.chat.reactor.backpressure.BackpressureLatestStrategySmallBufferTest - Pushed=>115
06:10:18.741 [Test worker] INFO mw.chat.reactor.backpressure.BackpressureLatestStrategySmallBufferTest - Pushed=>116
06:10:18.743 [Test worker] INFO mw.chat.reactor.backpressure.BackpressureLatestStrategySmallBufferTest - Pushed=>117
06:10:18.745 [Test worker] INFO mw.chat.reactor.backpressure.BackpressureLatestStrategySmallBufferTest - Pushed=>118
06:10:18.746 [Test worker] INFO mw.chat.reactor.backpressure.BackpressureLatestStrategySmallBufferTest - Pushed=>119
06:10:18.747 [Test worker] INFO mw.chat.reactor.backpressure.BackpressureLatestStrategySmallBufferTest - Pushed=>120
06:10:18.748 [Test worker] INFO mw.chat.reactor.backpressure.BackpressureLatestStrategySmallBufferTest - Pushed=>121
boundedElastic-1 => => DefaultSimpleSubscriber Received : 15
06:10:18.749 [Test worker] INFO mw.chat.reactor.backpressure.BackpressureLatestStrategySmallBufferTest - Pushed=>122
06:10:18.751 [Test worker] INFO mw.chat.reactor.backpressure.BackpressureLatestStrategySmallBufferTest - Pushed=>123
06:10:18.752 [Test worker] INFO mw.chat.reactor.backpressure.BackpressureLatestStrategySmallBufferTest - Pushed=>124
06:10:18.753 [Test worker] INFO mw.chat.reactor.backpressure.BackpressureLatestStrategySmallBufferTest - Pushed=>125
06:10:18.754 [Test worker] INFO mw.chat.reactor.backpressure.BackpressureLatestStrategySmallBufferTest - Pushed=>126
06:10:18.757 [Test worker] INFO mw.chat.reactor.backpressure.BackpressureLatestStrategySmallBufferTest - Pushed=>127
06:10:18.758 [Test worker] INFO mw.chat.reactor.backpressure.BackpressureLatestStrategySmallBufferTest - Pushed=>128
boundedElastic-1 => => DefaultSimpleSubscriber Received : 16
06:10:18.759 [Test worker] INFO mw.chat.reactor.backpressure.BackpressureLatestStrategySmallBufferTest - Pushed=>129
06:10:18.761 [Test worker] INFO mw.chat.reactor.backpressure.BackpressureLatestStrategySmallBufferTest - Pushed=>130
06:10:18.762 [Test worker] INFO mw.chat.reactor.backpressure.BackpressureLatestStrategySmallBufferTest - Pushed=>131
06:10:18.764 [Test worker] INFO mw.chat.reactor.backpressure.BackpressureLatestStrategySmallBufferTest - Pushed=>132
06:10:18.765 [Test worker] INFO mw.chat.reactor.backpressure.BackpressureLatestStrategySmallBufferTest - Pushed=>133
06:10:18.767 [Test worker] INFO mw.chat.reactor.backpressure.BackpressureLatestStrategySmallBufferTest - Pushed=>134
06:10:18.768 [Test worker] INFO mw.chat.reactor.backpressure.BackpressureLatestStrategySmallBufferTest - Pushed=>135
06:10:18.770 [Test worker] INFO mw.chat.reactor.backpressure.BackpressureLatestStrategySmallBufferTest - Pushed=>136
boundedElastic-1 => => DefaultSimpleSubscriber Received : 99
06:10:18.772 [Test worker] INFO mw.chat.reactor.backpressure.BackpressureLatestStrategySmallBufferTest - Pushed=>137
06:10:18.773 [Test worker] INFO mw.chat.reactor.backpressure.BackpressureLatestStrategySmallBufferTest - Pushed=>138
06:10:18.775 [Test worker] INFO mw.chat.reactor.backpressure.BackpressureLatestStrategySmallBufferTest - Pushed=>139
06:10:18.776 [Test worker] INFO mw.chat.reactor.backpressure.BackpressureLatestStrategySmallBufferTest - Pushed=>140
06:10:18.777 [Test worker] INFO mw.chat.reactor.backpressure.BackpressureLatestStrategySmallBufferTest - Pushed=>141
06:10:18.778 [Test worker] INFO mw.chat.reactor.backpressure.BackpressureLatestStrategySmallBufferTest - Pushed=>142
06:10:18.780 [Test worker] INFO mw.chat.reactor.backpressure.BackpressureLatestStrategySmallBufferTest - Pushed=>143
06:10:18.781 [Test worker] INFO mw.chat.reactor.backpressure.BackpressureLatestStrategySmallBufferTest - Pushed=>144
06:10:18.782 [Test worker] INFO mw.chat.reactor.backpressure.BackpressureLatestStrategySmallBufferTest - Pushed=>145
boundedElastic-1 => => DefaultSimpleSubscriber Received : 100
06:10:18.783 [Test worker] INFO mw.chat.reactor.backpressure.BackpressureLatestStrategySmallBufferTest - Pushed=>146
06:10:18.785 [Test worker] INFO mw.chat.reactor.backpressure.BackpressureLatestStrategySmallBufferTest - Pushed=>147
06:10:18.786 [Test worker] INFO mw.chat.reactor.backpressure.BackpressureLatestStrategySmallBufferTest - Pushed=>148
06:10:18.787 [Test worker] INFO mw.chat.reactor.backpressure.BackpressureLatestStrategySmallBufferTest - Pushed=>149
06:10:18.789 [Test worker] INFO mw.chat.reactor.backpressure.BackpressureLatestStrategySmallBufferTest - Pushed=>150
06:10:18.790 [Test worker] INFO mw.chat.reactor.backpressure.BackpressureLatestStrategySmallBufferTest - Pushed=>151
06:10:18.791 [Test worker] INFO mw.chat.reactor.backpressure.BackpressureLatestStrategySmallBufferTest - Pushed=>152
06:10:18.792 [Test worker] INFO mw.chat.reactor.backpressure.BackpressureLatestStrategySmallBufferTest - Pushed=>153
boundedElastic-1 => => DefaultSimpleSubscriber Received : 101
06:10:18.794 [Test worker] INFO mw.chat.reactor.backpressure.BackpressureLatestStrategySmallBufferTest - Pushed=>154
06:10:18.795 [Test worker] INFO mw.chat.reactor.backpressure.BackpressureLatestStrategySmallBufferTest - Pushed=>155
06:10:18.796 [Test worker] INFO mw.chat.reactor.backpressure.BackpressureLatestStrategySmallBufferTest - Pushed=>156
06:10:18.797 [Test worker] INFO mw.chat.reactor.backpressure.BackpressureLatestStrategySmallBufferTest - Pushed=>157
06:10:18.799 [Test worker] INFO mw.chat.reactor.backpressure.BackpressureLatestStrategySmallBufferTest - Pushed=>158
06:10:18.800 [Test worker] INFO mw.chat.reactor.backpressure.BackpressureLatestStrategySmallBufferTest - Pushed=>159
06:10:18.801 [Test worker] INFO mw.chat.reactor.backpressure.BackpressureLatestStrategySmallBufferTest - Pushed=>160
06:10:18.803 [Test worker] INFO mw.chat.reactor.backpressure.BackpressureLatestStrategySmallBufferTest - Pushed=>161
06:10:18.804 [Test worker] INFO mw.chat.reactor.backpressure.BackpressureLatestStrategySmallBufferTest - Pushed=>162
boundedElastic-1 => => DefaultSimpleSubscriber Received : 102
06:10:18.805 [Test worker] INFO mw.chat.reactor.backpressure.BackpressureLatestStrategySmallBufferTest - Pushed=>163
06:10:18.806 [Test worker] INFO mw.chat.reactor.backpressure.BackpressureLatestStrategySmallBufferTest - Pushed=>164
06:10:18.808 [Test worker] INFO mw.chat.reactor.backpressure.BackpressureLatestStrategySmallBufferTest - Pushed=>165
06:10:18.809 [Test worker] INFO mw.chat.reactor.backpressure.BackpressureLatestStrategySmallBufferTest - Pushed=>166
06:10:18.810 [Test worker] INFO mw.chat.reactor.backpressure.BackpressureLatestStrategySmallBufferTest - Pushed=>167
06:10:18.811 [Test worker] INFO mw.chat.reactor.backpressure.BackpressureLatestStrategySmallBufferTest - Pushed=>168
06:10:18.813 [Test worker] INFO mw.chat.reactor.backpressure.BackpressureLatestStrategySmallBufferTest - Pushed=>169
06:10:18.814 [Test worker] INFO mw.chat.reactor.backpressure.BackpressureLatestStrategySmallBufferTest - Pushed=>170
06:10:18.816 [Test worker] INFO mw.chat.reactor.backpressure.BackpressureLatestStrategySmallBufferTest - Pushed=>171
boundedElastic-1 => => DefaultSimpleSubscriber Received : 103
06:10:18.817 [Test worker] INFO mw.chat.reactor.backpressure.BackpressureLatestStrategySmallBufferTest - Pushed=>172
06:10:18.818 [Test worker] INFO mw.chat.reactor.backpressure.BackpressureLatestStrategySmallBufferTest - Pushed=>173
06:10:18.820 [Test worker] INFO mw.chat.reactor.backpressure.BackpressureLatestStrategySmallBufferTest - Pushed=>174
06:10:18.821 [Test worker] INFO mw.chat.reactor.backpressure.BackpressureLatestStrategySmallBufferTest - Pushed=>175
06:10:18.822 [Test worker] INFO mw.chat.reactor.backpressure.BackpressureLatestStrategySmallBufferTest - Pushed=>176
06:10:18.824 [Test worker] INFO mw.chat.reactor.backpressure.BackpressureLatestStrategySmallBufferTest - Pushed=>177
06:10:18.825 [Test worker] INFO mw.chat.reactor.backpressure.BackpressureLatestStrategySmallBufferTest - Pushed=>178
06:10:18.826 [Test worker] INFO mw.chat.reactor.backpressure.BackpressureLatestStrategySmallBufferTest - Pushed=>179
06:10:18.827 [Test worker] INFO mw.chat.reactor.backpressure.BackpressureLatestStrategySmallBufferTest - Pushed=>180
boundedElastic-1 => => DefaultSimpleSubscriber Received : 104
06:10:18.829 [Test worker] INFO mw.chat.reactor.backpressure.BackpressureLatestStrategySmallBufferTest - Pushed=>181
06:10:18.830 [Test worker] INFO mw.chat.reactor.backpressure.BackpressureLatestStrategySmallBufferTest - Pushed=>182
06:10:18.831 [Test worker] INFO mw.chat.reactor.backpressure.BackpressureLatestStrategySmallBufferTest - Pushed=>183
06:10:18.833 [Test worker] INFO mw.chat.reactor.backpressure.BackpressureLatestStrategySmallBufferTest - Pushed=>184
06:10:18.834 [Test worker] INFO mw.chat.reactor.backpressure.BackpressureLatestStrategySmallBufferTest - Pushed=>185
06:10:18.835 [Test worker] INFO mw.chat.reactor.backpressure.BackpressureLatestStrategySmallBufferTest - Pushed=>186
06:10:18.836 [Test worker] INFO mw.chat.reactor.backpressure.BackpressureLatestStrategySmallBufferTest - Pushed=>187
06:10:18.838 [Test worker] INFO mw.chat.reactor.backpressure.BackpressureLatestStrategySmallBufferTest - Pushed=>188
boundedElastic-1 => => DefaultSimpleSubscriber Received : 105
06:10:18.839 [Test worker] INFO mw.chat.reactor.backpressure.BackpressureLatestStrategySmallBufferTest - Pushed=>189
06:10:18.840 [Test worker] INFO mw.chat.reactor.backpressure.BackpressureLatestStrategySmallBufferTest - Pushed=>190
06:10:18.841 [Test worker] INFO mw.chat.reactor.backpressure.BackpressureLatestStrategySmallBufferTest - Pushed=>191
06:10:18.843 [Test worker] INFO mw.chat.reactor.backpressure.BackpressureLatestStrategySmallBufferTest - Pushed=>192
06:10:18.844 [Test worker] INFO mw.chat.reactor.backpressure.BackpressureLatestStrategySmallBufferTest - Pushed=>193
06:10:18.845 [Test worker] INFO mw.chat.reactor.backpressure.BackpressureLatestStrategySmallBufferTest - Pushed=>194
06:10:18.846 [Test worker] INFO mw.chat.reactor.backpressure.BackpressureLatestStrategySmallBufferTest - Pushed=>195
06:10:18.848 [Test worker] INFO mw.chat.reactor.backpressure.BackpressureLatestStrategySmallBufferTest - Pushed=>196
06:10:18.849 [Test worker] INFO mw.chat.reactor.backpressure.BackpressureLatestStrategySmallBufferTest - Pushed=>197
boundedElastic-1 => => DefaultSimpleSubscriber Received : 106
06:10:18.850 [Test worker] INFO mw.chat.reactor.backpressure.BackpressureLatestStrategySmallBufferTest - Pushed=>198
06:10:18.851 [Test worker] INFO mw.chat.reactor.backpressure.BackpressureLatestStrategySmallBufferTest - Pushed=>199
boundedElastic-1 => => DefaultSimpleSubscriber Received : 107
boundedElastic-1 => => DefaultSimpleSubscriber Received : 108
boundedElastic-1 => => DefaultSimpleSubscriber Received : 109
boundedElastic-1 => => DefaultSimpleSubscriber Received : 110
boundedElastic-1 => => DefaultSimpleSubscriber Received : 197
boundedElastic-1 => => DefaultSimpleSubscriber Received : 198
boundedElastic-1 => => DefaultSimpleSubscriber Received : 199
boundedElastic-1 => => DefaultSimpleSubscriber Completed
]]></system-out>
  <system-err><![CDATA[]]></system-err>
</testsuite>
