<?xml version="1.0" encoding="UTF-8"?>
<testsuite name="mw.chat.reactor.operators.OnErrorOperatorTest" tests="1" skipped="0" failures="0" errors="0" timestamp="2021-05-09T05:47:45" hostname="APS00087715-MB" time="0.159">
  <properties/>
  <testcase name="Should continue Flux when error occured" classname="mw.chat.reactor.operators.OnErrorOperatorTest" time="0.159"/>
  <system-out><![CDATA[07:47:45.536 [Test worker] DEBUG reactor.util.Loggers - Using Slf4j logging framework
07:47:45.548 [Test worker] INFO reactor.Flux.Range.1 - | onSubscribe([Synchronous Fuseable] FluxRange.RangeSubscriptionConditional)
07:47:45.556 [Test worker] INFO reactor.Flux.Range.1 - | request(unbounded)
07:47:45.556 [Test worker] INFO reactor.Flux.Range.1 - | onNext(1)
Test worker => => DefaultSimpleSubscriber Received : 2
07:47:45.557 [Test worker] INFO reactor.Flux.Range.1 - | onNext(2)
Test worker => => DefaultSimpleSubscriber Received : 3
07:47:45.558 [Test worker] INFO reactor.Flux.Range.1 - | onNext(3)
Test worker => => DefaultSimpleSubscriber Received : 5
07:47:45.558 [Test worker] INFO reactor.Flux.Range.1 - | onNext(4)
Test worker => => DefaultSimpleSubscriber Received : 10
07:47:45.558 [Test worker] INFO reactor.Flux.Range.1 - | onNext(5)
07:47:45.565 [Test worker] INFO reactor.Flux.Range.1 - | onNext(6)
Test worker => => DefaultSimpleSubscriber Received : -10
07:47:45.565 [Test worker] INFO reactor.Flux.Range.1 - | onNext(7)
Test worker => => DefaultSimpleSubscriber Received : -5
07:47:45.566 [Test worker] INFO reactor.Flux.Range.1 - | onNext(8)
Test worker => => DefaultSimpleSubscriber Received : -3
07:47:45.566 [Test worker] INFO reactor.Flux.Range.1 - | onNext(9)
Test worker => => DefaultSimpleSubscriber Received : -2
07:47:45.566 [Test worker] INFO reactor.Flux.Range.1 - | onNext(10)
Test worker => => DefaultSimpleSubscriber Received : -2
07:47:45.567 [Test worker] INFO reactor.Flux.Range.1 - | onComplete()
Test worker => => DefaultSimpleSubscriber Completed
]]></system-out>
  <system-err><![CDATA[maj 09, 2021 7:47:45 AM mw.chat.reactor.operators.OnErrorOperatorTest lambda$shouldContinueFluxWhenErrorOccured$5
INFO: Error occured => simply skip action => value=5
]]></system-err>
</testsuite>
