<?xml version="1.0" encoding="UTF-8"?>
<testsuite name="mw.chat.reactor.operators.FlatMapOperatorTest" tests="1" skipped="0" failures="0" errors="0" timestamp="2021-05-10T07:47:09" hostname="APS00087715-MB" time="0.336">
  <properties/>
  <testcase name="Should get users and theirs orders" classname="mw.chat.reactor.operators.FlatMapOperatorTest" time="0.336"/>
  <system-out><![CDATA[09:47:09.219 [Test worker] DEBUG reactor.util.Loggers - Using Slf4j logging framework
Test worker => => DefaultSimpleSubscriber Received : mw.chat.reactor.operators.PurchaseOrder@61310580
Test worker => => DefaultSimpleSubscriber Received : mw.chat.reactor.operators.PurchaseOrder@18b50832
Test worker => => DefaultSimpleSubscriber Received : mw.chat.reactor.operators.PurchaseOrder@1c4c50b3
Test worker => => DefaultSimpleSubscriber Received : mw.chat.reactor.operators.PurchaseOrder@1e40e491
Test worker => => DefaultSimpleSubscriber Received : mw.chat.reactor.operators.PurchaseOrder@edf6d37
Test worker => => DefaultSimpleSubscriber Received : mw.chat.reactor.operators.PurchaseOrder@37bf442e
Test worker => => DefaultSimpleSubscriber Completed
]]></system-out>
  <system-err><![CDATA[]]></system-err>
</testsuite>
