<?xml version="1.0" encoding="UTF-8"?>
<testsuite name="mw.chat.reactor.threading.SubscribeOnOperatorTest" tests="1" skipped="0" failures="0" errors="0" timestamp="2021-05-14T19:24:08" hostname="APS00087715-MB" time="0.1">
  <properties/>
  <testcase name="Should switch execution to pooled thread after subscribeOn operator" classname="mw.chat.reactor.threading.SubscribeOnOperatorTest" time="0.1"/>
  <system-out><![CDATA[21:24:08.564 [Test worker] DEBUG reactor.util.Loggers - Using Slf4j logging framework
21:24:08.588 [boundedElastic-1] INFO mw.chat.reactor.threading.SubscribeOnOperatorTest - boundedElastic-1=>first
21:24:08.588 [boundedElastic-1] INFO mw.chat.reactor.threading.SubscribeOnOperatorTest - boundedElastic-1=>second
21:24:08.593 [boundedElastic-1] INFO mw.chat.reactor.threading.SubscribeOnOperatorTest - boundedElastic-1=>create
21:24:08.593 [boundedElastic-1] INFO mw.chat.reactor.threading.SubscribeOnOperatorTest - boundedElastic-1=>subscribed
]]></system-out>
  <system-err><![CDATA[]]></system-err>
</testsuite>
