<?xml version="1.0" encoding="UTF-8"?>
<testsuite name="mw.chat.reactor.operators.ReactiveOperatorsTest" tests="1" skipped="0" failures="0" errors="0" timestamp="2021-05-04T07:17:20" hostname="APS00087715-MB" time="0.207">
  <properties/>
  <testcase name="Should emit country names until Canada occured" classname="mw.chat.reactor.operators.ReactiveOperatorsTest" time="0.207"/>
  <system-out><![CDATA[09:17:20.929 [Test worker] DEBUG reactor.util.Loggers - Using Slf4j logging framework
=> DefaultSimpleSubscriber Received : Benin
=> DefaultSimpleSubscriber Received : Cambodia
=> DefaultSimpleSubscriber Received : Uganda
=> DefaultSimpleSubscriber Received : Grenada
=> DefaultSimpleSubscriber Received : Congo
=> DefaultSimpleSubscriber Received : Micronesia (Federated States of)
=> DefaultSimpleSubscriber Received : Indonesia
=> DefaultSimpleSubscriber Received : Comoros
=> DefaultSimpleSubscriber Received : Belarus
=> DefaultSimpleSubscriber Received : Vanuatu
=> DefaultSimpleSubscriber Received : Angola
=> DefaultSimpleSubscriber Received : South Sudan
=> DefaultSimpleSubscriber Received : Haiti
=> DefaultSimpleSubscriber Received : Argentina
=> DefaultSimpleSubscriber Received : Papua New Guinea
=> DefaultSimpleSubscriber Received : Namibia
=> DefaultSimpleSubscriber Received : Germany
=> DefaultSimpleSubscriber Received : Uruguay
=> DefaultSimpleSubscriber Received : Marshall Islands
=> DefaultSimpleSubscriber Received : Spain
=> DefaultSimpleSubscriber Received : Tajikistan
=> DefaultSimpleSubscriber Received : New Zealand
=> DefaultSimpleSubscriber Received : Rwanda
=> DefaultSimpleSubscriber Received : Brunei Darussalam
=> DefaultSimpleSubscriber Received : Hungary
=> DefaultSimpleSubscriber Received : Trinidad and Tobago
=> DefaultSimpleSubscriber Received : Moldova, Republic of
=> DefaultSimpleSubscriber Received : Mali
=> DefaultSimpleSubscriber Received : Grenada
=> DefaultSimpleSubscriber Received : Seychelles
=> DefaultSimpleSubscriber Received : Congo
=> DefaultSimpleSubscriber Received : Belgium
=> DefaultSimpleSubscriber Received : Panama
=> DefaultSimpleSubscriber Received : Benin
=> DefaultSimpleSubscriber Received : Panama
=> DefaultSimpleSubscriber Received : Eritrea
=> DefaultSimpleSubscriber Received : Cameroon
=> DefaultSimpleSubscriber Received : Azerbaijan
=> DefaultSimpleSubscriber Received : Fiji
=> DefaultSimpleSubscriber Received : Singapore
=> DefaultSimpleSubscriber Received : Tuvalu
=> DefaultSimpleSubscriber Received : Samoa
=> DefaultSimpleSubscriber Received : Mexico
=> DefaultSimpleSubscriber Received : Congo
=> DefaultSimpleSubscriber Received : Saint Kitts and Nevis
=> DefaultSimpleSubscriber Received : Greece
=> DefaultSimpleSubscriber Received : India
=> DefaultSimpleSubscriber Received : Lithuania
=> DefaultSimpleSubscriber Received : Panama
=> DefaultSimpleSubscriber Received : Ireland
=> DefaultSimpleSubscriber Received : Guyana
=> DefaultSimpleSubscriber Received : Singapore
=> DefaultSimpleSubscriber Received : Palau
=> DefaultSimpleSubscriber Received : United States of America
=> DefaultSimpleSubscriber Received : Malta
=> DefaultSimpleSubscriber Received : Botswana
=> DefaultSimpleSubscriber Received : Brunei Darussalam
=> DefaultSimpleSubscriber Received : Sri Lanka
=> DefaultSimpleSubscriber Received : Spain
=> DefaultSimpleSubscriber Received : Malawi
=> DefaultSimpleSubscriber Received : Jamaica
=> DefaultSimpleSubscriber Received : Guyana
=> DefaultSimpleSubscriber Received : Djibouti
=> DefaultSimpleSubscriber Received : Montenegro
=> DefaultSimpleSubscriber Received : Luxembourg
=> DefaultSimpleSubscriber Received : Burkina Faso
=> DefaultSimpleSubscriber Received : Malawi
=> DefaultSimpleSubscriber Received : Romania
=> DefaultSimpleSubscriber Received : Armenia
=> DefaultSimpleSubscriber Received : Syrian Arab Republic
=> DefaultSimpleSubscriber Received : Mongolia
=> DefaultSimpleSubscriber Received : Sao Tome and Principe
=> DefaultSimpleSubscriber Received : Saudi Arabia
=> DefaultSimpleSubscriber Received : Malawi
=> DefaultSimpleSubscriber Received : Thailand
=> DefaultSimpleSubscriber Received : Cabo Verde
=> DefaultSimpleSubscriber Received : Montenegro
=> DefaultSimpleSubscriber Received : Azerbaijan
=> DefaultSimpleSubscriber Received : Venezuela (Bolivarian Republic of)
=> DefaultSimpleSubscriber Received : Libya
=> DefaultSimpleSubscriber Received : Brunei Darussalam
=> DefaultSimpleSubscriber Received : Rwanda
=> DefaultSimpleSubscriber Received : Russian Federation
=> DefaultSimpleSubscriber Received : Zimbabwe
=> DefaultSimpleSubscriber Received : Turkey
=> DefaultSimpleSubscriber Received : Dominica
=> DefaultSimpleSubscriber Received : Togo
=> DefaultSimpleSubscriber Received : Myanmar
=> DefaultSimpleSubscriber Received : Dominica
=> DefaultSimpleSubscriber Received : Monaco
=> DefaultSimpleSubscriber Received : Albania
=> DefaultSimpleSubscriber Received : Namibia
=> DefaultSimpleSubscriber Received : Liechtenstein
=> DefaultSimpleSubscriber Received : Iraq
=> DefaultSimpleSubscriber Received : Marshall Islands
=> DefaultSimpleSubscriber Received : Estonia
=> DefaultSimpleSubscriber Received : Afghanistan
=> DefaultSimpleSubscriber Received : Maldives
=> DefaultSimpleSubscriber Received : Israel
=> DefaultSimpleSubscriber Received : Lithuania
=> DefaultSimpleSubscriber Received : Togo
=> DefaultSimpleSubscriber Received : Denmark
=> DefaultSimpleSubscriber Received : New Zealand
=> DefaultSimpleSubscriber Received : Qatar
=> DefaultSimpleSubscriber Received : Kazakhstan
=> DefaultSimpleSubscriber Received : Benin
=> DefaultSimpleSubscriber Received : Trinidad and Tobago
=> DefaultSimpleSubscriber Received : Morocco
=> DefaultSimpleSubscriber Received : Saint Vincent and the Grenadines
=> DefaultSimpleSubscriber Received : Dominican Republic
=> DefaultSimpleSubscriber Received : Eswatini
=> DefaultSimpleSubscriber Received : Paraguay
=> DefaultSimpleSubscriber Received : Australia
=> DefaultSimpleSubscriber Received : Costa Rica
=> DefaultSimpleSubscriber Received : Andorra
=> DefaultSimpleSubscriber Received : Sudan
=> DefaultSimpleSubscriber Received : Guinea
=> DefaultSimpleSubscriber Received : South Sudan
=> DefaultSimpleSubscriber Received : Slovenia
=> DefaultSimpleSubscriber Received : Pakistan
=> DefaultSimpleSubscriber Received : Cabo Verde
=> DefaultSimpleSubscriber Received : Liechtenstein
=> DefaultSimpleSubscriber Received : Chad
=> DefaultSimpleSubscriber Received : Saudi Arabia
=> DefaultSimpleSubscriber Received : Costa Rica
=> DefaultSimpleSubscriber Received : Algeria
=> DefaultSimpleSubscriber Received : United States of America
=> DefaultSimpleSubscriber Received : Algeria
=> DefaultSimpleSubscriber Received : Ethiopia
=> DefaultSimpleSubscriber Received : Namibia
=> DefaultSimpleSubscriber Received : Philippines
=> DefaultSimpleSubscriber Received : Macedonia, the former Yugoslav Republic of
=> DefaultSimpleSubscriber Received : Albania
=> DefaultSimpleSubscriber Received : Dominica
=> DefaultSimpleSubscriber Received : Gambia
=> DefaultSimpleSubscriber Received : Qatar
=> DefaultSimpleSubscriber Received : Luxembourg
=> DefaultSimpleSubscriber Received : Montenegro
=> DefaultSimpleSubscriber Received : Bangladesh
=> DefaultSimpleSubscriber Received : Palau
=> DefaultSimpleSubscriber Received : Sri Lanka
=> DefaultSimpleSubscriber Received : Nepal
=> DefaultSimpleSubscriber Received : Ukraine
=> DefaultSimpleSubscriber Received : Haiti
=> DefaultSimpleSubscriber Received : Saint Lucia
=> DefaultSimpleSubscriber Received : United Arab Emirates
=> DefaultSimpleSubscriber Received : Kyrgyzstan
=> DefaultSimpleSubscriber Received : Austria
=> DefaultSimpleSubscriber Received : Liberia
=> DefaultSimpleSubscriber Received : Turkmenistan
=> DefaultSimpleSubscriber Received : Samoa
=> DefaultSimpleSubscriber Received : Algeria
=> DefaultSimpleSubscriber Received : Slovenia
=> DefaultSimpleSubscriber Received : Ghana
=> DefaultSimpleSubscriber Received : Morocco
=> DefaultSimpleSubscriber Received : Nicaragua
=> DefaultSimpleSubscriber Received : Kuwait
=> DefaultSimpleSubscriber Received : Liechtenstein
=> DefaultSimpleSubscriber Received : Poland
=> DefaultSimpleSubscriber Received : Tanzania, United Republic of
=> DefaultSimpleSubscriber Received : Morocco
=> DefaultSimpleSubscriber Received : Ethiopia
=> DefaultSimpleSubscriber Received : Iran (Islamic Republic of)
=> DefaultSimpleSubscriber Received : Central African Republic
=> DefaultSimpleSubscriber Received : United Arab Emirates
=> DefaultSimpleSubscriber Received : Chile
=> DefaultSimpleSubscriber Received : Gabon
=> DefaultSimpleSubscriber Received : United States of America
=> DefaultSimpleSubscriber Received : Slovakia
=> DefaultSimpleSubscriber Received : Luxembourg
=> DefaultSimpleSubscriber Received : Burkina Faso
=> DefaultSimpleSubscriber Received : Zimbabwe
=> DefaultSimpleSubscriber Received : Thailand
=> DefaultSimpleSubscriber Received : Nigeria
=> DefaultSimpleSubscriber Received : Costa Rica
=> DefaultSimpleSubscriber Received : New Zealand
=> DefaultSimpleSubscriber Received : Venezuela (Bolivarian Republic of)
=> DefaultSimpleSubscriber Received : Namibia
=> DefaultSimpleSubscriber Received : Gabon
=> DefaultSimpleSubscriber Received : Burkina Faso
=> DefaultSimpleSubscriber Received : Senegal
=> DefaultSimpleSubscriber Received : Saint Kitts and Nevis
=> DefaultSimpleSubscriber Received : Algeria
=> DefaultSimpleSubscriber Received : Qatar
=> DefaultSimpleSubscriber Received : Romania
=> DefaultSimpleSubscriber Received : Estonia
=> DefaultSimpleSubscriber Received : Canada
=> DefaultSimpleSubscriber Completed
]]></system-out>
  <system-err><![CDATA[]]></system-err>
</testsuite>
