<?xml version="1.0" encoding="UTF-8"?>
<testsuite name="mw.chat.reactor.threading.DefaultThreadingTest" tests="1" skipped="0" failures="0" errors="0" timestamp="2021-05-13T20:49:29" hostname="APS00087715-MB" time="7.102">
  <properties/>
  <testcase name="Should execute all pipeline tasks in subscriber thread" classname="mw.chat.reactor.threading.DefaultThreadingTest" time="7.102"/>
  <system-out><![CDATA[22:49:29.091 [Test worker] DEBUG reactor.util.Loggers - Using Slf4j logging framework
22:49:29.103 [Thread-3] INFO mw.chat.reactor.threading.DefaultThreadingTest - Thread-3=>create
22:49:29.104 [Thread-3] INFO mw.chat.reactor.threading.DefaultThreadingTest - Thread-3=>next
22:49:29.104 [Thread-3] INFO mw.chat.reactor.threading.DefaultThreadingTest - Thread-3=>subscribe
22:49:30.099 [Thread-4] INFO mw.chat.reactor.threading.DefaultThreadingTest - Thread-4=>create
22:49:30.099 [Thread-4] INFO mw.chat.reactor.threading.DefaultThreadingTest - Thread-4=>next
22:49:30.099 [Thread-4] INFO mw.chat.reactor.threading.DefaultThreadingTest - Thread-4=>subscribe
]]></system-out>
  <system-err><![CDATA[]]></system-err>
</testsuite>
