<?xml version="1.0" encoding="UTF-8"?>
<testsuite name="mw.chat.reactor.threading.SubscribeOnThreadPoolsTest" tests="1" skipped="0" failures="0" errors="0" timestamp="2021-05-16T19:33:45" hostname="APS00087715-MB" time="7.139">
  <properties/>
  <testcase name="Should retrieve all signals via many threads" classname="mw.chat.reactor.threading.SubscribeOnThreadPoolsTest" time="7.139"/>
  <system-out><![CDATA[21:33:45.100 [Test worker] DEBUG reactor.util.Loggers - Using Slf4j logging framework
21:33:45.120 [parallel-1] INFO mw.chat.reactor.threading.SubscribeOnThreadPoolsTest - parallel-1=>create
21:33:45.121 [parallel-1] INFO mw.chat.reactor.threading.SubscribeOnThreadPoolsTest - parallel-1=>next
21:33:45.121 [parallel-1] INFO mw.chat.reactor.threading.SubscribeOnThreadPoolsTest - parallel-1=>sub
21:33:46.119 [parallel-2] INFO mw.chat.reactor.threading.SubscribeOnThreadPoolsTest - parallel-2=>create
21:33:46.119 [parallel-2] INFO mw.chat.reactor.threading.SubscribeOnThreadPoolsTest - parallel-2=>next
21:33:46.119 [parallel-2] INFO mw.chat.reactor.threading.SubscribeOnThreadPoolsTest - parallel-2=>sub
21:33:47.132 [parallel-3] INFO mw.chat.reactor.threading.SubscribeOnThreadPoolsTest - parallel-3=>create
21:33:47.132 [parallel-3] INFO mw.chat.reactor.threading.SubscribeOnThreadPoolsTest - parallel-3=>next
21:33:47.132 [parallel-3] INFO mw.chat.reactor.threading.SubscribeOnThreadPoolsTest - parallel-3=>sub
21:33:48.143 [parallel-4] INFO mw.chat.reactor.threading.SubscribeOnThreadPoolsTest - parallel-4=>create
21:33:48.143 [parallel-4] INFO mw.chat.reactor.threading.SubscribeOnThreadPoolsTest - parallel-4=>next
21:33:48.144 [parallel-4] INFO mw.chat.reactor.threading.SubscribeOnThreadPoolsTest - parallel-4=>sub
]]></system-out>
  <system-err><![CDATA[]]></system-err>
</testsuite>
