<?xml version="1.0" encoding="UTF-8"?>
<testsuite name="mw.chat.reactor.fileservice.FluxFileReaderTest" tests="1" skipped="0" failures="0" errors="0" timestamp="2021-05-03T19:41:31" hostname="APS00087715-MB" time="0.23">
  <properties/>
  <testcase name="Should create flux from buffered file lines" classname="mw.chat.reactor.fileservice.FluxFileReaderTest" time="0.23"/>
  <system-out><![CDATA[21:41:31.730 [Test worker] DEBUG reactor.util.Loggers - Using Slf4j logging framework
 Received : line 0
 Received : line 1
 Received : line 2
 Received : line 3
 Received : line 4
 Received : line 5
 Received : line 6
 Received : line 7
 Received : line 8
 Received : line 9
 Received : line 10
 Received : line 11
 Received : line 12
 Received : line 13
 Received : line 14
 Received : line 15
 Received : line 16
 Received : line 17
 Received : line 18
 Received : line 19
 Received : line 20
 Received : line 21
 Received : line 22
 Received : line 23
 Received : line 24
 Received : line 25
 Received : line 26
 Received : line 27
 Received : line 28
 Received : line 29
 Received : line 30
 Received : line 31
 Received : line 32
 Received : line 33
 Received : line 34
 Received : line 35
 Received : line 36
 Received : line 37
 Received : line 38
 Received : line 39
 Received : line 40
 Received : line 41
 Received : line 42
 Received : line 43
 Received : line 44
 Received : line 45
 Received : line 46
 Received : line 47
 Received : line 48
 Received : line 49
 Received : line 50
 Received : line 51
 Received : line 52
 Received : line 53
 Received : line 54
 Received : line 55
 Received : line 56
 Received : line 57
 Received : line 58
 Received : line 59
 Received : line 60
 Received : line 61
 Received : line 62
 Received : line 63
 Received : line 64
 Received : line 65
 Received : line 66
 Received : line 67
 Received : line 68
 Received : line 69
 Received : line 70
 Received : line 71
 Received : line 72
 Received : line 73
 Received : line 74
 Received : line 75
 Received : line 76
 Received : line 77
 Received : line 78
 Received : line 79
 Received : line 80
 Received : line 81
 Received : line 82
 Received : line 83
 Received : line 84
 Received : line 85
 Received : line 86
 Received : line 87
 Received : line 88
 Received : line 89
 Received : line 90
 Received : line 91
 Received : line 92
 Received : line 93
 Received : line 94
 Received : line 95
 Received : line 96
 Received : line 97
 Received : line 98
 Received : line 99
 Received : line 100
 Received : line 101
 Received : line 102
 Received : line 103
 Received : line 104
 Received : line 105
 Received : line 106
 Received : line 107
 Received : line 108
 Received : line 109
 Received : line 110
 Received : line 111
 Received : line 112
 Received : line 113
 Received : line 114
 Received : line 115
 Received : line 116
 Received : line 117
 Received : line 118
 Received : line 119
 Received : line 120
 Received : line 121
 Received : line 122
 Received : line 123
 Received : line 124
 Received : line 125
 Received : line 126
 Received : line 127
 Received : line 128
 Received : line 129
 Received : line 130
 Received : line 131
 Received : line 132
 Received : line 133
 Received : line 134
 Received : line 135
 Received : line 136
 Received : line 137
 Received : line 138
 Received : line 139
 Received : line 140
 Received : line 141
 Received : line 142
 Received : line 143
 Received : line 144
 Received : line 145
 Received : line 146
 Received : line 147
 Received : line 148
 Received : line 149
 Received : line 150
 Received : line 151
 Received : line 152
 Received : line 153
 Received : line 154
 Received : line 155
 Received : line 156
 Received : line 157
 Received : line 158
 Received : line 159
 Received : line 160
 Received : line 161
 Received : line 162
 Received : line 163
 Received : line 164
 Received : line 165
 Received : line 166
 Received : line 167
 Received : line 168
 Received : line 169
 Received : line 170
 Received : line 171
 Received : line 172
 Received : line 173
 Received : line 174
 Received : line 175
 Received : line 176
 Received : line 177
 Received : line 178
 Received : line 179
 Received : line 180
 Received : line 181
 Received : line 182
 Received : line 183
 Received : line 184
 Received : line 185
 Received : line 186
 Received : line 187
 Received : line 188
 Received : line 189
 Received : line 190
 Received : line 191
 Received : line 192
 Received : line 193
 Received : line 194
 Received : line 195
 Received : line 196
 Received : line 197
 Received : line 198
 Received : line 199
 Received : line 200
 Received : line 201
 Received : line 202
 Received : line 203
 Received : line 204
 Received : line 205
 Received : line 206
 Received : line 207
 Received : line 208
 Received : line 209
 Received : line 210
 Received : line 211
 Received : line 212
 Received : line 213
 Received : line 214
 Received : line 215
 Received : line 216
 Received : line 217
 Received : line 218
 Received : line 219
 Received : line 220
 Received : line 221
 Received : line 222
 Received : line 223
 Received : line 224
 Received : line 225
 Received : line 226
 Received : line 227
 Received : line 228
 Received : line 229
 Received : line 230
 Received : line 231
 Received : line 232
 Received : line 233
 Received : line 234
 Received : line 235
 Received : line 236
 Received : line 237
 Received : line 238
 Received : line 239
 Received : line 240
 Received : line 241
 Received : line 242
 Received : line 243
 Received : line 244
 Received : line 245
 Received : line 246
 Received : line 247
 Received : line 248
 Received : line 249
 Received : line 250
 Received : line 251
 Received : line 252
 Received : line 253
 Received : line 254
 Received : line 255
 Received : line 256
 Received : line 257
 Received : line 258
 Received : line 259
 Received : line 260
 Received : line 261
 Received : line 262
 Received : line 263
 Received : line 264
 Received : line 265
 Received : line 266
 Received : line 267
 Received : line 268
 Received : line 269
 Received : line 270
 Received : line 271
 Received : line 272
 Received : line 273
 Received : line 274
 Received : line 275
 Received : line 276
 Received : line 277
 Received : line 278
 Received : line 279
 Received : line 280
 Received : line 281
 Received : line 282
 Received : line 283
 Received : line 284
 Received : line 285
 Received : line 286
 Received : line 287
 Received : line 288
 Received : line 289
 Received : line 290
 Received : line 291
 Received : line 292
 Received : line 293
 Received : line 294
 Received : line 295
 Received : line 296
 Received : line 297
 Received : line 298
 Received : line 299
 Received : line 300
 Received : line 301
 Received : line 302
 Received : line 303
 Received : line 304
 Received : line 305
 Received : line 306
 Received : line 307
 Received : line 308
 Received : line 309
 Received : line 310
 Received : line 311
 Received : line 312
 Received : line 313
 Received : line 314
 Received : line 315
 Received : line 316
 Received : line 317
 Received : line 318
 Received : line 319
 Received : line 320
 Received : line 321
 Received : line 322
 Received : line 323
 Received : line 324
 Received : line 325
 Received : line 326
 Received : line 327
 Received : line 328
 Received : line 329
 Received : line 330
 Received : line 331
 Received : line 332
 Received : line 333
 Received : line 334
 Received : line 335
 Received : line 336
 Received : line 337
 Received : line 338
 Received : line 339
 Received : line 340
 Received : line 341
 Received : line 342
 Received : line 343
 Received : line 344
 Received : line 345
 Received : line 346
 Received : line 347
 Received : line 348
 Received : line 349
 Received : line 350
 Received : line 351
 Received : line 352
 Received : line 353
 Received : line 354
 Received : line 355
 Received : line 356
 Received : line 357
 Received : line 358
 Received : line 359
 Received : line 360
 Received : line 361
 Received : line 362
 Received : line 363
 Received : line 364
 Received : line 365
 Received : line 366
 Received : line 367
 Received : line 368
 Received : line 369
 Received : line 370
 Received : line 371
 Received : line 372
 Received : line 373
 Received : line 374
 Received : line 375
 Received : line 376
 Received : line 377
 Received : line 378
 Received : line 379
 Received : line 380
 Received : line 381
 Received : line 382
 Received : line 383
 Received : line 384
 Received : line 385
 Received : line 386
 Received : line 387
 Received : line 388
 Received : line 389
 Received : line 390
 Received : line 391
 Received : line 392
 Received : line 393
 Received : line 394
 Received : line 395
 Received : line 396
 Received : line 397
 Received : line 398
 Received : line 399
 Received : line 400
 Received : line 401
 Received : line 402
 Received : line 403
 Received : line 404
 Received : line 405
 Received : line 406
 Received : line 407
 Received : line 408
 Received : line 409
 Received : line 410
 Received : line 411
 Received : line 412
 Received : line 413
 Received : line 414
 Received : line 415
 Received : line 416
 Received : line 417
 Received : line 418
 Received : line 419
 Received : line 420
 Received : line 421
 Received : line 422
 Received : line 423
 Received : line 424
 Received : line 425
 Received : line 426
 Received : line 427
 Received : line 428
 Received : line 429
 Received : line 430
 Received : line 431
 Received : line 432
 Received : line 433
 Received : line 434
 Received : line 435
 Received : line 436
 Received : line 437
 Received : line 438
 Received : line 439
 Received : line 440
 Received : line 441
 Received : line 442
 Received : line 443
 Received : line 444
 Received : line 445
 Received : line 446
 Received : line 447
 Received : line 448
 Received : line 449
 Received : line 450
 Received : line 451
 Received : line 452
 Received : line 453
 Received : line 454
 Received : line 455
 Received : line 456
 Received : line 457
 Received : line 458
 Received : line 459
 Received : line 460
 Received : line 461
 Received : line 462
 Received : line 463
 Received : line 464
 Received : line 465
 Received : line 466
 Received : line 467
 Received : line 468
 Received : line 469
 Received : line 470
 Received : line 471
 Received : line 472
 Received : line 473
 Received : line 474
 Received : line 475
 Received : line 476
 Received : line 477
 Received : line 478
 Received : line 479
 Received : line 480
 Received : line 481
 Received : line 482
 Received : line 483
 Received : line 484
 Received : line 485
 Received : line 486
 Received : line 487
 Received : line 488
 Received : line 489
 Received : line 490
 Received : line 491
 Received : line 492
 Received : line 493
 Received : line 494
 Received : line 495
 Received : line 496
 Received : line 497
 Received : line 498
 Received : line 499
 Received : line 500
 Received : line 501
 Received : line 502
 Received : line 503
 Received : line 504
 Received : line 505
 Received : line 506
 Received : line 507
 Received : line 508
 Received : line 509
 Received : line 510
 Received : line 511
 Received : line 512
 Received : line 513
 Received : line 514
 Received : line 515
 Received : line 516
 Received : line 517
 Received : line 518
 Received : line 519
 Received : line 520
 Received : line 521
 Received : line 522
 Received : line 523
 Received : line 524
 Received : line 525
 Received : line 526
 Received : line 527
 Received : line 528
 Received : line 529
 Received : line 530
 Received : line 531
 Received : line 532
 Received : line 533
 Received : line 534
 Received : line 535
 Received : line 536
 Received : line 537
 Received : line 538
 Received : line 539
 Received : line 540
 Received : line 541
 Received : line 542
 Received : line 543
 Received : line 544
 Received : line 545
 Received : line 546
 Received : line 547
 Received : line 548
 Received : line 549
 Received : line 550
 Received : line 551
 Received : line 552
 Received : line 553
 Received : line 554
 Received : line 555
 Received : line 556
 Received : line 557
 Received : line 558
 Received : line 559
 Received : line 560
 Received : line 561
 Received : line 562
 Received : line 563
 Received : line 564
 Received : line 565
 Received : line 566
 Received : line 567
 Received : line 568
 Received : line 569
 Received : line 570
 Received : line 571
 Received : line 572
 Received : line 573
 Received : line 574
 Received : line 575
 Received : line 576
 Received : line 577
 Received : line 578
 Received : line 579
 Received : line 580
 Received : line 581
 Received : line 582
 Received : line 583
 Received : line 584
 Received : line 585
 Received : line 586
 Received : line 587
 Received : line 588
 Received : line 589
 Received : line 590
 Received : line 591
 Received : line 592
 Received : line 593
 Received : line 594
 Received : line 595
 Received : line 596
 Received : line 597
 Received : line 598
 Received : line 599
 Received : line 600
 Received : line 601
 Received : line 602
 Received : line 603
 Received : line 604
 Received : line 605
 Received : line 606
 Received : line 607
 Received : line 608
 Received : line 609
 Received : line 610
 Received : line 611
 Received : line 612
 Received : line 613
 Received : line 614
 Received : line 615
 Received : line 616
 Received : line 617
 Received : line 618
 Received : line 619
 Received : line 620
 Received : line 621
 Received : line 622
 Received : line 623
 Received : line 624
 Received : line 625
 Received : line 626
 Received : line 627
 Received : line 628
 Received : line 629
 Received : line 630
 Received : line 631
 Received : line 632
 Received : line 633
 Received : line 634
 Received : line 635
 Received : line 636
 Received : line 637
 Received : line 638
 Received : line 639
 Received : line 640
 Received : line 641
 Received : line 642
 Received : line 643
 Received : line 644
 Received : line 645
 Received : line 646
 Received : line 647
 Received : line 648
 Received : line 649
 Received : line 650
 Received : line 651
 Received : line 652
 Received : line 653
 Received : line 654
 Received : line 655
 Received : line 656
 Received : line 657
 Received : line 658
 Received : line 659
 Received : line 660
 Received : line 661
 Received : line 662
 Received : line 663
 Received : line 664
 Received : line 665
 Received : line 666
 Received : line 667
 Received : line 668
 Received : line 669
 Received : line 670
 Received : line 671
 Received : line 672
 Received : line 673
 Received : line 674
 Received : line 675
 Received : line 676
 Received : line 677
 Received : line 678
 Received : line 679
 Received : line 680
 Received : line 681
 Received : line 682
 Received : line 683
 Received : line 684
 Received : line 685
 Received : line 686
 Received : line 687
 Received : line 688
 Received : line 689
 Received : line 690
 Received : line 691
 Received : line 692
 Received : line 693
 Received : line 694
 Received : line 695
 Received : line 696
 Received : line 697
 Received : line 698
 Received : line 699
 Received : line 700
 Received : line 701
 Received : line 702
 Received : line 703
 Received : line 704
 Received : line 705
 Received : line 706
 Received : line 707
 Received : line 708
 Received : line 709
 Received : line 710
 Received : line 711
 Received : line 712
 Received : line 713
 Received : line 714
 Received : line 715
 Received : line 716
 Received : line 717
 Received : line 718
 Received : line 719
 Received : line 720
 Received : line 721
 Received : line 722
 Received : line 723
 Received : line 724
 Received : line 725
 Received : line 726
 Received : line 727
 Received : line 728
 Received : line 729
 Received : line 730
 Received : line 731
 Received : line 732
 Received : line 733
 Received : line 734
 Received : line 735
 Received : line 736
 Received : line 737
 Received : line 738
 Received : line 739
 Received : line 740
 Received : line 741
 Received : line 742
 Received : line 743
 Received : line 744
 Received : line 745
 Received : line 746
 Received : line 747
 Received : line 748
 Received : line 749
 Received : line 750
 Received : line 751
 Received : line 752
 Received : line 753
 Received : line 754
 Received : line 755
 Received : line 756
 Received : line 757
 Received : line 758
 Received : line 759
 Received : line 760
 Received : line 761
 Received : line 762
 Received : line 763
 Received : line 764
 Received : line 765
 Received : line 766
 Received : line 767
 Received : line 768
 Received : line 769
 Received : line 770
 Received : line 771
 Received : line 772
 Received : line 773
 Received : line 774
 Received : line 775
 Received : line 776
 Received : line 777
 Received : line 778
 Received : line 779
 Received : line 780
 Received : line 781
 Received : line 782
 Received : line 783
 Received : line 784
 Received : line 785
 Received : line 786
 Received : line 787
 Received : line 788
 Received : line 789
 Received : line 790
 Received : line 791
 Received : line 792
 Received : line 793
 Received : line 794
 Received : line 795
 Received : line 796
 Received : line 797
 Received : line 798
 Received : line 799
 Received : line 800
 Received : line 801
 Received : line 802
 Received : line 803
 Received : line 804
 Received : line 805
 Received : line 806
 Received : line 807
 Received : line 808
 Received : line 809
 Received : line 810
 Received : line 811
 Received : line 812
 Received : line 813
 Received : line 814
 Received : line 815
 Received : line 816
 Received : line 817
 Received : line 818
 Received : line 819
 Received : line 820
 Received : line 821
 Received : line 822
 Received : line 823
 Received : line 824
 Received : line 825
 Received : line 826
 Received : line 827
 Received : line 828
 Received : line 829
 Received : line 830
 Received : line 831
 Received : line 832
 Received : line 833
 Received : line 834
 Received : line 835
 Received : line 836
 Received : line 837
 Received : line 838
 Received : line 839
 Received : line 840
 Received : line 841
 Received : line 842
 Received : line 843
 Received : line 844
 Received : line 845
 Received : line 846
 Received : line 847
 Received : line 848
 Received : line 849
 Received : line 850
 Received : line 851
 Received : line 852
 Received : line 853
 Received : line 854
 Received : line 855
 Received : line 856
 Received : line 857
 Received : line 858
 Received : line 859
 Received : line 860
 Received : line 861
 Received : line 862
 Received : line 863
 Received : line 864
 Received : line 865
 Received : line 866
 Received : line 867
 Received : line 868
 Received : line 869
 Received : line 870
 Received : line 871
 Received : line 872
 Received : line 873
 Received : line 874
 Received : line 875
 Received : line 876
 Received : line 877
 Received : line 878
 Received : line 879
 Received : line 880
 Received : line 881
 Received : line 882
 Received : line 883
 Received : line 884
 Received : line 885
 Received : line 886
 Received : line 887
 Received : line 888
 Received : line 889
 Received : line 890
 Received : line 891
 Received : line 892
 Received : line 893
 Received : line 894
 Received : line 895
 Received : line 896
 Received : line 897
 Received : line 898
 Received : line 899
 Received : line 900
 Received : line 901
 Received : line 902
 Received : line 903
 Received : line 904
 Received : line 905
 Received : line 906
 Received : line 907
 Received : line 908
 Received : line 909
 Received : line 910
 Received : line 911
 Received : line 912
 Received : line 913
 Received : line 914
 Received : line 915
 Received : line 916
 Received : line 917
 Received : line 918
 Received : line 919
 Received : line 920
 Received : line 921
 Received : line 922
 Received : line 923
 Received : line 924
 Received : line 925
 Received : line 926
 Received : line 927
 Received : line 928
 Received : line 929
 Received : line 930
 Received : line 931
 Received : line 932
 Received : line 933
 Received : line 934
 Received : line 935
 Received : line 936
 Received : line 937
 Received : line 938
 Received : line 939
 Received : line 940
 Received : line 941
 Received : line 942
 Received : line 943
 Received : line 944
 Received : line 945
 Received : line 946
 Received : line 947
 Received : line 948
 Received : line 949
 Received : line 950
 Received : line 951
 Received : line 952
 Received : line 953
 Received : line 954
 Received : line 955
 Received : line 956
 Received : line 957
 Received : line 958
 Received : line 959
 Received : line 960
 Received : line 961
 Received : line 962
 Received : line 963
 Received : line 964
 Received : line 965
 Received : line 966
 Received : line 967
 Received : line 968
 Received : line 969
 Received : line 970
 Received : line 971
 Received : line 972
 Received : line 973
 Received : line 974
 Received : line 975
 Received : line 976
 Received : line 977
 Received : line 978
 Received : line 979
 Received : line 980
 Received : line 981
 Received : line 982
 Received : line 983
 Received : line 984
 Received : line 985
 Received : line 986
 Received : line 987
 Received : line 988
 Received : line 989
 Received : line 990
 Received : line 991
 Received : line 992
 Received : line 993
 Received : line 994
 Received : line 995
 Received : line 996
 Received : line 997
 Received : line 998
 Received : line 999
 Completed
]]></system-out>
  <system-err><![CDATA[]]></system-err>
</testsuite>
