<?xml version="1.0" encoding="UTF-8"?>
<testsuite name="mw.chat.reactor.threading.PublishOnOperatorTest" tests="1" skipped="0" failures="0" errors="0" timestamp="2021-05-25T14:01:13" hostname="APS00087715-MB" time="0.104">
  <properties/>
  <testcase name="Should switch threadpool after publish on operator" classname="mw.chat.reactor.threading.PublishOnOperatorTest" time="0.104"/>
  <system-out><![CDATA[16:01:13.376 [Test worker] DEBUG reactor.util.Loggers - Using Slf4j logging framework
16:01:13.404 [Test worker] INFO mw.chat.reactor.threading.PublishOnOperatorTest - Test worker=>create
16:01:13.405 [Test worker] INFO mw.chat.reactor.threading.PublishOnOperatorTest - Test worker=>first
16:01:13.405 [boundedElastic-1] INFO mw.chat.reactor.threading.PublishOnOperatorTest - boundedElastic-1=>second
16:01:13.405 [boundedElastic-1] INFO mw.chat.reactor.threading.PublishOnOperatorTest - boundedElastic-1=>subscribed
]]></system-out>
  <system-err><![CDATA[]]></system-err>
</testsuite>
